#! /c/Source/iverilog-install/bin/vvp
:ivl_version "12.0 (devel)" "(s20150603-1539-g2693dd32b)";
:ivl_delay_selection "TYPICAL";
:vpi_time_precision - 12;
:vpi_module "C:\iverilog\lib\ivl\system.vpi";
:vpi_module "C:\iverilog\lib\ivl\vhdl_sys.vpi";
:vpi_module "C:\iverilog\lib\ivl\vhdl_textio.vpi";
:vpi_module "C:\iverilog\lib\ivl\v2005_math.vpi";
:vpi_module "C:\iverilog\lib\ivl\va_math.vpi";
S_000001ce44c15010 .scope module, "pe_tb" "pe_tb" 2 10;
 .timescale -9 -12;
P_000001ce44b98770 .param/l "ACC_WIDTH" 0 2 14, +C4<00000000000000000000000000100000>;
P_000001ce44b987a8 .param/l "DATA_WIDTH" 0 2 13, +C4<00000000000000000000000000001000>;
v000001ce44ca84b0_0 .var "acc_clear", 0 0;
v000001ce44ca9b30_0 .var/s "act_in", 7 0;
v000001ce44ca8370_0 .net/s "act_out", 7 0, v000001ce44c546b0_0;  1 drivers
v000001ce44ca99f0_0 .var "clk", 0 0;
v000001ce44ca9bd0_0 .var "clk_en", 0 0;
v000001ce44ca9a90_0 .var/i "fail_count", 31 0;
v000001ce44ca9c70_0 .var/i "pass_count", 31 0;
v000001ce44ca9d10_0 .var/s "psum_in", 31 0;
v000001ce44ca8550_0 .net/s "psum_out", 31 0, v000001ce44ca8730_0;  1 drivers
v000001ce44ca85f0_0 .net/s "result_raw", 31 0, L_000001ce44bdf500;  1 drivers
v000001ce44ca87d0_0 .net/s "result_sat", 7 0, L_000001ce44ca9e50;  1 drivers
v000001ce44ca9950_0 .var "rst_n", 0 0;
v000001ce44ca9630_0 .var/s "weight_in", 7 0;
v000001ce44ca96d0_0 .var "weight_load", 0 0;
S_000001ce44c15c90 .scope task, "apply_act" "apply_act" 2 116, 2 116 0, S_000001ce44c15010;
 .timescale -9 -12;
v000001ce44c53fd0_0 .var/s "a", 7 0;
E_000001ce44c4e170 .event posedge, v000001ce44ca9590_0;
TD_pe_tb.apply_act ;
    %load/vec4 v000001ce44c53fd0_0;
    %store/vec4 v000001ce44ca9b30_0, 0, 8;
    %wait E_000001ce44c4e170;
    %delay 1000, 0;
    %end;
S_000001ce44c15970 .scope task, "check" "check" 2 60, 2 60 0, S_000001ce44c15010;
 .timescale -9 -12;
v000001ce44c53a30_0 .var/i "a", 31 0;
v000001ce44c54890_0 .var/s "actual", 31 0;
v000001ce44c54070_0 .var/i "e", 31 0;
v000001ce44c53e90_0 .var/s "expected", 31 0;
v000001ce44c54250_0 .var "name", 639 0;
TD_pe_tb.check ;
    %load/vec4 v000001ce44c53e90_0;
    %store/vec4 v000001ce44c54070_0, 0, 32;
    %load/vec4 v000001ce44c54890_0;
    %store/vec4 v000001ce44c53a30_0, 0, 32;
    %load/vec4 v000001ce44c53e90_0;
    %load/vec4 v000001ce44c54890_0;
    %cmp/e;
    %jmp/0xz  T_1.0, 6;
    %vpi_call 2 68 "$display", "[PASS] %0s : expected %0d, got %0d", v000001ce44c54250_0, v000001ce44c54070_0, v000001ce44c53a30_0 {0 0 0};
    %load/vec4 v000001ce44ca9c70_0;
    %addi 1, 0, 32;
    %store/vec4 v000001ce44ca9c70_0, 0, 32;
    %jmp T_1.1;
T_1.0 ;
    %vpi_call 2 71 "$display", "[FAIL] %0s : expected %0d, got %0d", v000001ce44c54250_0, v000001ce44c54070_0, v000001ce44c53a30_0 {0 0 0};
    %load/vec4 v000001ce44ca9a90_0;
    %addi 1, 0, 32;
    %store/vec4 v000001ce44ca9a90_0, 0, 32;
T_1.1 ;
    %end;
S_000001ce44c15330 .scope task, "check8" "check8" 2 78, 2 78 0, S_000001ce44c15010;
 .timescale -9 -12;
v000001ce44c53ad0_0 .var/i "a", 31 0;
v000001ce44c54750_0 .var/s "actual", 7 0;
v000001ce44c54930_0 .var/i "e", 31 0;
v000001ce44c547f0_0 .var/s "expected", 7 0;
v000001ce44c53b70_0 .var "name", 639 0;
TD_pe_tb.check8 ;
    %load/vec4 v000001ce44c547f0_0;
    %pad/s 32;
    %store/vec4 v000001ce44c54930_0, 0, 32;
    %load/vec4 v000001ce44c54750_0;
    %pad/s 32;
    %store/vec4 v000001ce44c53ad0_0, 0, 32;
    %load/vec4 v000001ce44c547f0_0;
    %load/vec4 v000001ce44c54750_0;
    %cmp/e;
    %jmp/0xz  T_2.2, 6;
    %vpi_call 2 86 "$display", "[PASS] %0s : expected %0d, got %0d", v000001ce44c53b70_0, v000001ce44c54930_0, v000001ce44c53ad0_0 {0 0 0};
    %load/vec4 v000001ce44ca9c70_0;
    %addi 1, 0, 32;
    %store/vec4 v000001ce44ca9c70_0, 0, 32;
    %jmp T_2.3;
T_2.2 ;
    %vpi_call 2 89 "$display", "[FAIL] %0s : expected %0d, got %0d", v000001ce44c53b70_0, v000001ce44c54930_0, v000001ce44c53ad0_0 {0 0 0};
    %load/vec4 v000001ce44ca9a90_0;
    %addi 1, 0, 32;
    %store/vec4 v000001ce44ca9a90_0, 0, 32;
T_2.3 ;
    %end;
S_000001ce44c15b00 .scope task, "clear_acc" "clear_acc" 2 108, 2 108 0, S_000001ce44c15010;
 .timescale -9 -12;
TD_pe_tb.clear_acc ;
    %pushi/vec4 1, 0, 1;
    %store/vec4 v000001ce44ca84b0_0, 0, 1;
    %wait E_000001ce44c4e170;
    %delay 1000, 0;
    %pushi/vec4 0, 0, 1;
    %store/vec4 v000001ce44ca84b0_0, 0, 1;
    %end;
S_000001ce44c14e80 .scope module, "dut" "pe" 2 38, 3 16 0, S_000001ce44c15010;
 .timescale 0 0;
    .port_info 0 /INPUT 1 "clk";
    .port_info 1 /INPUT 1 "rst_n";
    .port_info 2 /INPUT 1 "clk_en";
    .port_info 3 /INPUT 1 "weight_load";
    .port_info 4 /INPUT 8 "weight_in";
    .port_info 5 /INPUT 1 "acc_clear";
    .port_info 6 /INPUT 8 "act_in";
    .port_info 7 /INPUT 32 "psum_in";
    .port_info 8 /OUTPUT 8 "act_out";
    .port_info 9 /OUTPUT 32 "psum_out";
    .port_info 10 /OUTPUT 32 "result_raw";
    .port_info 11 /OUTPUT 8 "result_sat";
P_000001ce44c0f1c0 .param/l "ACC_WIDTH" 0 3 18, +C4<00000000000000000000000000100000>;
P_000001ce44c0f1f8 .param/l "DATA_WIDTH" 0 3 17, +C4<00000000000000000000000000001000>;
P_000001ce44c0f230 .param/l "SAT_MAX" 1 3 43, +C4<00000000000000000000000001111111>;
P_000001ce44c0f268 .param/l "SAT_MIN" 1 3 44, +C4<11111111111111111111111110000000>;
L_000001ce44bdf500 .functor BUFZ 32, v000001ce44c54430_0, C4<00000000000000000000000000000000>, C4<00000000000000000000000000000000>, C4<00000000000000000000000000000000>;
v000001ce44c53c10_0 .net/s *"_ivl_0", 31 0, L_000001ce44ca91d0;  1 drivers
v000001ce44c54570_0 .net *"_ivl_10", 0 0, L_000001ce44ca8410;  1 drivers
L_000001ce44cab110 .functor BUFT 1, C4<01111111>, C4<0>, C4<0>, C4<0>;
v000001ce44c53f30_0 .net/2u *"_ivl_12", 7 0, L_000001ce44cab110;  1 drivers
L_000001ce44cab158 .functor BUFT 1, C4<11111111111111111111111110000000>, C4<0>, C4<0>, C4<0>;
v000001ce44c53cb0_0 .net/2s *"_ivl_14", 31 0, L_000001ce44cab158;  1 drivers
v000001ce44c54390_0 .net *"_ivl_16", 0 0, L_000001ce44ca9f90;  1 drivers
L_000001ce44cab1a0 .functor BUFT 1, C4<10000000>, C4<0>, C4<0>, C4<0>;
v000001ce44c54110_0 .net/2u *"_ivl_18", 7 0, L_000001ce44cab1a0;  1 drivers
v000001ce44c542f0_0 .net/s *"_ivl_2", 31 0, L_000001ce44ca9db0;  1 drivers
v000001ce44c53df0_0 .net *"_ivl_21", 7 0, L_000001ce44ca8cd0;  1 drivers
v000001ce44c53d50_0 .net *"_ivl_22", 7 0, L_000001ce44ca9770;  1 drivers
L_000001ce44cab0c8 .functor BUFT 1, C4<00000000000000000000000001111111>, C4<0>, C4<0>, C4<0>;
v000001ce44c541b0_0 .net/2s *"_ivl_8", 31 0, L_000001ce44cab0c8;  1 drivers
v000001ce44c54610_0 .net "acc_clear", 0 0, v000001ce44ca84b0_0;  1 drivers
v000001ce44c54430_0 .var/s "acc_reg", 31 0;
v000001ce44c544d0_0 .net/s "act_in", 7 0, v000001ce44ca9b30_0;  1 drivers
v000001ce44c546b0_0 .var/s "act_out", 7 0;
v000001ce44ca9590_0 .net "clk", 0 0, v000001ce44ca99f0_0;  1 drivers
v000001ce44ca8eb0_0 .net "clk_en", 0 0, v000001ce44ca9bd0_0;  1 drivers
v000001ce44ca8c30_0 .net/s "product", 31 0, L_000001ce44ca98b0;  1 drivers
v000001ce44ca8230_0 .net/s "psum_in", 31 0, v000001ce44ca9d10_0;  1 drivers
v000001ce44ca8730_0 .var/s "psum_out", 31 0;
v000001ce44ca9810_0 .net/s "result_raw", 31 0, L_000001ce44bdf500;  alias, 1 drivers
v000001ce44ca8910_0 .net/s "result_sat", 7 0, L_000001ce44ca9e50;  alias, 1 drivers
v000001ce44ca93b0_0 .net "rst_n", 0 0, v000001ce44ca9950_0;  1 drivers
v000001ce44ca89b0_0 .net/s "weight_in", 7 0, v000001ce44ca9630_0;  1 drivers
v000001ce44ca9ef0_0 .net "weight_load", 0 0, v000001ce44ca96d0_0;  1 drivers
v000001ce44ca82d0_0 .var/s "weight_reg", 7 0;
L_000001ce44ca91d0 .extend/s 32, v000001ce44ca82d0_0;
L_000001ce44ca9db0 .extend/s 32, v000001ce44ca9b30_0;
L_000001ce44ca98b0 .arith/mult 32, L_000001ce44ca91d0, L_000001ce44ca9db0;
L_000001ce44ca8410 .cmp/gt.s 32, v000001ce44c54430_0, L_000001ce44cab0c8;
L_000001ce44ca9f90 .cmp/gt.s 32, L_000001ce44cab158, v000001ce44c54430_0;
L_000001ce44ca8cd0 .part v000001ce44c54430_0, 0, 8;
L_000001ce44ca9770 .functor MUXZ 8, L_000001ce44ca8cd0, L_000001ce44cab1a0, L_000001ce44ca9f90, C4<>;
L_000001ce44ca9e50 .functor MUXZ 8, L_000001ce44ca9770, L_000001ce44cab110, L_000001ce44ca8410, C4<>;
S_000001ce44c151a0 .scope task, "load_weight" "load_weight" 2 97, 2 97 0, S_000001ce44c15010;
 .timescale -9 -12;
v000001ce44ca9270_0 .var/s "w", 7 0;
TD_pe_tb.load_weight ;
    %pushi/vec4 1, 0, 1;
    %store/vec4 v000001ce44ca96d0_0, 0, 1;
    %load/vec4 v000001ce44ca9270_0;
    %store/vec4 v000001ce44ca9630_0, 0, 8;
    %wait E_000001ce44c4e170;
    %delay 1000, 0;
    %pushi/vec4 0, 0, 1;
    %store/vec4 v000001ce44ca96d0_0, 0, 1;
    %pushi/vec4 0, 0, 8;
    %store/vec4 v000001ce44ca9630_0, 0, 8;
    %end;
    .scope S_000001ce44c14e80;
T_5 ;
    %wait E_000001ce44c4e170;
    %load/vec4 v000001ce44ca93b0_0;
    %nor/r;
    %flag_set/vec4 8;
    %jmp/0xz  T_5.0, 8;
    %pushi/vec4 0, 0, 8;
    %assign/vec4 v000001ce44ca82d0_0, 0;
    %jmp T_5.1;
T_5.0 ;
    %load/vec4 v000001ce44ca8eb0_0;
    %flag_set/vec4 9;
    %flag_get/vec4 9;
    %jmp/0 T_5.4, 9;
    %load/vec4 v000001ce44ca9ef0_0;
    %and;
T_5.4;
    %flag_set/vec4 8;
    %jmp/0xz  T_5.2, 8;
    %load/vec4 v000001ce44ca89b0_0;
    %assign/vec4 v000001ce44ca82d0_0, 0;
T_5.2 ;
T_5.1 ;
    %jmp T_5;
    .thread T_5;
    .scope S_000001ce44c14e80;
T_6 ;
    %wait E_000001ce44c4e170;
    %load/vec4 v000001ce44ca93b0_0;
    %nor/r;
    %flag_set/vec4 8;
    %jmp/0xz  T_6.0, 8;
    %pushi/vec4 0, 0, 32;
    %assign/vec4 v000001ce44c54430_0, 0;
    %jmp T_6.1;
T_6.0 ;
    %load/vec4 v000001ce44ca8eb0_0;
    %flag_set/vec4 8;
    %jmp/0xz  T_6.2, 8;
    %load/vec4 v000001ce44c54610_0;
    %flag_set/vec4 8;
    %jmp/0xz  T_6.4, 8;
    %pushi/vec4 0, 0, 32;
    %assign/vec4 v000001ce44c54430_0, 0;
    %jmp T_6.5;
T_6.4 ;
    %load/vec4 v000001ce44ca9ef0_0;
    %nor/r;
    %flag_set/vec4 8;
    %jmp/0xz  T_6.6, 8;
    %load/vec4 v000001ce44c54430_0;
    %load/vec4 v000001ce44ca8c30_0;
    %add;
    %assign/vec4 v000001ce44c54430_0, 0;
T_6.6 ;
T_6.5 ;
T_6.2 ;
T_6.1 ;
    %jmp T_6;
    .thread T_6;
    .scope S_000001ce44c14e80;
T_7 ;
    %wait E_000001ce44c4e170;
    %load/vec4 v000001ce44ca93b0_0;
    %nor/r;
    %flag_set/vec4 8;
    %jmp/0xz  T_7.0, 8;
    %pushi/vec4 0, 0, 8;
    %assign/vec4 v000001ce44c546b0_0, 0;
    %jmp T_7.1;
T_7.0 ;
    %load/vec4 v000001ce44ca8eb0_0;
    %flag_set/vec4 8;
    %jmp/0xz  T_7.2, 8;
    %load/vec4 v000001ce44c544d0_0;
    %assign/vec4 v000001ce44c546b0_0, 0;
T_7.2 ;
T_7.1 ;
    %jmp T_7;
    .thread T_7;
    .scope S_000001ce44c14e80;
T_8 ;
    %wait E_000001ce44c4e170;
    %load/vec4 v000001ce44ca93b0_0;
    %nor/r;
    %flag_set/vec4 8;
    %jmp/0xz  T_8.0, 8;
    %pushi/vec4 0, 0, 32;
    %assign/vec4 v000001ce44ca8730_0, 0;
    %jmp T_8.1;
T_8.0 ;
    %load/vec4 v000001ce44ca8eb0_0;
    %flag_set/vec4 9;
    %flag_get/vec4 9;
    %jmp/0 T_8.4, 9;
    %load/vec4 v000001ce44ca9ef0_0;
    %nor/r;
    %and;
T_8.4;
    %flag_set/vec4 8;
    %jmp/0xz  T_8.2, 8;
    %load/vec4 v000001ce44ca8230_0;
    %load/vec4 v000001ce44ca8c30_0;
    %add;
    %assign/vec4 v000001ce44ca8730_0, 0;
T_8.2 ;
T_8.1 ;
    %jmp T_8;
    .thread T_8;
    .scope S_000001ce44c15010;
T_9 ;
    %pushi/vec4 0, 0, 1;
    %store/vec4 v000001ce44ca99f0_0, 0, 1;
    %end;
    .thread T_9;
    .scope S_000001ce44c15010;
T_10 ;
    %delay 5000, 0;
    %load/vec4 v000001ce44ca99f0_0;
    %inv;
    %store/vec4 v000001ce44ca99f0_0, 0, 1;
    %jmp T_10;
    .thread T_10;
    .scope S_000001ce44c15010;
T_11 ;
    %vpi_call 2 126 "$display", "================================================" {0 0 0};
    %vpi_call 2 127 "$display", "  PE Directed Testbench  (Phase 1)" {0 0 0};
    %vpi_call 2 128 "$display", "================================================" {0 0 0};
    %pushi/vec4 0, 0, 32;
    %store/vec4 v000001ce44ca9c70_0, 0, 32;
    %pushi/vec4 0, 0, 32;
    %store/vec4 v000001ce44ca9a90_0, 0, 32;
    %pushi/vec4 1, 0, 1;
    %store/vec4 v000001ce44ca9bd0_0, 0, 1;
    %pushi/vec4 0, 0, 1;
    %store/vec4 v000001ce44ca96d0_0, 0, 1;
    %pushi/vec4 0, 0, 8;
    %store/vec4 v000001ce44ca9630_0, 0, 8;
    %pushi/vec4 0, 0, 1;
    %store/vec4 v000001ce44ca84b0_0, 0, 1;
    %pushi/vec4 0, 0, 8;
    %store/vec4 v000001ce44ca9b30_0, 0, 8;
    %pushi/vec4 0, 0, 32;
    %store/vec4 v000001ce44ca9d10_0, 0, 32;
    %pushi/vec4 0, 0, 1;
    %store/vec4 v000001ce44ca9950_0, 0, 1;
    %wait E_000001ce44c4e170;
    %delay 1000, 0;
    %wait E_000001ce44c4e170;
    %delay 1000, 0;
    %pushi/vec4 1, 0, 1;
    %store/vec4 v000001ce44ca9950_0, 0, 1;
    %wait E_000001ce44c4e170;
    %delay 1000, 0;
    %vpi_call 2 151 "$display", "\012--- T1: Basic MAC \342\200\224 single cycle ---" {0 0 0};
    %fork TD_pe_tb.clear_acc, S_000001ce44c15b00;
    %join;
    %pushi/vec4 5, 0, 8;
    %store/vec4 v000001ce44ca9270_0, 0, 8;
    %fork TD_pe_tb.load_weight, S_000001ce44c151a0;
    %join;
    %pushi/vec4 3, 0, 8;
    %store/vec4 v000001ce44c53fd0_0, 0, 8;
    %fork TD_pe_tb.apply_act, S_000001ce44c15c90;
    %join;
    %pushi/vec4 0, 0, 32; draw_string_vec4
    %pushi/vec4 0, 0, 32; draw_string_vec4
    %concat/vec4; draw_string_vec4
    %pushi/vec4 0, 0, 32; draw_string_vec4
    %concat/vec4; draw_string_vec4
    %pushi/vec4 0, 0, 32; draw_string_vec4
    %concat/vec4; draw_string_vec4
    %pushi/vec4 0, 0, 32; draw_string_vec4
    %concat/vec4; draw_string_vec4
    %pushi/vec4 0, 0, 32; draw_string_vec4
    %concat/vec4; draw_string_vec4
    %pushi/vec4 0, 0, 32; draw_string_vec4
    %concat/vec4; draw_string_vec4
    %pushi/vec4 0, 0, 32; draw_string_vec4
    %concat/vec4; draw_string_vec4
    %pushi/vec4 0, 0, 32; draw_string_vec4
    %concat/vec4; draw_string_vec4
    %pushi/vec4 0, 0, 32; draw_string_vec4
    %concat/vec4; draw_string_vec4
    %pushi/vec4 0, 0, 32; draw_string_vec4
    %concat/vec4; draw_string_vec4
    %pushi/vec4 0, 0, 32; draw_string_vec4
    %concat/vec4; draw_string_vec4
    %pushi/vec4 0, 0, 32; draw_string_vec4
    %concat/vec4; draw_string_vec4
    %pushi/vec4 0, 0, 32; draw_string_vec4
    %concat/vec4; draw_string_vec4
    %pushi/vec4 0, 0, 32; draw_string_vec4
    %concat/vec4; draw_string_vec4
    %pushi/vec4 21553, 0, 32; draw_string_vec4
    %concat/vec4; draw_string_vec4
    %pushi/vec4 544367987, 0, 32; draw_string_vec4
    %concat/vec4; draw_string_vec4
    %pushi/vec4 1970041951, 0, 32; draw_string_vec4
    %concat/vec4; draw_string_vec4
    %pushi/vec4 1918990112, 0, 32; draw_string_vec4
    %concat/vec4; draw_string_vec4
    %pushi/vec4 1025519925, 0, 32; draw_string_vec4
    %concat/vec4; draw_string_vec4
    %store/vec4 v000001ce44c54250_0, 0, 640;
    %pushi/vec4 15, 0, 32;
    %store/vec4 v000001ce44c53e90_0, 0, 32;
    %load/vec4 v000001ce44ca85f0_0;
    %store/vec4 v000001ce44c54890_0, 0, 32;
    %fork TD_pe_tb.check, S_000001ce44c15970;
    %join;
    %pushi/vec4 0, 0, 32; draw_string_vec4
    %pushi/vec4 0, 0, 32; draw_string_vec4
    %concat/vec4; draw_string_vec4
    %pushi/vec4 0, 0, 32; draw_string_vec4
    %concat/vec4; draw_string_vec4
    %pushi/vec4 0, 0, 32; draw_string_vec4
    %concat/vec4; draw_string_vec4
    %pushi/vec4 0, 0, 32; draw_string_vec4
    %concat/vec4; draw_string_vec4
    %pushi/vec4 0, 0, 32; draw_string_vec4
    %concat/vec4; draw_string_vec4
    %pushi/vec4 0, 0, 32; draw_string_vec4
    %concat/vec4; draw_string_vec4
    %pushi/vec4 0, 0, 32; draw_string_vec4
    %concat/vec4; draw_string_vec4
    %pushi/vec4 0, 0, 32; draw_string_vec4
    %concat/vec4; draw_string_vec4
    %pushi/vec4 0, 0, 32; draw_string_vec4
    %concat/vec4; draw_string_vec4
    %pushi/vec4 0, 0, 32; draw_string_vec4
    %concat/vec4; draw_string_vec4
    %pushi/vec4 0, 0, 32; draw_string_vec4
    %concat/vec4; draw_string_vec4
    %pushi/vec4 0, 0, 32; draw_string_vec4
    %concat/vec4; draw_string_vec4
    %pushi/vec4 0, 0, 32; draw_string_vec4
    %concat/vec4; draw_string_vec4
    %pushi/vec4 0, 0, 32; draw_string_vec4
    %concat/vec4; draw_string_vec4
    %pushi/vec4 21553, 0, 32; draw_string_vec4
    %concat/vec4; draw_string_vec4
    %pushi/vec4 544367987, 0, 32; draw_string_vec4
    %concat/vec4; draw_string_vec4
    %pushi/vec4 1970041951, 0, 32; draw_string_vec4
    %concat/vec4; draw_string_vec4
    %pushi/vec4 1935766560, 0, 32; draw_string_vec4
    %concat/vec4; draw_string_vec4
    %pushi/vec4 1025519925, 0, 32; draw_string_vec4
    %concat/vec4; draw_string_vec4
    %store/vec4 v000001ce44c53b70_0, 0, 640;
    %pushi/vec4 15, 0, 8;
    %store/vec4 v000001ce44c547f0_0, 0, 8;
    %load/vec4 v000001ce44ca87d0_0;
    %store/vec4 v000001ce44c54750_0, 0, 8;
    %fork TD_pe_tb.check8, S_000001ce44c15330;
    %join;
    %vpi_call 2 161 "$display", "\012--- T2: Multi-cycle accumulation ---" {0 0 0};
    %fork TD_pe_tb.clear_acc, S_000001ce44c15b00;
    %join;
    %pushi/vec4 7, 0, 8;
    %store/vec4 v000001ce44c53fd0_0, 0, 8;
    %fork TD_pe_tb.apply_act, S_000001ce44c15c90;
    %join;
    %pushi/vec4 0, 0, 32; draw_string_vec4
    %pushi/vec4 0, 0, 32; draw_string_vec4
    %concat/vec4; draw_string_vec4
    %pushi/vec4 0, 0, 32; draw_string_vec4
    %concat/vec4; draw_string_vec4
    %pushi/vec4 0, 0, 32; draw_string_vec4
    %concat/vec4; draw_string_vec4
    %pushi/vec4 0, 0, 32; draw_string_vec4
    %concat/vec4; draw_string_vec4
    %pushi/vec4 0, 0, 32; draw_string_vec4
    %concat/vec4; draw_string_vec4
    %pushi/vec4 0, 0, 32; draw_string_vec4
    %concat/vec4; draw_string_vec4
    %pushi/vec4 0, 0, 32; draw_string_vec4
    %concat/vec4; draw_string_vec4
    %pushi/vec4 0, 0, 32; draw_string_vec4
    %concat/vec4; draw_string_vec4
    %pushi/vec4 0, 0, 32; draw_string_vec4
    %concat/vec4; draw_string_vec4
    %pushi/vec4 0, 0, 32; draw_string_vec4
    %concat/vec4; draw_string_vec4
    %pushi/vec4 0, 0, 32; draw_string_vec4
    %concat/vec4; draw_string_vec4
    %pushi/vec4 0, 0, 32; draw_string_vec4
    %concat/vec4; draw_string_vec4
    %pushi/vec4 0, 0, 32; draw_string_vec4
    %concat/vec4; draw_string_vec4
    %pushi/vec4 1412571233, 0, 32; draw_string_vec4
    %concat/vec4; draw_string_vec4
    %pushi/vec4 1718904178, 0, 32; draw_string_vec4
    %concat/vec4; draw_string_vec4
    %pushi/vec4 543253364, 0, 32; draw_string_vec4
    %concat/vec4; draw_string_vec4
    %pushi/vec4 1027029536, 0, 32; draw_string_vec4
    %concat/vec4; draw_string_vec4
    %pushi/vec4 1918990112, 0, 32; draw_string_vec4
    %concat/vec4; draw_string_vec4
    %pushi/vec4 1025520437, 0, 32; draw_string_vec4
    %concat/vec4; draw_string_vec4
    %store/vec4 v000001ce44c54250_0, 0, 640;
    %pushi/vec4 35, 0, 32;
    %store/vec4 v000001ce44c53e90_0, 0, 32;
    %load/vec4 v000001ce44ca85f0_0;
    %store/vec4 v000001ce44c54890_0, 0, 32;
    %fork TD_pe_tb.check, S_000001ce44c15970;
    %join;
    %pushi/vec4 3, 0, 8;
    %store/vec4 v000001ce44c53fd0_0, 0, 8;
    %fork TD_pe_tb.apply_act, S_000001ce44c15c90;
    %join;
    %pushi/vec4 0, 0, 32; draw_string_vec4
    %pushi/vec4 0, 0, 32; draw_string_vec4
    %concat/vec4; draw_string_vec4
    %pushi/vec4 0, 0, 32; draw_string_vec4
    %concat/vec4; draw_string_vec4
    %pushi/vec4 0, 0, 32; draw_string_vec4
    %concat/vec4; draw_string_vec4
    %pushi/vec4 0, 0, 32; draw_string_vec4
    %concat/vec4; draw_string_vec4
    %pushi/vec4 0, 0, 32; draw_string_vec4
    %concat/vec4; draw_string_vec4
    %pushi/vec4 0, 0, 32; draw_string_vec4
    %concat/vec4; draw_string_vec4
    %pushi/vec4 0, 0, 32; draw_string_vec4
    %concat/vec4; draw_string_vec4
    %pushi/vec4 0, 0, 32; draw_string_vec4
    %concat/vec4; draw_string_vec4
    %pushi/vec4 0, 0, 32; draw_string_vec4
    %concat/vec4; draw_string_vec4
    %pushi/vec4 0, 0, 32; draw_string_vec4
    %concat/vec4; draw_string_vec4
    %pushi/vec4 0, 0, 32; draw_string_vec4
    %concat/vec4; draw_string_vec4
    %pushi/vec4 0, 0, 32; draw_string_vec4
    %concat/vec4; draw_string_vec4
    %pushi/vec4 0, 0, 32; draw_string_vec4
    %concat/vec4; draw_string_vec4
    %pushi/vec4 1412571233, 0, 32; draw_string_vec4
    %concat/vec4; draw_string_vec4
    %pushi/vec4 1718904178, 0, 32; draw_string_vec4
    %concat/vec4; draw_string_vec4
    %pushi/vec4 543253364, 0, 32; draw_string_vec4
    %concat/vec4; draw_string_vec4
    %pushi/vec4 1026767392, 0, 32; draw_string_vec4
    %concat/vec4; draw_string_vec4
    %pushi/vec4 1918990112, 0, 32; draw_string_vec4
    %concat/vec4; draw_string_vec4
    %pushi/vec4 1025520944, 0, 32; draw_string_vec4
    %concat/vec4; draw_string_vec4
    %store/vec4 v000001ce44c54250_0, 0, 640;
    %pushi/vec4 50, 0, 32;
    %store/vec4 v000001ce44c53e90_0, 0, 32;
    %load/vec4 v000001ce44ca85f0_0;
    %store/vec4 v000001ce44c54890_0, 0, 32;
    %fork TD_pe_tb.check, S_000001ce44c15970;
    %join;
    %pushi/vec4 2, 0, 8;
    %store/vec4 v000001ce44c53fd0_0, 0, 8;
    %fork TD_pe_tb.apply_act, S_000001ce44c15c90;
    %join;
    %pushi/vec4 0, 0, 32; draw_string_vec4
    %pushi/vec4 0, 0, 32; draw_string_vec4
    %concat/vec4; draw_string_vec4
    %pushi/vec4 0, 0, 32; draw_string_vec4
    %concat/vec4; draw_string_vec4
    %pushi/vec4 0, 0, 32; draw_string_vec4
    %concat/vec4; draw_string_vec4
    %pushi/vec4 0, 0, 32; draw_string_vec4
    %concat/vec4; draw_string_vec4
    %pushi/vec4 0, 0, 32; draw_string_vec4
    %concat/vec4; draw_string_vec4
    %pushi/vec4 0, 0, 32; draw_string_vec4
    %concat/vec4; draw_string_vec4
    %pushi/vec4 0, 0, 32; draw_string_vec4
    %concat/vec4; draw_string_vec4
    %pushi/vec4 0, 0, 32; draw_string_vec4
    %concat/vec4; draw_string_vec4
    %pushi/vec4 0, 0, 32; draw_string_vec4
    %concat/vec4; draw_string_vec4
    %pushi/vec4 0, 0, 32; draw_string_vec4
    %concat/vec4; draw_string_vec4
    %pushi/vec4 0, 0, 32; draw_string_vec4
    %concat/vec4; draw_string_vec4
    %pushi/vec4 0, 0, 32; draw_string_vec4
    %concat/vec4; draw_string_vec4
    %pushi/vec4 0, 0, 32; draw_string_vec4
    %concat/vec4; draw_string_vec4
    %pushi/vec4 1412571233, 0, 32; draw_string_vec4
    %concat/vec4; draw_string_vec4
    %pushi/vec4 1718904178, 0, 32; draw_string_vec4
    %concat/vec4; draw_string_vec4
    %pushi/vec4 543253364, 0, 32; draw_string_vec4
    %concat/vec4; draw_string_vec4
    %pushi/vec4 1026701856, 0, 32; draw_string_vec4
    %concat/vec4; draw_string_vec4
    %pushi/vec4 1918990112, 0, 32; draw_string_vec4
    %concat/vec4; draw_string_vec4
    %pushi/vec4 1025521200, 0, 32; draw_string_vec4
    %concat/vec4; draw_string_vec4
    %store/vec4 v000001ce44c54250_0, 0, 640;
    %pushi/vec4 60, 0, 32;
    %store/vec4 v000001ce44c53e90_0, 0, 32;
    %load/vec4 v000001ce44ca85f0_0;
    %store/vec4 v000001ce44c54890_0, 0, 32;
    %fork TD_pe_tb.check, S_000001ce44c15970;
    %join;
    %vpi_call 2 173 "$display", "\012--- T3: Weight latch stability ---" {0 0 0};
    %fork TD_pe_tb.clear_acc, S_000001ce44c15b00;
    %join;
    %pushi/vec4 10, 0, 8;
    %store/vec4 v000001ce44ca9270_0, 0, 8;
    %fork TD_pe_tb.load_weight, S_000001ce44c151a0;
    %join;
    %pushi/vec4 5, 0, 8;
    %store/vec4 v000001ce44c53fd0_0, 0, 8;
    %fork TD_pe_tb.apply_act, S_000001ce44c15c90;
    %join;
    %pushi/vec4 0, 0, 32; draw_string_vec4
    %pushi/vec4 0, 0, 32; draw_string_vec4
    %concat/vec4; draw_string_vec4
    %pushi/vec4 0, 0, 32; draw_string_vec4
    %concat/vec4; draw_string_vec4
    %pushi/vec4 0, 0, 32; draw_string_vec4
    %concat/vec4; draw_string_vec4
    %pushi/vec4 0, 0, 32; draw_string_vec4
    %concat/vec4; draw_string_vec4
    %pushi/vec4 0, 0, 32; draw_string_vec4
    %concat/vec4; draw_string_vec4
    %pushi/vec4 0, 0, 32; draw_string_vec4
    %concat/vec4; draw_string_vec4
    %pushi/vec4 0, 0, 32; draw_string_vec4
    %concat/vec4; draw_string_vec4
    %pushi/vec4 0, 0, 32; draw_string_vec4
    %concat/vec4; draw_string_vec4
    %pushi/vec4 0, 0, 32; draw_string_vec4
    %concat/vec4; draw_string_vec4
    %pushi/vec4 0, 0, 32; draw_string_vec4
    %concat/vec4; draw_string_vec4
    %pushi/vec4 0, 0, 32; draw_string_vec4
    %concat/vec4; draw_string_vec4
    %pushi/vec4 0, 0, 32; draw_string_vec4
    %concat/vec4; draw_string_vec4
    %pushi/vec4 0, 0, 32; draw_string_vec4
    %concat/vec4; draw_string_vec4
    %pushi/vec4 0, 0, 32; draw_string_vec4
    %concat/vec4; draw_string_vec4
    %pushi/vec4 21555, 0, 32; draw_string_vec4
    %concat/vec4; draw_string_vec4
    %pushi/vec4 543253347, 0, 32; draw_string_vec4
    %concat/vec4; draw_string_vec4
    %pushi/vec4 540876849, 0, 32; draw_string_vec4
    %concat/vec4; draw_string_vec4
    %pushi/vec4 808072480, 0, 32; draw_string_vec4
    %concat/vec4; draw_string_vec4
    %pushi/vec4 1025520944, 0, 32; draw_string_vec4
    %concat/vec4; draw_string_vec4
    %store/vec4 v000001ce44c54250_0, 0, 640;
    %pushi/vec4 50, 0, 32;
    %store/vec4 v000001ce44c53e90_0, 0, 32;
    %load/vec4 v000001ce44ca85f0_0;
    %store/vec4 v000001ce44c54890_0, 0, 32;
    %fork TD_pe_tb.check, S_000001ce44c15970;
    %join;
    %pushi/vec4 3, 0, 8;
    %store/vec4 v000001ce44c53fd0_0, 0, 8;
    %fork TD_pe_tb.apply_act, S_000001ce44c15c90;
    %join;
    %pushi/vec4 0, 0, 32; draw_string_vec4
    %pushi/vec4 0, 0, 32; draw_string_vec4
    %concat/vec4; draw_string_vec4
    %pushi/vec4 0, 0, 32; draw_string_vec4
    %concat/vec4; draw_string_vec4
    %pushi/vec4 0, 0, 32; draw_string_vec4
    %concat/vec4; draw_string_vec4
    %pushi/vec4 0, 0, 32; draw_string_vec4
    %concat/vec4; draw_string_vec4
    %pushi/vec4 0, 0, 32; draw_string_vec4
    %concat/vec4; draw_string_vec4
    %pushi/vec4 0, 0, 32; draw_string_vec4
    %concat/vec4; draw_string_vec4
    %pushi/vec4 0, 0, 32; draw_string_vec4
    %concat/vec4; draw_string_vec4
    %pushi/vec4 0, 0, 32; draw_string_vec4
    %concat/vec4; draw_string_vec4
    %pushi/vec4 0, 0, 32; draw_string_vec4
    %concat/vec4; draw_string_vec4
    %pushi/vec4 0, 0, 32; draw_string_vec4
    %concat/vec4; draw_string_vec4
    %pushi/vec4 0, 0, 32; draw_string_vec4
    %concat/vec4; draw_string_vec4
    %pushi/vec4 0, 0, 32; draw_string_vec4
    %concat/vec4; draw_string_vec4
    %pushi/vec4 0, 0, 32; draw_string_vec4
    %concat/vec4; draw_string_vec4
    %pushi/vec4 0, 0, 32; draw_string_vec4
    %concat/vec4; draw_string_vec4
    %pushi/vec4 5518112, 0, 32; draw_string_vec4
    %concat/vec4; draw_string_vec4
    %pushi/vec4 1633903392, 0, 32; draw_string_vec4
    %concat/vec4; draw_string_vec4
    %pushi/vec4 725426225, 0, 32; draw_string_vec4
    %concat/vec4; draw_string_vec4
    %pushi/vec4 808071968, 0, 32; draw_string_vec4
    %concat/vec4; draw_string_vec4
    %pushi/vec4 1025521712, 0, 32; draw_string_vec4
    %concat/vec4; draw_string_vec4
    %store/vec4 v000001ce44c54250_0, 0, 640;
    %pushi/vec4 80, 0, 32;
    %store/vec4 v000001ce44c53e90_0, 0, 32;
    %load/vec4 v000001ce44ca85f0_0;
    %store/vec4 v000001ce44c54890_0, 0, 32;
    %fork TD_pe_tb.check, S_000001ce44c15970;
    %join;
    %pushi/vec4 99, 0, 8;
    %store/vec4 v000001ce44ca9630_0, 0, 8;
    %pushi/vec4 2, 0, 8;
    %store/vec4 v000001ce44c53fd0_0, 0, 8;
    %fork TD_pe_tb.apply_act, S_000001ce44c15c90;
    %join;
    %pushi/vec4 0, 0, 32; draw_string_vec4
    %pushi/vec4 0, 0, 32; draw_string_vec4
    %concat/vec4; draw_string_vec4
    %pushi/vec4 0, 0, 32; draw_string_vec4
    %concat/vec4; draw_string_vec4
    %pushi/vec4 0, 0, 32; draw_string_vec4
    %concat/vec4; draw_string_vec4
    %pushi/vec4 0, 0, 32; draw_string_vec4
    %concat/vec4; draw_string_vec4
    %pushi/vec4 0, 0, 32; draw_string_vec4
    %concat/vec4; draw_string_vec4
    %pushi/vec4 0, 0, 32; draw_string_vec4
    %concat/vec4; draw_string_vec4
    %pushi/vec4 0, 0, 32; draw_string_vec4
    %concat/vec4; draw_string_vec4
    %pushi/vec4 0, 0, 32; draw_string_vec4
    %concat/vec4; draw_string_vec4
    %pushi/vec4 5518112, 0, 32; draw_string_vec4
    %concat/vec4; draw_string_vec4
    %pushi/vec4 2003134823, 0, 32; draw_string_vec4
    %concat/vec4; draw_string_vec4
    %pushi/vec4 1752440947, 0, 32; draw_string_vec4
    %concat/vec4; draw_string_vec4
    %pushi/vec4 1952539244, 0, 32; draw_string_vec4
    %concat/vec4; draw_string_vec4
    %pushi/vec4 1696606313, 0, 32; draw_string_vec4
    %concat/vec4; draw_string_vec4
    %pushi/vec4 1849506105, 0, 32; draw_string_vec4
    %concat/vec4; draw_string_vec4
    %pushi/vec4 543778670, 0, 32; draw_string_vec4
    %concat/vec4; draw_string_vec4
    %pushi/vec4 1869768036, 0, 32; draw_string_vec4
    %concat/vec4; draw_string_vec4
    %pushi/vec4 691675250, 0, 32; draw_string_vec4
    %concat/vec4; draw_string_vec4
    %pushi/vec4 1635196989, 0, 32; draw_string_vec4
    %concat/vec4; draw_string_vec4
    %pushi/vec4 540094512, 0, 32; draw_string_vec4
    %concat/vec4; draw_string_vec4
    %store/vec4 v000001ce44c54250_0, 0, 640;
    %pushi/vec4 100, 0, 32;
    %store/vec4 v000001ce44c53e90_0, 0, 32;
    %load/vec4 v000001ce44ca85f0_0;
    %store/vec4 v000001ce44c54890_0, 0, 32;
    %fork TD_pe_tb.check, S_000001ce44c15970;
    %join;
    %pushi/vec4 0, 0, 8;
    %store/vec4 v000001ce44ca9630_0, 0, 8;
    %vpi_call 2 189 "$display", "\012--- T4: Acc clear preserves weight ---" {0 0 0};
    %fork TD_pe_tb.clear_acc, S_000001ce44c15b00;
    %join;
    %pushi/vec4 0, 0, 32; draw_string_vec4
    %pushi/vec4 0, 0, 32; draw_string_vec4
    %concat/vec4; draw_string_vec4
    %pushi/vec4 0, 0, 32; draw_string_vec4
    %concat/vec4; draw_string_vec4
    %pushi/vec4 0, 0, 32; draw_string_vec4
    %concat/vec4; draw_string_vec4
    %pushi/vec4 0, 0, 32; draw_string_vec4
    %concat/vec4; draw_string_vec4
    %pushi/vec4 0, 0, 32; draw_string_vec4
    %concat/vec4; draw_string_vec4
    %pushi/vec4 0, 0, 32; draw_string_vec4
    %concat/vec4; draw_string_vec4
    %pushi/vec4 0, 0, 32; draw_string_vec4
    %concat/vec4; draw_string_vec4
    %pushi/vec4 0, 0, 32; draw_string_vec4
    %concat/vec4; draw_string_vec4
    %pushi/vec4 0, 0, 32; draw_string_vec4
    %concat/vec4; draw_string_vec4
    %pushi/vec4 0, 0, 32; draw_string_vec4
    %concat/vec4; draw_string_vec4
    %pushi/vec4 0, 0, 32; draw_string_vec4
    %concat/vec4; draw_string_vec4
    %pushi/vec4 0, 0, 32; draw_string_vec4
    %concat/vec4; draw_string_vec4
    %pushi/vec4 0, 0, 32; draw_string_vec4
    %concat/vec4; draw_string_vec4
    %pushi/vec4 0, 0, 32; draw_string_vec4
    %concat/vec4; draw_string_vec4
    %pushi/vec4 5518368, 0, 32; draw_string_vec4
    %concat/vec4; draw_string_vec4
    %pushi/vec4 1633903392, 0, 32; draw_string_vec4
    %concat/vec4; draw_string_vec4
    %pushi/vec4 1668048225, 0, 32; draw_string_vec4
    %concat/vec4; draw_string_vec4
    %pushi/vec4 1919247392, 0, 32; draw_string_vec4
    %concat/vec4; draw_string_vec4
    %pushi/vec4 1953439792, 0, 32; draw_string_vec4
    %concat/vec4; draw_string_vec4
    %store/vec4 v000001ce44c54250_0, 0, 640;
    %pushi/vec4 0, 0, 32;
    %store/vec4 v000001ce44c53e90_0, 0, 32;
    %load/vec4 v000001ce44ca85f0_0;
    %store/vec4 v000001ce44c54890_0, 0, 32;
    %fork TD_pe_tb.check, S_000001ce44c15970;
    %join;
    %pushi/vec4 6, 0, 8;
    %store/vec4 v000001ce44c53fd0_0, 0, 8;
    %fork TD_pe_tb.apply_act, S_000001ce44c15c90;
    %join;
    %pushi/vec4 0, 0, 32; draw_string_vec4
    %pushi/vec4 0, 0, 32; draw_string_vec4
    %concat/vec4; draw_string_vec4
    %pushi/vec4 0, 0, 32; draw_string_vec4
    %concat/vec4; draw_string_vec4
    %pushi/vec4 0, 0, 32; draw_string_vec4
    %concat/vec4; draw_string_vec4
    %pushi/vec4 0, 0, 32; draw_string_vec4
    %concat/vec4; draw_string_vec4
    %pushi/vec4 0, 0, 32; draw_string_vec4
    %concat/vec4; draw_string_vec4
    %pushi/vec4 0, 0, 32; draw_string_vec4
    %concat/vec4; draw_string_vec4
    %pushi/vec4 0, 0, 32; draw_string_vec4
    %concat/vec4; draw_string_vec4
    %pushi/vec4 0, 0, 32; draw_string_vec4
    %concat/vec4; draw_string_vec4
    %pushi/vec4 0, 0, 32; draw_string_vec4
    %concat/vec4; draw_string_vec4
    %pushi/vec4 0, 0, 32; draw_string_vec4
    %concat/vec4; draw_string_vec4
    %pushi/vec4 0, 0, 32; draw_string_vec4
    %concat/vec4; draw_string_vec4
    %pushi/vec4 21556, 0, 32; draw_string_vec4
    %concat/vec4; draw_string_vec4
    %pushi/vec4 544695657, 0, 32; draw_string_vec4
    %concat/vec4; draw_string_vec4
    %pushi/vec4 1734898720, 0, 32; draw_string_vec4
    %concat/vec4; draw_string_vec4
    %pushi/vec4 1886545267, 0, 32; draw_string_vec4
    %concat/vec4; draw_string_vec4
    %pushi/vec4 1702000229, 0, 32; draw_string_vec4
    %concat/vec4; draw_string_vec4
    %pushi/vec4 1681530929, 0, 32; draw_string_vec4
    %concat/vec4; draw_string_vec4
    %pushi/vec4 808072736, 0, 32; draw_string_vec4
    %concat/vec4; draw_string_vec4
    %pushi/vec4 1025521200, 0, 32; draw_string_vec4
    %concat/vec4; draw_string_vec4
    %store/vec4 v000001ce44c54250_0, 0, 640;
    %pushi/vec4 60, 0, 32;
    %store/vec4 v000001ce44c53e90_0, 0, 32;
    %load/vec4 v000001ce44ca85f0_0;
    %store/vec4 v000001ce44c54890_0, 0, 32;
    %fork TD_pe_tb.check, S_000001ce44c15970;
    %join;
    %vpi_call 2 198 "$display", "\012--- T5: Saturation upper bound ---" {0 0 0};
    %fork TD_pe_tb.clear_acc, S_000001ce44c15b00;
    %join;
    %pushi/vec4 127, 0, 8;
    %store/vec4 v000001ce44ca9270_0, 0, 8;
    %fork TD_pe_tb.load_weight, S_000001ce44c151a0;
    %join;
    %pushi/vec4 1, 0, 8;
    %store/vec4 v000001ce44c53fd0_0, 0, 8;
    %fork TD_pe_tb.apply_act, S_000001ce44c15c90;
    %join;
    %pushi/vec4 0, 0, 32; draw_string_vec4
    %pushi/vec4 0, 0, 32; draw_string_vec4
    %concat/vec4; draw_string_vec4
    %pushi/vec4 0, 0, 32; draw_string_vec4
    %concat/vec4; draw_string_vec4
    %pushi/vec4 0, 0, 32; draw_string_vec4
    %concat/vec4; draw_string_vec4
    %pushi/vec4 0, 0, 32; draw_string_vec4
    %concat/vec4; draw_string_vec4
    %pushi/vec4 0, 0, 32; draw_string_vec4
    %concat/vec4; draw_string_vec4
    %pushi/vec4 0, 0, 32; draw_string_vec4
    %concat/vec4; draw_string_vec4
    %pushi/vec4 0, 0, 32; draw_string_vec4
    %concat/vec4; draw_string_vec4
    %pushi/vec4 0, 0, 32; draw_string_vec4
    %concat/vec4; draw_string_vec4
    %pushi/vec4 0, 0, 32; draw_string_vec4
    %concat/vec4; draw_string_vec4
    %pushi/vec4 0, 0, 32; draw_string_vec4
    %concat/vec4; draw_string_vec4
    %pushi/vec4 0, 0, 32; draw_string_vec4
    %concat/vec4; draw_string_vec4
    %pushi/vec4 0, 0, 32; draw_string_vec4
    %concat/vec4; draw_string_vec4
    %pushi/vec4 0, 0, 32; draw_string_vec4
    %concat/vec4; draw_string_vec4
    %pushi/vec4 1412767858, 0, 32; draw_string_vec4
    %concat/vec4; draw_string_vec4
    %pushi/vec4 1635197025, 0, 32; draw_string_vec4
    %concat/vec4; draw_string_vec4
    %pushi/vec4 1948279407, 0, 32; draw_string_vec4
    %concat/vec4; draw_string_vec4
    %pushi/vec4 1970168929, 0, 32; draw_string_vec4
    %concat/vec4; draw_string_vec4
    %pushi/vec4 1920540733, 0, 32; draw_string_vec4
    %concat/vec4; draw_string_vec4
    %pushi/vec4 540095031, 0, 32; draw_string_vec4
    %concat/vec4; draw_string_vec4
    %store/vec4 v000001ce44c54250_0, 0, 640;
    %pushi/vec4 127, 0, 32;
    %store/vec4 v000001ce44c53e90_0, 0, 32;
    %load/vec4 v000001ce44ca85f0_0;
    %store/vec4 v000001ce44c54890_0, 0, 32;
    %fork TD_pe_tb.check, S_000001ce44c15970;
    %join;
    %pushi/vec4 0, 0, 32; draw_string_vec4
    %pushi/vec4 0, 0, 32; draw_string_vec4
    %concat/vec4; draw_string_vec4
    %pushi/vec4 0, 0, 32; draw_string_vec4
    %concat/vec4; draw_string_vec4
    %pushi/vec4 0, 0, 32; draw_string_vec4
    %concat/vec4; draw_string_vec4
    %pushi/vec4 0, 0, 32; draw_string_vec4
    %concat/vec4; draw_string_vec4
    %pushi/vec4 0, 0, 32; draw_string_vec4
    %concat/vec4; draw_string_vec4
    %pushi/vec4 0, 0, 32; draw_string_vec4
    %concat/vec4; draw_string_vec4
    %pushi/vec4 0, 0, 32; draw_string_vec4
    %concat/vec4; draw_string_vec4
    %pushi/vec4 0, 0, 32; draw_string_vec4
    %concat/vec4; draw_string_vec4
    %pushi/vec4 0, 0, 32; draw_string_vec4
    %concat/vec4; draw_string_vec4
    %pushi/vec4 0, 0, 32; draw_string_vec4
    %concat/vec4; draw_string_vec4
    %pushi/vec4 0, 0, 32; draw_string_vec4
    %concat/vec4; draw_string_vec4
    %pushi/vec4 0, 0, 32; draw_string_vec4
    %concat/vec4; draw_string_vec4
    %pushi/vec4 0, 0, 32; draw_string_vec4
    %concat/vec4; draw_string_vec4
    %pushi/vec4 1412767859, 0, 32; draw_string_vec4
    %concat/vec4; draw_string_vec4
    %pushi/vec4 1635000417, 0, 32; draw_string_vec4
    %concat/vec4; draw_string_vec4
    %pushi/vec4 1948279407, 0, 32; draw_string_vec4
    %concat/vec4; draw_string_vec4
    %pushi/vec4 1970168929, 0, 32; draw_string_vec4
    %concat/vec4; draw_string_vec4
    %pushi/vec4 1920540733, 0, 32; draw_string_vec4
    %concat/vec4; draw_string_vec4
    %pushi/vec4 540095031, 0, 32; draw_string_vec4
    %concat/vec4; draw_string_vec4
    %store/vec4 v000001ce44c53b70_0, 0, 640;
    %pushi/vec4 127, 0, 8;
    %store/vec4 v000001ce44c547f0_0, 0, 8;
    %load/vec4 v000001ce44ca87d0_0;
    %store/vec4 v000001ce44c54750_0, 0, 8;
    %fork TD_pe_tb.check8, S_000001ce44c15330;
    %join;
    %pushi/vec4 1, 0, 8;
    %store/vec4 v000001ce44c53fd0_0, 0, 8;
    %fork TD_pe_tb.apply_act, S_000001ce44c15c90;
    %join;
    %pushi/vec4 0, 0, 32; draw_string_vec4
    %pushi/vec4 0, 0, 32; draw_string_vec4
    %concat/vec4; draw_string_vec4
    %pushi/vec4 0, 0, 32; draw_string_vec4
    %concat/vec4; draw_string_vec4
    %pushi/vec4 0, 0, 32; draw_string_vec4
    %concat/vec4; draw_string_vec4
    %pushi/vec4 0, 0, 32; draw_string_vec4
    %concat/vec4; draw_string_vec4
    %pushi/vec4 0, 0, 32; draw_string_vec4
    %concat/vec4; draw_string_vec4
    %pushi/vec4 0, 0, 32; draw_string_vec4
    %concat/vec4; draw_string_vec4
    %pushi/vec4 0, 0, 32; draw_string_vec4
    %concat/vec4; draw_string_vec4
    %pushi/vec4 0, 0, 32; draw_string_vec4
    %concat/vec4; draw_string_vec4
    %pushi/vec4 0, 0, 32; draw_string_vec4
    %concat/vec4; draw_string_vec4
    %pushi/vec4 0, 0, 32; draw_string_vec4
    %concat/vec4; draw_string_vec4
    %pushi/vec4 0, 0, 32; draw_string_vec4
    %concat/vec4; draw_string_vec4
    %pushi/vec4 0, 0, 32; draw_string_vec4
    %concat/vec4; draw_string_vec4
    %pushi/vec4 0, 0, 32; draw_string_vec4
    %concat/vec4; draw_string_vec4
    %pushi/vec4 0, 0, 32; draw_string_vec4
    %concat/vec4; draw_string_vec4
    %pushi/vec4 21557, 0, 32; draw_string_vec4
    %concat/vec4; draw_string_vec4
    %pushi/vec4 544366967, 0, 32; draw_string_vec4
    %concat/vec4; draw_string_vec4
    %pushi/vec4 543253103, 0, 32; draw_string_vec4
    %concat/vec4; draw_string_vec4
    %pushi/vec4 1986338877, 0, 32; draw_string_vec4
    %concat/vec4; draw_string_vec4
    %pushi/vec4 540161332, 0, 32; draw_string_vec4
    %concat/vec4; draw_string_vec4
    %store/vec4 v000001ce44c54250_0, 0, 640;
    %pushi/vec4 254, 0, 32;
    %store/vec4 v000001ce44c53e90_0, 0, 32;
    %load/vec4 v000001ce44ca85f0_0;
    %store/vec4 v000001ce44c54890_0, 0, 32;
    %fork TD_pe_tb.check, S_000001ce44c15970;
    %join;
    %pushi/vec4 0, 0, 32; draw_string_vec4
    %pushi/vec4 0, 0, 32; draw_string_vec4
    %concat/vec4; draw_string_vec4
    %pushi/vec4 0, 0, 32; draw_string_vec4
    %concat/vec4; draw_string_vec4
    %pushi/vec4 0, 0, 32; draw_string_vec4
    %concat/vec4; draw_string_vec4
    %pushi/vec4 0, 0, 32; draw_string_vec4
    %concat/vec4; draw_string_vec4
    %pushi/vec4 0, 0, 32; draw_string_vec4
    %concat/vec4; draw_string_vec4
    %pushi/vec4 0, 0, 32; draw_string_vec4
    %concat/vec4; draw_string_vec4
    %pushi/vec4 0, 0, 32; draw_string_vec4
    %concat/vec4; draw_string_vec4
    %pushi/vec4 0, 0, 32; draw_string_vec4
    %concat/vec4; draw_string_vec4
    %pushi/vec4 0, 0, 32; draw_string_vec4
    %concat/vec4; draw_string_vec4
    %pushi/vec4 0, 0, 32; draw_string_vec4
    %concat/vec4; draw_string_vec4
    %pushi/vec4 0, 0, 32; draw_string_vec4
    %concat/vec4; draw_string_vec4
    %pushi/vec4 0, 0, 32; draw_string_vec4
    %concat/vec4; draw_string_vec4
    %pushi/vec4 0, 0, 32; draw_string_vec4
    %concat/vec4; draw_string_vec4
    %pushi/vec4 0, 0, 32; draw_string_vec4
    %concat/vec4; draw_string_vec4
    %pushi/vec4 1412767859, 0, 32; draw_string_vec4
    %concat/vec4; draw_string_vec4
    %pushi/vec4 1635000419, 0, 32; draw_string_vec4
    %concat/vec4; draw_string_vec4
    %pushi/vec4 1818324336, 0, 32; draw_string_vec4
    %concat/vec4; draw_string_vec4
    %pushi/vec4 1701060669, 0, 32; draw_string_vec4
    %concat/vec4; draw_string_vec4
    %pushi/vec4 540095031, 0, 32; draw_string_vec4
    %concat/vec4; draw_string_vec4
    %store/vec4 v000001ce44c53b70_0, 0, 640;
    %pushi/vec4 127, 0, 8;
    %store/vec4 v000001ce44c547f0_0, 0, 8;
    %load/vec4 v000001ce44ca87d0_0;
    %store/vec4 v000001ce44c54750_0, 0, 8;
    %fork TD_pe_tb.check8, S_000001ce44c15330;
    %join;
    %pushi/vec4 1, 0, 8;
    %store/vec4 v000001ce44c53fd0_0, 0, 8;
    %fork TD_pe_tb.apply_act, S_000001ce44c15c90;
    %join;
    %pushi/vec4 0, 0, 32; draw_string_vec4
    %pushi/vec4 0, 0, 32; draw_string_vec4
    %concat/vec4; draw_string_vec4
    %pushi/vec4 0, 0, 32; draw_string_vec4
    %concat/vec4; draw_string_vec4
    %pushi/vec4 0, 0, 32; draw_string_vec4
    %concat/vec4; draw_string_vec4
    %pushi/vec4 0, 0, 32; draw_string_vec4
    %concat/vec4; draw_string_vec4
    %pushi/vec4 0, 0, 32; draw_string_vec4
    %concat/vec4; draw_string_vec4
    %pushi/vec4 0, 0, 32; draw_string_vec4
    %concat/vec4; draw_string_vec4
    %pushi/vec4 0, 0, 32; draw_string_vec4
    %concat/vec4; draw_string_vec4
    %pushi/vec4 0, 0, 32; draw_string_vec4
    %concat/vec4; draw_string_vec4
    %pushi/vec4 0, 0, 32; draw_string_vec4
    %concat/vec4; draw_string_vec4
    %pushi/vec4 0, 0, 32; draw_string_vec4
    %concat/vec4; draw_string_vec4
    %pushi/vec4 0, 0, 32; draw_string_vec4
    %concat/vec4; draw_string_vec4
    %pushi/vec4 0, 0, 32; draw_string_vec4
    %concat/vec4; draw_string_vec4
    %pushi/vec4 0, 0, 32; draw_string_vec4
    %concat/vec4; draw_string_vec4
    %pushi/vec4 21557, 0, 32; draw_string_vec4
    %concat/vec4; draw_string_vec4
    %pushi/vec4 544366967, 0, 32; draw_string_vec4
    %concat/vec4; draw_string_vec4
    %pushi/vec4 543580530, 0, 32; draw_string_vec4
    %concat/vec4; draw_string_vec4
    %pushi/vec4 543253103, 0, 32; draw_string_vec4
    %concat/vec4; draw_string_vec4
    %pushi/vec4 1986338877, 0, 32; draw_string_vec4
    %concat/vec4; draw_string_vec4
    %pushi/vec4 540227633, 0, 32; draw_string_vec4
    %concat/vec4; draw_string_vec4
    %store/vec4 v000001ce44c54250_0, 0, 640;
    %pushi/vec4 381, 0, 32;
    %store/vec4 v000001ce44c53e90_0, 0, 32;
    %load/vec4 v000001ce44ca85f0_0;
    %store/vec4 v000001ce44c54890_0, 0, 32;
    %fork TD_pe_tb.check, S_000001ce44c15970;
    %join;
    %pushi/vec4 0, 0, 32; draw_string_vec4
    %pushi/vec4 0, 0, 32; draw_string_vec4
    %concat/vec4; draw_string_vec4
    %pushi/vec4 0, 0, 32; draw_string_vec4
    %concat/vec4; draw_string_vec4
    %pushi/vec4 0, 0, 32; draw_string_vec4
    %concat/vec4; draw_string_vec4
    %pushi/vec4 0, 0, 32; draw_string_vec4
    %concat/vec4; draw_string_vec4
    %pushi/vec4 0, 0, 32; draw_string_vec4
    %concat/vec4; draw_string_vec4
    %pushi/vec4 0, 0, 32; draw_string_vec4
    %concat/vec4; draw_string_vec4
    %pushi/vec4 0, 0, 32; draw_string_vec4
    %concat/vec4; draw_string_vec4
    %pushi/vec4 0, 0, 32; draw_string_vec4
    %concat/vec4; draw_string_vec4
    %pushi/vec4 0, 0, 32; draw_string_vec4
    %concat/vec4; draw_string_vec4
    %pushi/vec4 0, 0, 32; draw_string_vec4
    %concat/vec4; draw_string_vec4
    %pushi/vec4 0, 0, 32; draw_string_vec4
    %concat/vec4; draw_string_vec4
    %pushi/vec4 0, 0, 32; draw_string_vec4
    %concat/vec4; draw_string_vec4
    %pushi/vec4 21557, 0, 32; draw_string_vec4
    %concat/vec4; draw_string_vec4
    %pushi/vec4 544432500, 0, 32; draw_string_vec4
    %concat/vec4; draw_string_vec4
    %pushi/vec4 544437353, 0, 32; draw_string_vec4
    %concat/vec4; draw_string_vec4
    %pushi/vec4 1819025507, 0, 32; draw_string_vec4
    %concat/vec4; draw_string_vec4
    %pushi/vec4 1818324336, 0, 32; draw_string_vec4
    %concat/vec4; draw_string_vec4
    %pushi/vec4 1701060669, 0, 32; draw_string_vec4
    %concat/vec4; draw_string_vec4
    %pushi/vec4 540095031, 0, 32; draw_string_vec4
    %concat/vec4; draw_string_vec4
    %store/vec4 v000001ce44c53b70_0, 0, 640;
    %pushi/vec4 127, 0, 8;
    %store/vec4 v000001ce44c547f0_0, 0, 8;
    %load/vec4 v000001ce44ca87d0_0;
    %store/vec4 v000001ce44c54750_0, 0, 8;
    %fork TD_pe_tb.check8, S_000001ce44c15330;
    %join;
    %vpi_call 2 214 "$display", "\012--- T6: Saturation lower bound ---" {0 0 0};
    %fork TD_pe_tb.clear_acc, S_000001ce44c15b00;
    %join;
    %pushi/vec4 128, 0, 8;
    %store/vec4 v000001ce44ca9270_0, 0, 8;
    %fork TD_pe_tb.load_weight, S_000001ce44c151a0;
    %join;
    %pushi/vec4 1, 0, 8;
    %store/vec4 v000001ce44c53fd0_0, 0, 8;
    %fork TD_pe_tb.apply_act, S_000001ce44c15c90;
    %join;
    %pushi/vec4 0, 0, 32; draw_string_vec4
    %pushi/vec4 0, 0, 32; draw_string_vec4
    %concat/vec4; draw_string_vec4
    %pushi/vec4 0, 0, 32; draw_string_vec4
    %concat/vec4; draw_string_vec4
    %pushi/vec4 0, 0, 32; draw_string_vec4
    %concat/vec4; draw_string_vec4
    %pushi/vec4 0, 0, 32; draw_string_vec4
    %concat/vec4; draw_string_vec4
    %pushi/vec4 0, 0, 32; draw_string_vec4
    %concat/vec4; draw_string_vec4
    %pushi/vec4 0, 0, 32; draw_string_vec4
    %concat/vec4; draw_string_vec4
    %pushi/vec4 0, 0, 32; draw_string_vec4
    %concat/vec4; draw_string_vec4
    %pushi/vec4 0, 0, 32; draw_string_vec4
    %concat/vec4; draw_string_vec4
    %pushi/vec4 0, 0, 32; draw_string_vec4
    %concat/vec4; draw_string_vec4
    %pushi/vec4 0, 0, 32; draw_string_vec4
    %concat/vec4; draw_string_vec4
    %pushi/vec4 0, 0, 32; draw_string_vec4
    %concat/vec4; draw_string_vec4
    %pushi/vec4 0, 0, 32; draw_string_vec4
    %concat/vec4; draw_string_vec4
    %pushi/vec4 84, 0, 32; draw_string_vec4
    %concat/vec4; draw_string_vec4
    %pushi/vec4 908096097, 0, 32; draw_string_vec4
    %concat/vec4; draw_string_vec4
    %pushi/vec4 1998610804, 0, 32; draw_string_vec4
    %concat/vec4; draw_string_vec4
    %pushi/vec4 543321973, 0, 32; draw_string_vec4
    %concat/vec4; draw_string_vec4
    %pushi/vec4 1852072306, 0, 32; draw_string_vec4
    %concat/vec4; draw_string_vec4
    %pushi/vec4 2032155936, 0, 32; draw_string_vec4
    %concat/vec4; draw_string_vec4
    %pushi/vec4 758198840, 0, 32; draw_string_vec4
    %concat/vec4; draw_string_vec4
    %store/vec4 v000001ce44c54250_0, 0, 640;
    %pushi/vec4 4294967168, 0, 32;
    %store/vec4 v000001ce44c53e90_0, 0, 32;
    %load/vec4 v000001ce44ca85f0_0;
    %store/vec4 v000001ce44c54890_0, 0, 32;
    %fork TD_pe_tb.check, S_000001ce44c15970;
    %join;
    %pushi/vec4 0, 0, 32; draw_string_vec4
    %pushi/vec4 0, 0, 32; draw_string_vec4
    %concat/vec4; draw_string_vec4
    %pushi/vec4 0, 0, 32; draw_string_vec4
    %concat/vec4; draw_string_vec4
    %pushi/vec4 0, 0, 32; draw_string_vec4
    %concat/vec4; draw_string_vec4
    %pushi/vec4 0, 0, 32; draw_string_vec4
    %concat/vec4; draw_string_vec4
    %pushi/vec4 0, 0, 32; draw_string_vec4
    %concat/vec4; draw_string_vec4
    %pushi/vec4 0, 0, 32; draw_string_vec4
    %concat/vec4; draw_string_vec4
    %pushi/vec4 0, 0, 32; draw_string_vec4
    %concat/vec4; draw_string_vec4
    %pushi/vec4 0, 0, 32; draw_string_vec4
    %concat/vec4; draw_string_vec4
    %pushi/vec4 0, 0, 32; draw_string_vec4
    %concat/vec4; draw_string_vec4
    %pushi/vec4 0, 0, 32; draw_string_vec4
    %concat/vec4; draw_string_vec4
    %pushi/vec4 0, 0, 32; draw_string_vec4
    %concat/vec4; draw_string_vec4
    %pushi/vec4 0, 0, 32; draw_string_vec4
    %concat/vec4; draw_string_vec4
    %pushi/vec4 84, 0, 32; draw_string_vec4
    %concat/vec4; draw_string_vec4
    %pushi/vec4 908096353, 0, 32; draw_string_vec4
    %concat/vec4; draw_string_vec4
    %pushi/vec4 1948279156, 0, 32; draw_string_vec4
    %concat/vec4; draw_string_vec4
    %pushi/vec4 543321973, 0, 32; draw_string_vec4
    %concat/vec4; draw_string_vec4
    %pushi/vec4 1852072306, 0, 32; draw_string_vec4
    %concat/vec4; draw_string_vec4
    %pushi/vec4 2032155936, 0, 32; draw_string_vec4
    %concat/vec4; draw_string_vec4
    %pushi/vec4 758198840, 0, 32; draw_string_vec4
    %concat/vec4; draw_string_vec4
    %store/vec4 v000001ce44c53b70_0, 0, 640;
    %pushi/vec4 128, 0, 8;
    %store/vec4 v000001ce44c547f0_0, 0, 8;
    %load/vec4 v000001ce44ca87d0_0;
    %store/vec4 v000001ce44c54750_0, 0, 8;
    %fork TD_pe_tb.check8, S_000001ce44c15330;
    %join;
    %pushi/vec4 1, 0, 8;
    %store/vec4 v000001ce44c53fd0_0, 0, 8;
    %fork TD_pe_tb.apply_act, S_000001ce44c15c90;
    %join;
    %pushi/vec4 0, 0, 32; draw_string_vec4
    %pushi/vec4 0, 0, 32; draw_string_vec4
    %concat/vec4; draw_string_vec4
    %pushi/vec4 0, 0, 32; draw_string_vec4
    %concat/vec4; draw_string_vec4
    %pushi/vec4 0, 0, 32; draw_string_vec4
    %concat/vec4; draw_string_vec4
    %pushi/vec4 0, 0, 32; draw_string_vec4
    %concat/vec4; draw_string_vec4
    %pushi/vec4 0, 0, 32; draw_string_vec4
    %concat/vec4; draw_string_vec4
    %pushi/vec4 0, 0, 32; draw_string_vec4
    %concat/vec4; draw_string_vec4
    %pushi/vec4 0, 0, 32; draw_string_vec4
    %concat/vec4; draw_string_vec4
    %pushi/vec4 0, 0, 32; draw_string_vec4
    %concat/vec4; draw_string_vec4
    %pushi/vec4 0, 0, 32; draw_string_vec4
    %concat/vec4; draw_string_vec4
    %pushi/vec4 0, 0, 32; draw_string_vec4
    %concat/vec4; draw_string_vec4
    %pushi/vec4 0, 0, 32; draw_string_vec4
    %concat/vec4; draw_string_vec4
    %pushi/vec4 0, 0, 32; draw_string_vec4
    %concat/vec4; draw_string_vec4
    %pushi/vec4 0, 0, 32; draw_string_vec4
    %concat/vec4; draw_string_vec4
    %pushi/vec4 0, 0, 32; draw_string_vec4
    %concat/vec4; draw_string_vec4
    %pushi/vec4 5518880, 0, 32; draw_string_vec4
    %concat/vec4; draw_string_vec4
    %pushi/vec4 1918990112, 0, 32; draw_string_vec4
    %concat/vec4; draw_string_vec4
    %pushi/vec4 1650814063, 0, 32; draw_string_vec4
    %concat/vec4; draw_string_vec4
    %pushi/vec4 1998601504, 0, 32; draw_string_vec4
    %concat/vec4; draw_string_vec4
    %pushi/vec4 758265142, 0, 32; draw_string_vec4
    %concat/vec4; draw_string_vec4
    %store/vec4 v000001ce44c54250_0, 0, 640;
    %pushi/vec4 4294967040, 0, 32;
    %store/vec4 v000001ce44c53e90_0, 0, 32;
    %load/vec4 v000001ce44ca85f0_0;
    %store/vec4 v000001ce44c54890_0, 0, 32;
    %fork TD_pe_tb.check, S_000001ce44c15970;
    %join;
    %pushi/vec4 0, 0, 32; draw_string_vec4
    %pushi/vec4 0, 0, 32; draw_string_vec4
    %concat/vec4; draw_string_vec4
    %pushi/vec4 0, 0, 32; draw_string_vec4
    %concat/vec4; draw_string_vec4
    %pushi/vec4 0, 0, 32; draw_string_vec4
    %concat/vec4; draw_string_vec4
    %pushi/vec4 0, 0, 32; draw_string_vec4
    %concat/vec4; draw_string_vec4
    %pushi/vec4 0, 0, 32; draw_string_vec4
    %concat/vec4; draw_string_vec4
    %pushi/vec4 0, 0, 32; draw_string_vec4
    %concat/vec4; draw_string_vec4
    %pushi/vec4 0, 0, 32; draw_string_vec4
    %concat/vec4; draw_string_vec4
    %pushi/vec4 0, 0, 32; draw_string_vec4
    %concat/vec4; draw_string_vec4
    %pushi/vec4 0, 0, 32; draw_string_vec4
    %concat/vec4; draw_string_vec4
    %pushi/vec4 0, 0, 32; draw_string_vec4
    %concat/vec4; draw_string_vec4
    %pushi/vec4 0, 0, 32; draw_string_vec4
    %concat/vec4; draw_string_vec4
    %pushi/vec4 0, 0, 32; draw_string_vec4
    %concat/vec4; draw_string_vec4
    %pushi/vec4 0, 0, 32; draw_string_vec4
    %concat/vec4; draw_string_vec4
    %pushi/vec4 84, 0, 32; draw_string_vec4
    %concat/vec4; draw_string_vec4
    %pushi/vec4 908096353, 0, 32; draw_string_vec4
    %concat/vec4; draw_string_vec4
    %pushi/vec4 1948279660, 0, 32; draw_string_vec4
    %concat/vec4; draw_string_vec4
    %pushi/vec4 1634562149, 0, 32; draw_string_vec4
    %concat/vec4; draw_string_vec4
    %pushi/vec4 1679834400, 0, 32; draw_string_vec4
    %concat/vec4; draw_string_vec4
    %pushi/vec4 758198840, 0, 32; draw_string_vec4
    %concat/vec4; draw_string_vec4
    %store/vec4 v000001ce44c53b70_0, 0, 640;
    %pushi/vec4 128, 0, 8;
    %store/vec4 v000001ce44c547f0_0, 0, 8;
    %load/vec4 v000001ce44ca87d0_0;
    %store/vec4 v000001ce44c54750_0, 0, 8;
    %fork TD_pe_tb.check8, S_000001ce44c15330;
    %join;
    %pushi/vec4 1, 0, 8;
    %store/vec4 v000001ce44c53fd0_0, 0, 8;
    %fork TD_pe_tb.apply_act, S_000001ce44c15c90;
    %join;
    %pushi/vec4 0, 0, 32; draw_string_vec4
    %pushi/vec4 0, 0, 32; draw_string_vec4
    %concat/vec4; draw_string_vec4
    %pushi/vec4 0, 0, 32; draw_string_vec4
    %concat/vec4; draw_string_vec4
    %pushi/vec4 0, 0, 32; draw_string_vec4
    %concat/vec4; draw_string_vec4
    %pushi/vec4 0, 0, 32; draw_string_vec4
    %concat/vec4; draw_string_vec4
    %pushi/vec4 0, 0, 32; draw_string_vec4
    %concat/vec4; draw_string_vec4
    %pushi/vec4 0, 0, 32; draw_string_vec4
    %concat/vec4; draw_string_vec4
    %pushi/vec4 0, 0, 32; draw_string_vec4
    %concat/vec4; draw_string_vec4
    %pushi/vec4 0, 0, 32; draw_string_vec4
    %concat/vec4; draw_string_vec4
    %pushi/vec4 0, 0, 32; draw_string_vec4
    %concat/vec4; draw_string_vec4
    %pushi/vec4 0, 0, 32; draw_string_vec4
    %concat/vec4; draw_string_vec4
    %pushi/vec4 0, 0, 32; draw_string_vec4
    %concat/vec4; draw_string_vec4
    %pushi/vec4 0, 0, 32; draw_string_vec4
    %concat/vec4; draw_string_vec4
    %pushi/vec4 0, 0, 32; draw_string_vec4
    %concat/vec4; draw_string_vec4
    %pushi/vec4 5518880, 0, 32; draw_string_vec4
    %concat/vec4; draw_string_vec4
    %pushi/vec4 1918990112, 0, 32; draw_string_vec4
    %concat/vec4; draw_string_vec4
    %pushi/vec4 1717662240, 0, 32; draw_string_vec4
    %concat/vec4; draw_string_vec4
    %pushi/vec4 1650814063, 0, 32; draw_string_vec4
    %concat/vec4; draw_string_vec4
    %pushi/vec4 1998601504, 0, 32; draw_string_vec4
    %concat/vec4; draw_string_vec4
    %pushi/vec4 758331444, 0, 32; draw_string_vec4
    %concat/vec4; draw_string_vec4
    %store/vec4 v000001ce44c54250_0, 0, 640;
    %pushi/vec4 4294966912, 0, 32;
    %store/vec4 v000001ce44c53e90_0, 0, 32;
    %load/vec4 v000001ce44ca85f0_0;
    %store/vec4 v000001ce44c54890_0, 0, 32;
    %fork TD_pe_tb.check, S_000001ce44c15970;
    %join;
    %pushi/vec4 0, 0, 32; draw_string_vec4
    %pushi/vec4 0, 0, 32; draw_string_vec4
    %concat/vec4; draw_string_vec4
    %pushi/vec4 0, 0, 32; draw_string_vec4
    %concat/vec4; draw_string_vec4
    %pushi/vec4 0, 0, 32; draw_string_vec4
    %concat/vec4; draw_string_vec4
    %pushi/vec4 0, 0, 32; draw_string_vec4
    %concat/vec4; draw_string_vec4
    %pushi/vec4 0, 0, 32; draw_string_vec4
    %concat/vec4; draw_string_vec4
    %pushi/vec4 0, 0, 32; draw_string_vec4
    %concat/vec4; draw_string_vec4
    %pushi/vec4 0, 0, 32; draw_string_vec4
    %concat/vec4; draw_string_vec4
    %pushi/vec4 0, 0, 32; draw_string_vec4
    %concat/vec4; draw_string_vec4
    %pushi/vec4 0, 0, 32; draw_string_vec4
    %concat/vec4; draw_string_vec4
    %pushi/vec4 0, 0, 32; draw_string_vec4
    %concat/vec4; draw_string_vec4
    %pushi/vec4 0, 0, 32; draw_string_vec4
    %concat/vec4; draw_string_vec4
    %pushi/vec4 0, 0, 32; draw_string_vec4
    %concat/vec4; draw_string_vec4
    %pushi/vec4 5518880, 0, 32; draw_string_vec4
    %concat/vec4; draw_string_vec4
    %pushi/vec4 1935766560, 0, 32; draw_string_vec4
    %concat/vec4; draw_string_vec4
    %pushi/vec4 1937009004, 0, 32; draw_string_vec4
    %concat/vec4; draw_string_vec4
    %pushi/vec4 1814061932, 0, 32; draw_string_vec4
    %concat/vec4; draw_string_vec4
    %pushi/vec4 1634562149, 0, 32; draw_string_vec4
    %concat/vec4; draw_string_vec4
    %pushi/vec4 1679834400, 0, 32; draw_string_vec4
    %concat/vec4; draw_string_vec4
    %pushi/vec4 758198840, 0, 32; draw_string_vec4
    %concat/vec4; draw_string_vec4
    %store/vec4 v000001ce44c53b70_0, 0, 640;
    %pushi/vec4 128, 0, 8;
    %store/vec4 v000001ce44c547f0_0, 0, 8;
    %load/vec4 v000001ce44ca87d0_0;
    %store/vec4 v000001ce44c54750_0, 0, 8;
    %fork TD_pe_tb.check8, S_000001ce44c15330;
    %join;
    %vpi_call 2 230 "$display", "\012--- T7: Negative * Negative ---" {0 0 0};
    %fork TD_pe_tb.clear_acc, S_000001ce44c15b00;
    %join;
    %pushi/vec4 251, 0, 8;
    %store/vec4 v000001ce44ca9270_0, 0, 8;
    %fork TD_pe_tb.load_weight, S_000001ce44c151a0;
    %join;
    %pushi/vec4 253, 0, 8;
    %store/vec4 v000001ce44c53fd0_0, 0, 8;
    %fork TD_pe_tb.apply_act, S_000001ce44c15c90;
    %join;
    %pushi/vec4 0, 0, 32; draw_string_vec4
    %pushi/vec4 0, 0, 32; draw_string_vec4
    %concat/vec4; draw_string_vec4
    %pushi/vec4 0, 0, 32; draw_string_vec4
    %concat/vec4; draw_string_vec4
    %pushi/vec4 0, 0, 32; draw_string_vec4
    %concat/vec4; draw_string_vec4
    %pushi/vec4 0, 0, 32; draw_string_vec4
    %concat/vec4; draw_string_vec4
    %pushi/vec4 0, 0, 32; draw_string_vec4
    %concat/vec4; draw_string_vec4
    %pushi/vec4 0, 0, 32; draw_string_vec4
    %concat/vec4; draw_string_vec4
    %pushi/vec4 0, 0, 32; draw_string_vec4
    %concat/vec4; draw_string_vec4
    %pushi/vec4 0, 0, 32; draw_string_vec4
    %concat/vec4; draw_string_vec4
    %pushi/vec4 0, 0, 32; draw_string_vec4
    %concat/vec4; draw_string_vec4
    %pushi/vec4 0, 0, 32; draw_string_vec4
    %concat/vec4; draw_string_vec4
    %pushi/vec4 0, 0, 32; draw_string_vec4
    %concat/vec4; draw_string_vec4
    %pushi/vec4 0, 0, 32; draw_string_vec4
    %concat/vec4; draw_string_vec4
    %pushi/vec4 0, 0, 32; draw_string_vec4
    %concat/vec4; draw_string_vec4
    %pushi/vec4 0, 0, 32; draw_string_vec4
    %concat/vec4; draw_string_vec4
    %pushi/vec4 21559, 0, 32; draw_string_vec4
    %concat/vec4; draw_string_vec4
    %pushi/vec4 1629497389, 0, 32; draw_string_vec4
    %concat/vec4; draw_string_vec4
    %pushi/vec4 891890216, 0, 32; draw_string_vec4
    %concat/vec4; draw_string_vec4
    %pushi/vec4 758327584, 0, 32; draw_string_vec4
    %concat/vec4; draw_string_vec4
    %pushi/vec4 1025519925, 0, 32; draw_string_vec4
    %concat/vec4; draw_string_vec4
    %store/vec4 v000001ce44c54250_0, 0, 640;
    %pushi/vec4 15, 0, 32;
    %store/vec4 v000001ce44c53e90_0, 0, 32;
    %load/vec4 v000001ce44ca85f0_0;
    %store/vec4 v000001ce44c54890_0, 0, 32;
    %fork TD_pe_tb.check, S_000001ce44c15970;
    %join;
    %fork TD_pe_tb.clear_acc, S_000001ce44c15b00;
    %join;
    %pushi/vec4 128, 0, 8;
    %store/vec4 v000001ce44ca9270_0, 0, 8;
    %fork TD_pe_tb.load_weight, S_000001ce44c151a0;
    %join;
    %pushi/vec4 255, 0, 8;
    %store/vec4 v000001ce44c53fd0_0, 0, 8;
    %fork TD_pe_tb.apply_act, S_000001ce44c15c90;
    %join;
    %pushi/vec4 0, 0, 32; draw_string_vec4
    %pushi/vec4 0, 0, 32; draw_string_vec4
    %concat/vec4; draw_string_vec4
    %pushi/vec4 0, 0, 32; draw_string_vec4
    %concat/vec4; draw_string_vec4
    %pushi/vec4 0, 0, 32; draw_string_vec4
    %concat/vec4; draw_string_vec4
    %pushi/vec4 0, 0, 32; draw_string_vec4
    %concat/vec4; draw_string_vec4
    %pushi/vec4 0, 0, 32; draw_string_vec4
    %concat/vec4; draw_string_vec4
    %pushi/vec4 0, 0, 32; draw_string_vec4
    %concat/vec4; draw_string_vec4
    %pushi/vec4 0, 0, 32; draw_string_vec4
    %concat/vec4; draw_string_vec4
    %pushi/vec4 0, 0, 32; draw_string_vec4
    %concat/vec4; draw_string_vec4
    %pushi/vec4 0, 0, 32; draw_string_vec4
    %concat/vec4; draw_string_vec4
    %pushi/vec4 0, 0, 32; draw_string_vec4
    %concat/vec4; draw_string_vec4
    %pushi/vec4 0, 0, 32; draw_string_vec4
    %concat/vec4; draw_string_vec4
    %pushi/vec4 0, 0, 32; draw_string_vec4
    %concat/vec4; draw_string_vec4
    %pushi/vec4 84, 0, 32; draw_string_vec4
    %concat/vec4; draw_string_vec4
    %pushi/vec4 929177640, 0, 32; draw_string_vec4
    %concat/vec4; draw_string_vec4
    %pushi/vec4 758198840, 0, 32; draw_string_vec4
    %concat/vec4; draw_string_vec4
    %pushi/vec4 690628653, 0, 32; draw_string_vec4
    %concat/vec4; draw_string_vec4
    %pushi/vec4 824778866, 0, 32; draw_string_vec4
    %concat/vec4; draw_string_vec4
    %pushi/vec4 1635196989, 0, 32; draw_string_vec4
    %concat/vec4; draw_string_vec4
    %pushi/vec4 540095032, 0, 32; draw_string_vec4
    %concat/vec4; draw_string_vec4
    %store/vec4 v000001ce44c54250_0, 0, 640;
    %pushi/vec4 128, 0, 32;
    %store/vec4 v000001ce44c53e90_0, 0, 32;
    %load/vec4 v000001ce44ca85f0_0;
    %store/vec4 v000001ce44c54890_0, 0, 32;
    %fork TD_pe_tb.check, S_000001ce44c15970;
    %join;
    %pushi/vec4 0, 0, 32; draw_string_vec4
    %pushi/vec4 0, 0, 32; draw_string_vec4
    %concat/vec4; draw_string_vec4
    %pushi/vec4 0, 0, 32; draw_string_vec4
    %concat/vec4; draw_string_vec4
    %pushi/vec4 0, 0, 32; draw_string_vec4
    %concat/vec4; draw_string_vec4
    %pushi/vec4 0, 0, 32; draw_string_vec4
    %concat/vec4; draw_string_vec4
    %pushi/vec4 0, 0, 32; draw_string_vec4
    %concat/vec4; draw_string_vec4
    %pushi/vec4 0, 0, 32; draw_string_vec4
    %concat/vec4; draw_string_vec4
    %pushi/vec4 0, 0, 32; draw_string_vec4
    %concat/vec4; draw_string_vec4
    %pushi/vec4 0, 0, 32; draw_string_vec4
    %concat/vec4; draw_string_vec4
    %pushi/vec4 0, 0, 32; draw_string_vec4
    %concat/vec4; draw_string_vec4
    %pushi/vec4 0, 0, 32; draw_string_vec4
    %concat/vec4; draw_string_vec4
    %pushi/vec4 0, 0, 32; draw_string_vec4
    %concat/vec4; draw_string_vec4
    %pushi/vec4 0, 0, 32; draw_string_vec4
    %concat/vec4; draw_string_vec4
    %pushi/vec4 84, 0, 32; draw_string_vec4
    %concat/vec4; draw_string_vec4
    %pushi/vec4 929177640, 0, 32; draw_string_vec4
    %concat/vec4; draw_string_vec4
    %pushi/vec4 758198840, 0, 32; draw_string_vec4
    %concat/vec4; draw_string_vec4
    %pushi/vec4 690628653, 0, 32; draw_string_vec4
    %concat/vec4; draw_string_vec4
    %pushi/vec4 824778867, 0, 32; draw_string_vec4
    %concat/vec4; draw_string_vec4
    %pushi/vec4 1635000381, 0, 32; draw_string_vec4
    %concat/vec4; draw_string_vec4
    %pushi/vec4 540095031, 0, 32; draw_string_vec4
    %concat/vec4; draw_string_vec4
    %store/vec4 v000001ce44c53b70_0, 0, 640;
    %pushi/vec4 127, 0, 8;
    %store/vec4 v000001ce44c547f0_0, 0, 8;
    %load/vec4 v000001ce44ca87d0_0;
    %store/vec4 v000001ce44c54750_0, 0, 8;
    %fork TD_pe_tb.check8, S_000001ce44c15330;
    %join;
    %vpi_call 2 247 "$display", "\012--- T8: Negative * Positive ---" {0 0 0};
    %fork TD_pe_tb.clear_acc, S_000001ce44c15b00;
    %join;
    %pushi/vec4 249, 0, 8;
    %store/vec4 v000001ce44ca9270_0, 0, 8;
    %fork TD_pe_tb.load_weight, S_000001ce44c151a0;
    %join;
    %pushi/vec4 4, 0, 8;
    %store/vec4 v000001ce44c53fd0_0, 0, 8;
    %fork TD_pe_tb.apply_act, S_000001ce44c15c90;
    %join;
    %pushi/vec4 0, 0, 32; draw_string_vec4
    %pushi/vec4 0, 0, 32; draw_string_vec4
    %concat/vec4; draw_string_vec4
    %pushi/vec4 0, 0, 32; draw_string_vec4
    %concat/vec4; draw_string_vec4
    %pushi/vec4 0, 0, 32; draw_string_vec4
    %concat/vec4; draw_string_vec4
    %pushi/vec4 0, 0, 32; draw_string_vec4
    %concat/vec4; draw_string_vec4
    %pushi/vec4 0, 0, 32; draw_string_vec4
    %concat/vec4; draw_string_vec4
    %pushi/vec4 0, 0, 32; draw_string_vec4
    %concat/vec4; draw_string_vec4
    %pushi/vec4 0, 0, 32; draw_string_vec4
    %concat/vec4; draw_string_vec4
    %pushi/vec4 0, 0, 32; draw_string_vec4
    %concat/vec4; draw_string_vec4
    %pushi/vec4 0, 0, 32; draw_string_vec4
    %concat/vec4; draw_string_vec4
    %pushi/vec4 0, 0, 32; draw_string_vec4
    %concat/vec4; draw_string_vec4
    %pushi/vec4 0, 0, 32; draw_string_vec4
    %concat/vec4; draw_string_vec4
    %pushi/vec4 0, 0, 32; draw_string_vec4
    %concat/vec4; draw_string_vec4
    %pushi/vec4 0, 0, 32; draw_string_vec4
    %concat/vec4; draw_string_vec4
    %pushi/vec4 0, 0, 32; draw_string_vec4
    %concat/vec4; draw_string_vec4
    %pushi/vec4 0, 0, 32; draw_string_vec4
    %concat/vec4; draw_string_vec4
    %pushi/vec4 1412981024, 0, 32; draw_string_vec4
    %concat/vec4; draw_string_vec4
    %pushi/vec4 674051881, 0, 32; draw_string_vec4
    %concat/vec4; draw_string_vec4
    %pushi/vec4 708059197, 0, 32; draw_string_vec4
    %concat/vec4; draw_string_vec4
    %pushi/vec4 539832888, 0, 32; draw_string_vec4
    %concat/vec4; draw_string_vec4
    %store/vec4 v000001ce44c54250_0, 0, 640;
    %pushi/vec4 4294967268, 0, 32;
    %store/vec4 v000001ce44c53e90_0, 0, 32;
    %load/vec4 v000001ce44ca85f0_0;
    %store/vec4 v000001ce44c54890_0, 0, 32;
    %fork TD_pe_tb.check, S_000001ce44c15970;
    %join;
    %fork TD_pe_tb.clear_acc, S_000001ce44c15b00;
    %join;
    %pushi/vec4 50, 0, 8;
    %store/vec4 v000001ce44ca9270_0, 0, 8;
    %fork TD_pe_tb.load_weight, S_000001ce44c151a0;
    %join;
    %pushi/vec4 254, 0, 8;
    %store/vec4 v000001ce44c53fd0_0, 0, 8;
    %fork TD_pe_tb.apply_act, S_000001ce44c15c90;
    %join;
    %pushi/vec4 0, 0, 32; draw_string_vec4
    %pushi/vec4 0, 0, 32; draw_string_vec4
    %concat/vec4; draw_string_vec4
    %pushi/vec4 0, 0, 32; draw_string_vec4
    %concat/vec4; draw_string_vec4
    %pushi/vec4 0, 0, 32; draw_string_vec4
    %concat/vec4; draw_string_vec4
    %pushi/vec4 0, 0, 32; draw_string_vec4
    %concat/vec4; draw_string_vec4
    %pushi/vec4 0, 0, 32; draw_string_vec4
    %concat/vec4; draw_string_vec4
    %pushi/vec4 0, 0, 32; draw_string_vec4
    %concat/vec4; draw_string_vec4
    %pushi/vec4 0, 0, 32; draw_string_vec4
    %concat/vec4; draw_string_vec4
    %pushi/vec4 0, 0, 32; draw_string_vec4
    %concat/vec4; draw_string_vec4
    %pushi/vec4 0, 0, 32; draw_string_vec4
    %concat/vec4; draw_string_vec4
    %pushi/vec4 0, 0, 32; draw_string_vec4
    %concat/vec4; draw_string_vec4
    %pushi/vec4 0, 0, 32; draw_string_vec4
    %concat/vec4; draw_string_vec4
    %pushi/vec4 0, 0, 32; draw_string_vec4
    %concat/vec4; draw_string_vec4
    %pushi/vec4 0, 0, 32; draw_string_vec4
    %concat/vec4; draw_string_vec4
    %pushi/vec4 0, 0, 32; draw_string_vec4
    %concat/vec4; draw_string_vec4
    %pushi/vec4 21560, 0, 32; draw_string_vec4
    %concat/vec4; draw_string_vec4
    %pushi/vec4 1646277936, 0, 32; draw_string_vec4
    %concat/vec4; draw_string_vec4
    %pushi/vec4 707276082, 0, 32; draw_string_vec4
    %concat/vec4; draw_string_vec4
    %pushi/vec4 689978656, 0, 32; draw_string_vec4
    %concat/vec4; draw_string_vec4
    %pushi/vec4 758198320, 0, 32; draw_string_vec4
    %concat/vec4; draw_string_vec4
    %store/vec4 v000001ce44c54250_0, 0, 640;
    %pushi/vec4 4294967196, 0, 32;
    %store/vec4 v000001ce44c53e90_0, 0, 32;
    %load/vec4 v000001ce44ca85f0_0;
    %store/vec4 v000001ce44c54890_0, 0, 32;
    %fork TD_pe_tb.check, S_000001ce44c15970;
    %join;
    %vpi_call 2 263 "$display", "\012--- T9: Global reset ---" {0 0 0};
    %fork TD_pe_tb.clear_acc, S_000001ce44c15b00;
    %join;
    %pushi/vec4 42, 0, 8;
    %store/vec4 v000001ce44ca9270_0, 0, 8;
    %fork TD_pe_tb.load_weight, S_000001ce44c151a0;
    %join;
    %pushi/vec4 10, 0, 8;
    %store/vec4 v000001ce44c53fd0_0, 0, 8;
    %fork TD_pe_tb.apply_act, S_000001ce44c15c90;
    %join;
    %pushi/vec4 0, 0, 32; draw_string_vec4
    %pushi/vec4 0, 0, 32; draw_string_vec4
    %concat/vec4; draw_string_vec4
    %pushi/vec4 0, 0, 32; draw_string_vec4
    %concat/vec4; draw_string_vec4
    %pushi/vec4 0, 0, 32; draw_string_vec4
    %concat/vec4; draw_string_vec4
    %pushi/vec4 0, 0, 32; draw_string_vec4
    %concat/vec4; draw_string_vec4
    %pushi/vec4 0, 0, 32; draw_string_vec4
    %concat/vec4; draw_string_vec4
    %pushi/vec4 0, 0, 32; draw_string_vec4
    %concat/vec4; draw_string_vec4
    %pushi/vec4 0, 0, 32; draw_string_vec4
    %concat/vec4; draw_string_vec4
    %pushi/vec4 0, 0, 32; draw_string_vec4
    %concat/vec4; draw_string_vec4
    %pushi/vec4 0, 0, 32; draw_string_vec4
    %concat/vec4; draw_string_vec4
    %pushi/vec4 0, 0, 32; draw_string_vec4
    %concat/vec4; draw_string_vec4
    %pushi/vec4 0, 0, 32; draw_string_vec4
    %concat/vec4; draw_string_vec4
    %pushi/vec4 0, 0, 32; draw_string_vec4
    %concat/vec4; draw_string_vec4
    %pushi/vec4 0, 0, 32; draw_string_vec4
    %concat/vec4; draw_string_vec4
    %pushi/vec4 5519648, 0, 32; draw_string_vec4
    %concat/vec4; draw_string_vec4
    %pushi/vec4 1886545197, 0, 32; draw_string_vec4
    %concat/vec4; draw_string_vec4
    %pushi/vec4 1919251301, 0, 32; draw_string_vec4
    %concat/vec4; draw_string_vec4
    %pushi/vec4 1949966450, 0, 32; draw_string_vec4
    %concat/vec4; draw_string_vec4
    %pushi/vec4 1635196989, 0, 32; draw_string_vec4
    %concat/vec4; draw_string_vec4
    %pushi/vec4 540291632, 0, 32; draw_string_vec4
    %concat/vec4; draw_string_vec4
    %store/vec4 v000001ce44c54250_0, 0, 640;
    %pushi/vec4 420, 0, 32;
    %store/vec4 v000001ce44c53e90_0, 0, 32;
    %load/vec4 v000001ce44ca85f0_0;
    %store/vec4 v000001ce44c54890_0, 0, 32;
    %fork TD_pe_tb.check, S_000001ce44c15970;
    %join;
    %pushi/vec4 0, 0, 1;
    %store/vec4 v000001ce44ca9950_0, 0, 1;
    %wait E_000001ce44c4e170;
    %delay 1000, 0;
    %pushi/vec4 0, 0, 32; draw_string_vec4
    %pushi/vec4 0, 0, 32; draw_string_vec4
    %concat/vec4; draw_string_vec4
    %pushi/vec4 0, 0, 32; draw_string_vec4
    %concat/vec4; draw_string_vec4
    %pushi/vec4 0, 0, 32; draw_string_vec4
    %concat/vec4; draw_string_vec4
    %pushi/vec4 0, 0, 32; draw_string_vec4
    %concat/vec4; draw_string_vec4
    %pushi/vec4 0, 0, 32; draw_string_vec4
    %concat/vec4; draw_string_vec4
    %pushi/vec4 0, 0, 32; draw_string_vec4
    %concat/vec4; draw_string_vec4
    %pushi/vec4 0, 0, 32; draw_string_vec4
    %concat/vec4; draw_string_vec4
    %pushi/vec4 0, 0, 32; draw_string_vec4
    %concat/vec4; draw_string_vec4
    %pushi/vec4 0, 0, 32; draw_string_vec4
    %concat/vec4; draw_string_vec4
    %pushi/vec4 0, 0, 32; draw_string_vec4
    %concat/vec4; draw_string_vec4
    %pushi/vec4 0, 0, 32; draw_string_vec4
    %concat/vec4; draw_string_vec4
    %pushi/vec4 0, 0, 32; draw_string_vec4
    %concat/vec4; draw_string_vec4
    %pushi/vec4 0, 0, 32; draw_string_vec4
    %concat/vec4; draw_string_vec4
    %pushi/vec4 0, 0, 32; draw_string_vec4
    %concat/vec4; draw_string_vec4
    %pushi/vec4 84, 0, 32; draw_string_vec4
    %concat/vec4; draw_string_vec4
    %pushi/vec4 958427749, 0, 32; draw_string_vec4
    %concat/vec4; draw_string_vec4
    %pushi/vec4 1936028730, 0, 32; draw_string_vec4
    %concat/vec4; draw_string_vec4
    %pushi/vec4 544366967, 0, 32; draw_string_vec4
    %concat/vec4; draw_string_vec4
    %pushi/vec4 540876848, 0, 32; draw_string_vec4
    %concat/vec4; draw_string_vec4
    %store/vec4 v000001ce44c54250_0, 0, 640;
    %pushi/vec4 0, 0, 32;
    %store/vec4 v000001ce44c53e90_0, 0, 32;
    %load/vec4 v000001ce44ca85f0_0;
    %store/vec4 v000001ce44c54890_0, 0, 32;
    %fork TD_pe_tb.check, S_000001ce44c15970;
    %join;
    %pushi/vec4 0, 0, 32; draw_string_vec4
    %pushi/vec4 0, 0, 32; draw_string_vec4
    %concat/vec4; draw_string_vec4
    %pushi/vec4 0, 0, 32; draw_string_vec4
    %concat/vec4; draw_string_vec4
    %pushi/vec4 0, 0, 32; draw_string_vec4
    %concat/vec4; draw_string_vec4
    %pushi/vec4 0, 0, 32; draw_string_vec4
    %concat/vec4; draw_string_vec4
    %pushi/vec4 0, 0, 32; draw_string_vec4
    %concat/vec4; draw_string_vec4
    %pushi/vec4 0, 0, 32; draw_string_vec4
    %concat/vec4; draw_string_vec4
    %pushi/vec4 0, 0, 32; draw_string_vec4
    %concat/vec4; draw_string_vec4
    %pushi/vec4 0, 0, 32; draw_string_vec4
    %concat/vec4; draw_string_vec4
    %pushi/vec4 0, 0, 32; draw_string_vec4
    %concat/vec4; draw_string_vec4
    %pushi/vec4 0, 0, 32; draw_string_vec4
    %concat/vec4; draw_string_vec4
    %pushi/vec4 0, 0, 32; draw_string_vec4
    %concat/vec4; draw_string_vec4
    %pushi/vec4 0, 0, 32; draw_string_vec4
    %concat/vec4; draw_string_vec4
    %pushi/vec4 0, 0, 32; draw_string_vec4
    %concat/vec4; draw_string_vec4
    %pushi/vec4 0, 0, 32; draw_string_vec4
    %concat/vec4; draw_string_vec4
    %pushi/vec4 84, 0, 32; draw_string_vec4
    %concat/vec4; draw_string_vec4
    %pushi/vec4 958427749, 0, 32; draw_string_vec4
    %concat/vec4; draw_string_vec4
    %pushi/vec4 1936028730, 0, 32; draw_string_vec4
    %concat/vec4; draw_string_vec4
    %pushi/vec4 544432500, 0, 32; draw_string_vec4
    %concat/vec4; draw_string_vec4
    %pushi/vec4 540876848, 0, 32; draw_string_vec4
    %concat/vec4; draw_string_vec4
    %store/vec4 v000001ce44c53b70_0, 0, 640;
    %pushi/vec4 0, 0, 8;
    %store/vec4 v000001ce44c547f0_0, 0, 8;
    %load/vec4 v000001ce44ca87d0_0;
    %store/vec4 v000001ce44c54750_0, 0, 8;
    %fork TD_pe_tb.check8, S_000001ce44c15330;
    %join;
    %pushi/vec4 1, 0, 1;
    %store/vec4 v000001ce44ca9950_0, 0, 1;
    %wait E_000001ce44c4e170;
    %delay 1000, 0;
    %pushi/vec4 0, 0, 32; draw_string_vec4
    %pushi/vec4 0, 0, 32; draw_string_vec4
    %concat/vec4; draw_string_vec4
    %pushi/vec4 0, 0, 32; draw_string_vec4
    %concat/vec4; draw_string_vec4
    %pushi/vec4 0, 0, 32; draw_string_vec4
    %concat/vec4; draw_string_vec4
    %pushi/vec4 0, 0, 32; draw_string_vec4
    %concat/vec4; draw_string_vec4
    %pushi/vec4 0, 0, 32; draw_string_vec4
    %concat/vec4; draw_string_vec4
    %pushi/vec4 0, 0, 32; draw_string_vec4
    %concat/vec4; draw_string_vec4
    %pushi/vec4 0, 0, 32; draw_string_vec4
    %concat/vec4; draw_string_vec4
    %pushi/vec4 0, 0, 32; draw_string_vec4
    %concat/vec4; draw_string_vec4
    %pushi/vec4 0, 0, 32; draw_string_vec4
    %concat/vec4; draw_string_vec4
    %pushi/vec4 0, 0, 32; draw_string_vec4
    %concat/vec4; draw_string_vec4
    %pushi/vec4 0, 0, 32; draw_string_vec4
    %concat/vec4; draw_string_vec4
    %pushi/vec4 0, 0, 32; draw_string_vec4
    %concat/vec4; draw_string_vec4
    %pushi/vec4 21561, 0, 32; draw_string_vec4
    %concat/vec4; draw_string_vec4
    %pushi/vec4 544239475, 0, 32; draw_string_vec4
    %concat/vec4; draw_string_vec4
    %pushi/vec4 1949135461, 0, 32; draw_string_vec4
    %concat/vec4; draw_string_vec4
    %pushi/vec4 1936028730, 0, 32; draw_string_vec4
    %concat/vec4; draw_string_vec4
    %pushi/vec4 544366967, 0, 32; draw_string_vec4
    %concat/vec4; draw_string_vec4
    %pushi/vec4 544437353, 0, 32; draw_string_vec4
    %concat/vec4; draw_string_vec4
    %pushi/vec4 1819025456, 0, 32; draw_string_vec4
    %concat/vec4; draw_string_vec4
    %store/vec4 v000001ce44c54250_0, 0, 640;
    %pushi/vec4 0, 0, 32;
    %store/vec4 v000001ce44c53e90_0, 0, 32;
    %load/vec4 v000001ce44ca85f0_0;
    %store/vec4 v000001ce44c54890_0, 0, 32;
    %fork TD_pe_tb.check, S_000001ce44c15970;
    %join;
    %pushi/vec4 10, 0, 8;
    %store/vec4 v000001ce44c53fd0_0, 0, 8;
    %fork TD_pe_tb.apply_act, S_000001ce44c15c90;
    %join;
    %pushi/vec4 0, 0, 32; draw_string_vec4
    %pushi/vec4 0, 0, 32; draw_string_vec4
    %concat/vec4; draw_string_vec4
    %pushi/vec4 0, 0, 32; draw_string_vec4
    %concat/vec4; draw_string_vec4
    %pushi/vec4 0, 0, 32; draw_string_vec4
    %concat/vec4; draw_string_vec4
    %pushi/vec4 0, 0, 32; draw_string_vec4
    %concat/vec4; draw_string_vec4
    %pushi/vec4 0, 0, 32; draw_string_vec4
    %concat/vec4; draw_string_vec4
    %pushi/vec4 0, 0, 32; draw_string_vec4
    %concat/vec4; draw_string_vec4
    %pushi/vec4 0, 0, 32; draw_string_vec4
    %concat/vec4; draw_string_vec4
    %pushi/vec4 0, 0, 32; draw_string_vec4
    %concat/vec4; draw_string_vec4
    %pushi/vec4 0, 0, 32; draw_string_vec4
    %concat/vec4; draw_string_vec4
    %pushi/vec4 0, 0, 32; draw_string_vec4
    %concat/vec4; draw_string_vec4
    %pushi/vec4 0, 0, 32; draw_string_vec4
    %concat/vec4; draw_string_vec4
    %pushi/vec4 0, 0, 32; draw_string_vec4
    %concat/vec4; draw_string_vec4
    %pushi/vec4 5519648, 0, 32; draw_string_vec4
    %concat/vec4; draw_string_vec4
    %pushi/vec4 2003134823, 0, 32; draw_string_vec4
    %concat/vec4; draw_string_vec4
    %pushi/vec4 1752440931, 0, 32; draw_string_vec4
    %concat/vec4; draw_string_vec4
    %pushi/vec4 1818583410, 0, 32; draw_string_vec4
    %concat/vec4; draw_string_vec4
    %pushi/vec4 1701067296, 0, 32; draw_string_vec4
    %concat/vec4; draw_string_vec4
    %pushi/vec4 808071472, 0, 32; draw_string_vec4
    %concat/vec4; draw_string_vec4
    %pushi/vec4 540876848, 0, 32; draw_string_vec4
    %concat/vec4; draw_string_vec4
    %store/vec4 v000001ce44c54250_0, 0, 640;
    %pushi/vec4 0, 0, 32;
    %store/vec4 v000001ce44c53e90_0, 0, 32;
    %load/vec4 v000001ce44ca85f0_0;
    %store/vec4 v000001ce44c54890_0, 0, 32;
    %fork TD_pe_tb.check, S_000001ce44c15970;
    %join;
    %pushi/vec4 0, 0, 8;
    %store/vec4 v000001ce44ca9b30_0, 0, 8;
    %vpi_call 2 289 "$display", "\012--- T10: Activation pass-through ---" {0 0 0};
    %pushi/vec4 42, 0, 8;
    %store/vec4 v000001ce44ca9b30_0, 0, 8;
    %wait E_000001ce44c4e170;
    %delay 1000, 0;
    %pushi/vec4 0, 0, 32; draw_string_vec4
    %pushi/vec4 0, 0, 32; draw_string_vec4
    %concat/vec4; draw_string_vec4
    %pushi/vec4 0, 0, 32; draw_string_vec4
    %concat/vec4; draw_string_vec4
    %pushi/vec4 0, 0, 32; draw_string_vec4
    %concat/vec4; draw_string_vec4
    %pushi/vec4 0, 0, 32; draw_string_vec4
    %concat/vec4; draw_string_vec4
    %pushi/vec4 0, 0, 32; draw_string_vec4
    %concat/vec4; draw_string_vec4
    %pushi/vec4 0, 0, 32; draw_string_vec4
    %concat/vec4; draw_string_vec4
    %pushi/vec4 0, 0, 32; draw_string_vec4
    %concat/vec4; draw_string_vec4
    %pushi/vec4 0, 0, 32; draw_string_vec4
    %concat/vec4; draw_string_vec4
    %pushi/vec4 0, 0, 32; draw_string_vec4
    %concat/vec4; draw_string_vec4
    %pushi/vec4 0, 0, 32; draw_string_vec4
    %concat/vec4; draw_string_vec4
    %pushi/vec4 0, 0, 32; draw_string_vec4
    %concat/vec4; draw_string_vec4
    %pushi/vec4 0, 0, 32; draw_string_vec4
    %concat/vec4; draw_string_vec4
    %pushi/vec4 0, 0, 32; draw_string_vec4
    %concat/vec4; draw_string_vec4
    %pushi/vec4 0, 0, 32; draw_string_vec4
    %concat/vec4; draw_string_vec4
    %pushi/vec4 0, 0, 32; draw_string_vec4
    %concat/vec4; draw_string_vec4
    %pushi/vec4 1412509728, 0, 32; draw_string_vec4
    %concat/vec4; draw_string_vec4
    %pushi/vec4 1633907807, 0, 32; draw_string_vec4
    %concat/vec4; draw_string_vec4
    %pushi/vec4 1869968416, 0, 32; draw_string_vec4
    %concat/vec4; draw_string_vec4
    %pushi/vec4 1025520690, 0, 32; draw_string_vec4
    %concat/vec4; draw_string_vec4
    %store/vec4 v000001ce44c53b70_0, 0, 640;
    %pushi/vec4 42, 0, 8;
    %store/vec4 v000001ce44c547f0_0, 0, 8;
    %load/vec4 v000001ce44ca8370_0;
    %store/vec4 v000001ce44c54750_0, 0, 8;
    %fork TD_pe_tb.check8, S_000001ce44c15330;
    %join;
    %pushi/vec4 156, 0, 8;
    %store/vec4 v000001ce44ca9b30_0, 0, 8;
    %wait E_000001ce44c4e170;
    %delay 1000, 0;
    %pushi/vec4 0, 0, 32; draw_string_vec4
    %pushi/vec4 0, 0, 32; draw_string_vec4
    %concat/vec4; draw_string_vec4
    %pushi/vec4 0, 0, 32; draw_string_vec4
    %concat/vec4; draw_string_vec4
    %pushi/vec4 0, 0, 32; draw_string_vec4
    %concat/vec4; draw_string_vec4
    %pushi/vec4 0, 0, 32; draw_string_vec4
    %concat/vec4; draw_string_vec4
    %pushi/vec4 0, 0, 32; draw_string_vec4
    %concat/vec4; draw_string_vec4
    %pushi/vec4 0, 0, 32; draw_string_vec4
    %concat/vec4; draw_string_vec4
    %pushi/vec4 0, 0, 32; draw_string_vec4
    %concat/vec4; draw_string_vec4
    %pushi/vec4 0, 0, 32; draw_string_vec4
    %concat/vec4; draw_string_vec4
    %pushi/vec4 0, 0, 32; draw_string_vec4
    %concat/vec4; draw_string_vec4
    %pushi/vec4 0, 0, 32; draw_string_vec4
    %concat/vec4; draw_string_vec4
    %pushi/vec4 0, 0, 32; draw_string_vec4
    %concat/vec4; draw_string_vec4
    %pushi/vec4 0, 0, 32; draw_string_vec4
    %concat/vec4; draw_string_vec4
    %pushi/vec4 0, 0, 32; draw_string_vec4
    %concat/vec4; draw_string_vec4
    %pushi/vec4 0, 0, 32; draw_string_vec4
    %concat/vec4; draw_string_vec4
    %pushi/vec4 21553, 0, 32; draw_string_vec4
    %concat/vec4; draw_string_vec4
    %pushi/vec4 807428451, 0, 32; draw_string_vec4
    %concat/vec4; draw_string_vec4
    %pushi/vec4 1952411509, 0, 32; draw_string_vec4
    %concat/vec4; draw_string_vec4
    %pushi/vec4 1948269856, 0, 32; draw_string_vec4
    %concat/vec4; draw_string_vec4
    %pushi/vec4 758198320, 0, 32; draw_string_vec4
    %concat/vec4; draw_string_vec4
    %store/vec4 v000001ce44c53b70_0, 0, 640;
    %pushi/vec4 156, 0, 8;
    %store/vec4 v000001ce44c547f0_0, 0, 8;
    %load/vec4 v000001ce44ca8370_0;
    %store/vec4 v000001ce44c54750_0, 0, 8;
    %fork TD_pe_tb.check8, S_000001ce44c15330;
    %join;
    %pushi/vec4 0, 0, 8;
    %store/vec4 v000001ce44ca9b30_0, 0, 8;
    %vpi_call 2 301 "$display", "\012================================================" {0 0 0};
    %vpi_call 2 302 "$display", "  Results: %0d passed, %0d failed", v000001ce44ca9c70_0, v000001ce44ca9a90_0 {0 0 0};
    %vpi_call 2 303 "$display", "================================================" {0 0 0};
    %load/vec4 v000001ce44ca9a90_0;
    %cmpi/e 0, 0, 32;
    %jmp/0xz  T_11.0, 4;
    %vpi_call 2 305 "$display", "  >>> ALL TESTS PASSED <<<" {0 0 0};
    %jmp T_11.1;
T_11.0 ;
    %vpi_call 2 307 "$display", "  >>> SOME TESTS FAILED <<<" {0 0 0};
T_11.1 ;
    %vpi_call 2 308 "$display", "================================================\012" {0 0 0};
    %vpi_call 2 309 "$finish" {0 0 0};
    %end;
    .thread T_11;
# The file index is used to find the file name in the following table.
:file_names 4;
    "N/A";
    "<interactive>";
    "tb/pe_tb.v";
    "rtl/pe.v";
