#! /c/Source/iverilog-install/bin/vvp
:ivl_version "12.0 (devel)" "(s20150603-1539-g2693dd32b)";
:ivl_delay_selection "TYPICAL";
:vpi_time_precision - 12;
:vpi_module "C:\iverilog\lib\ivl\system.vpi";
:vpi_module "C:\iverilog\lib\ivl\vhdl_sys.vpi";
:vpi_module "C:\iverilog\lib\ivl\vhdl_textio.vpi";
:vpi_module "C:\iverilog\lib\ivl\v2005_math.vpi";
:vpi_module "C:\iverilog\lib\ivl\va_math.vpi";
S_000002693b6a3420 .scope module, "pe_psum_tb" "pe_psum_tb" 2 13;
 .timescale -9 -12;
P_000002693b658540 .param/l "ACC_WIDTH" 0 2 16, +C4<00000000000000000000000000100000>;
P_000002693b658578 .param/l "DATA_WIDTH" 0 2 15, +C4<00000000000000000000000000001000>;
v000002693b730690_0 .var "clk", 0 0;
v000002693b731090_0 .var "clk_en", 0 0;
v000002693b730370_0 .var/i "fail_count", 31 0;
v000002693b731270_0 .var/i "pass_count", 31 0;
v000002693b7304b0_0 .var "pe0_acc_clear", 0 0;
v000002693b731310_0 .var/s "pe0_act_in", 7 0;
v000002693b730550_0 .net/s "pe0_act_out", 7 0, v000002693b6c7b10_0;  1 drivers
v000002693b7313b0_0 .var/s "pe0_psum_in", 31 0;
v000002693b7314f0_0 .net/s "pe0_psum_out", 31 0, v000002693b730050_0;  1 drivers
v000002693b731590_0 .net/s "pe0_result_raw", 31 0, L_000002693b6c53a0;  1 drivers
v000002693b7316d0_0 .net/s "pe0_result_sat", 7 0, L_000002693b732490;  1 drivers
v000002693b7319f0_0 .var/s "pe0_weight_in", 7 0;
v000002693b731bd0_0 .var "pe0_weight_load", 0 0;
v000002693b731c70_0 .var "pe1_acc_clear", 0 0;
v000002693b72fdd0_0 .net/s "pe1_act_out", 7 0, v000002693b730a50_0;  1 drivers
v000002693b72fe70_0 .net/s "pe1_psum_out", 31 0, v000002693b731810_0;  1 drivers
v000002693b733610_0 .net/s "pe1_result_raw", 31 0, L_000002693b6c5aa0;  1 drivers
v000002693b7322b0_0 .net/s "pe1_result_sat", 7 0, L_000002693b7334d0;  1 drivers
v000002693b732030_0 .var/s "pe1_weight_in", 7 0;
v000002693b732530_0 .var "pe1_weight_load", 0 0;
v000002693b733b10_0 .var "rst_n", 0 0;
S_000002693b6cb960 .scope task, "check" "check" 2 91, 2 91 0, S_000002693b6a3420;
 .timescale -9 -12;
v000002693b6c7f70_0 .var/s "actual", 31 0;
v000002693b6c7250_0 .var/s "expected", 31 0;
v000002693b6c79d0_0 .var "name", 639 0;
TD_pe_psum_tb.check ;
    %load/vec4 v000002693b6c7250_0;
    %load/vec4 v000002693b6c7f70_0;
    %cmp/e;
    %jmp/0xz  T_0.0, 6;
    %vpi_call 2 97 "$display", "[PASS] %0s : expected %0d, got %0d", v000002693b6c79d0_0, v000002693b6c7250_0, v000002693b6c7f70_0 {0 0 0};
    %load/vec4 v000002693b731270_0;
    %addi 1, 0, 32;
    %store/vec4 v000002693b731270_0, 0, 32;
    %jmp T_0.1;
T_0.0 ;
    %vpi_call 2 100 "$display", "[FAIL] %0s : expected %0d, got %0d", v000002693b6c79d0_0, v000002693b6c7250_0, v000002693b6c7f70_0 {0 0 0};
    %load/vec4 v000002693b730370_0;
    %addi 1, 0, 32;
    %store/vec4 v000002693b730370_0, 0, 32;
T_0.1 ;
    %end;
S_000002693b6d9b00 .scope task, "check8" "check8" 2 106, 2 106 0, S_000002693b6a3420;
 .timescale -9 -12;
v000002693b6c71b0_0 .var/s "actual", 7 0;
v000002693b6c72f0_0 .var/s "expected", 7 0;
v000002693b6c7390_0 .var "name", 639 0;
TD_pe_psum_tb.check8 ;
    %load/vec4 v000002693b6c72f0_0;
    %load/vec4 v000002693b6c71b0_0;
    %cmp/e;
    %jmp/0xz  T_1.2, 6;
    %vpi_call 2 112 "$display", "[PASS] %0s : expected %0d, got %0d", v000002693b6c7390_0, v000002693b6c72f0_0, v000002693b6c71b0_0 {0 0 0};
    %load/vec4 v000002693b731270_0;
    %addi 1, 0, 32;
    %store/vec4 v000002693b731270_0, 0, 32;
    %jmp T_1.3;
T_1.2 ;
    %vpi_call 2 115 "$display", "[FAIL] %0s : expected %0d, got %0d", v000002693b6c7390_0, v000002693b6c72f0_0, v000002693b6c71b0_0 {0 0 0};
    %load/vec4 v000002693b730370_0;
    %addi 1, 0, 32;
    %store/vec4 v000002693b730370_0, 0, 32;
T_1.3 ;
    %end;
S_000002693b6ce600 .scope module, "pe0" "pe" 2 50, 3 16 0, S_000002693b6a3420;
 .timescale 0 0;
    .port_info 0 /INPUT 1 "clk";
    .port_info 1 /INPUT 1 "rst_n";
    .port_info 2 /INPUT 1 "clk_en";
    .port_info 3 /INPUT 1 "weight_load";
    .port_info 4 /INPUT 8 "weight_in";
    .port_info 5 /INPUT 1 "acc_clear";
    .port_info 6 /INPUT 8 "act_in";
    .port_info 7 /INPUT 32 "psum_in";
    .port_info 8 /OUTPUT 8 "act_out";
    .port_info 9 /OUTPUT 32 "psum_out";
    .port_info 10 /OUTPUT 32 "result_raw";
    .port_info 11 /OUTPUT 8 "result_sat";
P_000002693b672ce0 .param/l "ACC_WIDTH" 0 3 18, +C4<00000000000000000000000000100000>;
P_000002693b672d18 .param/l "DATA_WIDTH" 0 3 17, +C4<00000000000000000000000000001000>;
P_000002693b672d50 .param/l "SAT_MAX" 1 3 43, +C4<00000000000000000000000001111111>;
P_000002693b672d88 .param/l "SAT_MIN" 1 3 44, +C4<11111111111111111111111110000000>;
L_000002693b6c53a0 .functor BUFZ 32, v000002693b6c7610_0, C4<00000000000000000000000000000000>, C4<00000000000000000000000000000000>, C4<00000000000000000000000000000000>;
v000002693b6c7c50_0 .net/s *"_ivl_0", 31 0, L_000002693b7336b0;  1 drivers
v000002693b6c7a70_0 .net *"_ivl_10", 0 0, L_000002693b732210;  1 drivers
L_000002693b7600d0 .functor BUFT 1, C4<01111111>, C4<0>, C4<0>, C4<0>;
v000002693b6c7d90_0 .net/2u *"_ivl_12", 7 0, L_000002693b7600d0;  1 drivers
L_000002693b760118 .functor BUFT 1, C4<11111111111111111111111110000000>, C4<0>, C4<0>, C4<0>;
v000002693b6c7e30_0 .net/2s *"_ivl_14", 31 0, L_000002693b760118;  1 drivers
v000002693b6c7ed0_0 .net *"_ivl_16", 0 0, L_000002693b731ef0;  1 drivers
L_000002693b760160 .functor BUFT 1, C4<10000000>, C4<0>, C4<0>, C4<0>;
v000002693b6c7430_0 .net/2u *"_ivl_18", 7 0, L_000002693b760160;  1 drivers
v000002693b6c77f0_0 .net/s *"_ivl_2", 31 0, L_000002693b7328f0;  1 drivers
v000002693b6c7890_0 .net *"_ivl_21", 7 0, L_000002693b732c10;  1 drivers
v000002693b6c74d0_0 .net *"_ivl_22", 7 0, L_000002693b733cf0;  1 drivers
L_000002693b760088 .functor BUFT 1, C4<00000000000000000000000001111111>, C4<0>, C4<0>, C4<0>;
v000002693b6c7cf0_0 .net/2s *"_ivl_8", 31 0, L_000002693b760088;  1 drivers
v000002693b6c7930_0 .net "acc_clear", 0 0, v000002693b7304b0_0;  1 drivers
v000002693b6c7610_0 .var/s "acc_reg", 31 0;
v000002693b6c7070_0 .net/s "act_in", 7 0, v000002693b731310_0;  1 drivers
v000002693b6c7b10_0 .var/s "act_out", 7 0;
v000002693b6c7110_0 .net "clk", 0 0, v000002693b730690_0;  1 drivers
v000002693b6c76b0_0 .net "clk_en", 0 0, v000002693b731090_0;  1 drivers
v000002693b730af0_0 .net/s "product", 31 0, L_000002693b732df0;  1 drivers
v000002693b730ff0_0 .net/s "psum_in", 31 0, v000002693b7313b0_0;  1 drivers
v000002693b730050_0 .var/s "psum_out", 31 0;
v000002693b730b90_0 .net/s "result_raw", 31 0, L_000002693b6c53a0;  alias, 1 drivers
v000002693b730730_0 .net/s "result_sat", 7 0, L_000002693b732490;  alias, 1 drivers
v000002693b7300f0_0 .net "rst_n", 0 0, v000002693b733b10_0;  1 drivers
v000002693b730190_0 .net/s "weight_in", 7 0, v000002693b7319f0_0;  1 drivers
v000002693b730910_0 .net "weight_load", 0 0, v000002693b731bd0_0;  1 drivers
v000002693b730870_0 .var/s "weight_reg", 7 0;
E_000002693b6d6a70 .event posedge, v000002693b6c7110_0;
L_000002693b7336b0 .extend/s 32, v000002693b730870_0;
L_000002693b7328f0 .extend/s 32, v000002693b731310_0;
L_000002693b732df0 .arith/mult 32, L_000002693b7336b0, L_000002693b7328f0;
L_000002693b732210 .cmp/gt.s 32, v000002693b6c7610_0, L_000002693b760088;
L_000002693b731ef0 .cmp/gt.s 32, L_000002693b760118, v000002693b6c7610_0;
L_000002693b732c10 .part v000002693b6c7610_0, 0, 8;
L_000002693b733cf0 .functor MUXZ 8, L_000002693b732c10, L_000002693b760160, L_000002693b731ef0, C4<>;
L_000002693b732490 .functor MUXZ 8, L_000002693b733cf0, L_000002693b7600d0, L_000002693b732210, C4<>;
S_000002693b672ee0 .scope module, "pe1" "pe" 2 71, 3 16 0, S_000002693b6a3420;
 .timescale 0 0;
    .port_info 0 /INPUT 1 "clk";
    .port_info 1 /INPUT 1 "rst_n";
    .port_info 2 /INPUT 1 "clk_en";
    .port_info 3 /INPUT 1 "weight_load";
    .port_info 4 /INPUT 8 "weight_in";
    .port_info 5 /INPUT 1 "acc_clear";
    .port_info 6 /INPUT 8 "act_in";
    .port_info 7 /INPUT 32 "psum_in";
    .port_info 8 /OUTPUT 8 "act_out";
    .port_info 9 /OUTPUT 32 "psum_out";
    .port_info 10 /OUTPUT 32 "result_raw";
    .port_info 11 /OUTPUT 8 "result_sat";
P_000002693b673070 .param/l "ACC_WIDTH" 0 3 18, +C4<00000000000000000000000000100000>;
P_000002693b6730a8 .param/l "DATA_WIDTH" 0 3 17, +C4<00000000000000000000000000001000>;
P_000002693b6730e0 .param/l "SAT_MAX" 1 3 43, +C4<00000000000000000000000001111111>;
P_000002693b673118 .param/l "SAT_MIN" 1 3 44, +C4<11111111111111111111111110000000>;
L_000002693b6c5aa0 .functor BUFZ 32, v000002693b7302d0_0, C4<00000000000000000000000000000000>, C4<00000000000000000000000000000000>, C4<00000000000000000000000000000000>;
v000002693b731770_0 .net/s *"_ivl_0", 31 0, L_000002693b732f30;  1 drivers
v000002693b7307d0_0 .net *"_ivl_10", 0 0, L_000002693b7332f0;  1 drivers
L_000002693b7601f0 .functor BUFT 1, C4<01111111>, C4<0>, C4<0>, C4<0>;
v000002693b730d70_0 .net/2u *"_ivl_12", 7 0, L_000002693b7601f0;  1 drivers
L_000002693b760238 .functor BUFT 1, C4<11111111111111111111111110000000>, C4<0>, C4<0>, C4<0>;
v000002693b731630_0 .net/2s *"_ivl_14", 31 0, L_000002693b760238;  1 drivers
v000002693b7305f0_0 .net *"_ivl_16", 0 0, L_000002693b732e90;  1 drivers
L_000002693b760280 .functor BUFT 1, C4<10000000>, C4<0>, C4<0>, C4<0>;
v000002693b730e10_0 .net/2u *"_ivl_18", 7 0, L_000002693b760280;  1 drivers
v000002693b7309b0_0 .net/s *"_ivl_2", 31 0, L_000002693b733070;  1 drivers
v000002693b730230_0 .net *"_ivl_21", 7 0, L_000002693b733a70;  1 drivers
v000002693b7318b0_0 .net *"_ivl_22", 7 0, L_000002693b7320d0;  1 drivers
L_000002693b7601a8 .functor BUFT 1, C4<00000000000000000000000001111111>, C4<0>, C4<0>, C4<0>;
v000002693b731a90_0 .net/2s *"_ivl_8", 31 0, L_000002693b7601a8;  1 drivers
v000002693b730c30_0 .net "acc_clear", 0 0, v000002693b731c70_0;  1 drivers
v000002693b7302d0_0 .var/s "acc_reg", 31 0;
v000002693b730410_0 .net/s "act_in", 7 0, v000002693b6c7b10_0;  alias, 1 drivers
v000002693b730a50_0 .var/s "act_out", 7 0;
v000002693b731b30_0 .net "clk", 0 0, v000002693b730690_0;  alias, 1 drivers
v000002693b730eb0_0 .net "clk_en", 0 0, v000002693b731090_0;  alias, 1 drivers
v000002693b730cd0_0 .net/s "product", 31 0, L_000002693b7337f0;  1 drivers
v000002693b730f50_0 .net/s "psum_in", 31 0, v000002693b730050_0;  alias, 1 drivers
v000002693b731810_0 .var/s "psum_out", 31 0;
v000002693b731450_0 .net/s "result_raw", 31 0, L_000002693b6c5aa0;  alias, 1 drivers
v000002693b731950_0 .net/s "result_sat", 7 0, L_000002693b7334d0;  alias, 1 drivers
v000002693b72ffb0_0 .net "rst_n", 0 0, v000002693b733b10_0;  alias, 1 drivers
v000002693b731130_0 .net/s "weight_in", 7 0, v000002693b732030_0;  1 drivers
v000002693b72ff10_0 .net "weight_load", 0 0, v000002693b732530_0;  1 drivers
v000002693b7311d0_0 .var/s "weight_reg", 7 0;
L_000002693b732f30 .extend/s 32, v000002693b7311d0_0;
L_000002693b733070 .extend/s 32, v000002693b6c7b10_0;
L_000002693b7337f0 .arith/mult 32, L_000002693b732f30, L_000002693b733070;
L_000002693b7332f0 .cmp/gt.s 32, v000002693b7302d0_0, L_000002693b7601a8;
L_000002693b732e90 .cmp/gt.s 32, L_000002693b760238, v000002693b7302d0_0;
L_000002693b733a70 .part v000002693b7302d0_0, 0, 8;
L_000002693b7320d0 .functor MUXZ 8, L_000002693b733a70, L_000002693b760280, L_000002693b732e90, C4<>;
L_000002693b7334d0 .functor MUXZ 8, L_000002693b7320d0, L_000002693b7601f0, L_000002693b7332f0, C4<>;
    .scope S_000002693b6ce600;
T_2 ;
    %wait E_000002693b6d6a70;
    %load/vec4 v000002693b7300f0_0;
    %nor/r;
    %flag_set/vec4 8;
    %jmp/0xz  T_2.0, 8;
    %pushi/vec4 0, 0, 8;
    %assign/vec4 v000002693b730870_0, 0;
    %jmp T_2.1;
T_2.0 ;
    %load/vec4 v000002693b6c76b0_0;
    %flag_set/vec4 9;
    %flag_get/vec4 9;
    %jmp/0 T_2.4, 9;
    %load/vec4 v000002693b730910_0;
    %and;
T_2.4;
    %flag_set/vec4 8;
    %jmp/0xz  T_2.2, 8;
    %load/vec4 v000002693b730190_0;
    %assign/vec4 v000002693b730870_0, 0;
T_2.2 ;
T_2.1 ;
    %jmp T_2;
    .thread T_2;
    .scope S_000002693b6ce600;
T_3 ;
    %wait E_000002693b6d6a70;
    %load/vec4 v000002693b7300f0_0;
    %nor/r;
    %flag_set/vec4 8;
    %jmp/0xz  T_3.0, 8;
    %pushi/vec4 0, 0, 32;
    %assign/vec4 v000002693b6c7610_0, 0;
    %jmp T_3.1;
T_3.0 ;
    %load/vec4 v000002693b6c76b0_0;
    %flag_set/vec4 8;
    %jmp/0xz  T_3.2, 8;
    %load/vec4 v000002693b6c7930_0;
    %flag_set/vec4 8;
    %jmp/0xz  T_3.4, 8;
    %pushi/vec4 0, 0, 32;
    %assign/vec4 v000002693b6c7610_0, 0;
    %jmp T_3.5;
T_3.4 ;
    %load/vec4 v000002693b730910_0;
    %nor/r;
    %flag_set/vec4 8;
    %jmp/0xz  T_3.6, 8;
    %load/vec4 v000002693b6c7610_0;
    %load/vec4 v000002693b730af0_0;
    %add;
    %assign/vec4 v000002693b6c7610_0, 0;
T_3.6 ;
T_3.5 ;
T_3.2 ;
T_3.1 ;
    %jmp T_3;
    .thread T_3;
    .scope S_000002693b6ce600;
T_4 ;
    %wait E_000002693b6d6a70;
    %load/vec4 v000002693b7300f0_0;
    %nor/r;
    %flag_set/vec4 8;
    %jmp/0xz  T_4.0, 8;
    %pushi/vec4 0, 0, 8;
    %assign/vec4 v000002693b6c7b10_0, 0;
    %jmp T_4.1;
T_4.0 ;
    %load/vec4 v000002693b6c76b0_0;
    %flag_set/vec4 8;
    %jmp/0xz  T_4.2, 8;
    %load/vec4 v000002693b6c7070_0;
    %assign/vec4 v000002693b6c7b10_0, 0;
T_4.2 ;
T_4.1 ;
    %jmp T_4;
    .thread T_4;
    .scope S_000002693b6ce600;
T_5 ;
    %wait E_000002693b6d6a70;
    %load/vec4 v000002693b7300f0_0;
    %nor/r;
    %flag_set/vec4 8;
    %jmp/0xz  T_5.0, 8;
    %pushi/vec4 0, 0, 32;
    %assign/vec4 v000002693b730050_0, 0;
    %jmp T_5.1;
T_5.0 ;
    %load/vec4 v000002693b6c76b0_0;
    %flag_set/vec4 9;
    %flag_get/vec4 9;
    %jmp/0 T_5.4, 9;
    %load/vec4 v000002693b730910_0;
    %nor/r;
    %and;
T_5.4;
    %flag_set/vec4 8;
    %jmp/0xz  T_5.2, 8;
    %load/vec4 v000002693b730ff0_0;
    %load/vec4 v000002693b730af0_0;
    %add;
    %assign/vec4 v000002693b730050_0, 0;
T_5.2 ;
T_5.1 ;
    %jmp T_5;
    .thread T_5;
    .scope S_000002693b672ee0;
T_6 ;
    %wait E_000002693b6d6a70;
    %load/vec4 v000002693b72ffb0_0;
    %nor/r;
    %flag_set/vec4 8;
    %jmp/0xz  T_6.0, 8;
    %pushi/vec4 0, 0, 8;
    %assign/vec4 v000002693b7311d0_0, 0;
    %jmp T_6.1;
T_6.0 ;
    %load/vec4 v000002693b730eb0_0;
    %flag_set/vec4 9;
    %flag_get/vec4 9;
    %jmp/0 T_6.4, 9;
    %load/vec4 v000002693b72ff10_0;
    %and;
T_6.4;
    %flag_set/vec4 8;
    %jmp/0xz  T_6.2, 8;
    %load/vec4 v000002693b731130_0;
    %assign/vec4 v000002693b7311d0_0, 0;
T_6.2 ;
T_6.1 ;
    %jmp T_6;
    .thread T_6;
    .scope S_000002693b672ee0;
T_7 ;
    %wait E_000002693b6d6a70;
    %load/vec4 v000002693b72ffb0_0;
    %nor/r;
    %flag_set/vec4 8;
    %jmp/0xz  T_7.0, 8;
    %pushi/vec4 0, 0, 32;
    %assign/vec4 v000002693b7302d0_0, 0;
    %jmp T_7.1;
T_7.0 ;
    %load/vec4 v000002693b730eb0_0;
    %flag_set/vec4 8;
    %jmp/0xz  T_7.2, 8;
    %load/vec4 v000002693b730c30_0;
    %flag_set/vec4 8;
    %jmp/0xz  T_7.4, 8;
    %pushi/vec4 0, 0, 32;
    %assign/vec4 v000002693b7302d0_0, 0;
    %jmp T_7.5;
T_7.4 ;
    %load/vec4 v000002693b72ff10_0;
    %nor/r;
    %flag_set/vec4 8;
    %jmp/0xz  T_7.6, 8;
    %load/vec4 v000002693b7302d0_0;
    %load/vec4 v000002693b730cd0_0;
    %add;
    %assign/vec4 v000002693b7302d0_0, 0;
T_7.6 ;
T_7.5 ;
T_7.2 ;
T_7.1 ;
    %jmp T_7;
    .thread T_7;
    .scope S_000002693b672ee0;
T_8 ;
    %wait E_000002693b6d6a70;
    %load/vec4 v000002693b72ffb0_0;
    %nor/r;
    %flag_set/vec4 8;
    %jmp/0xz  T_8.0, 8;
    %pushi/vec4 0, 0, 8;
    %assign/vec4 v000002693b730a50_0, 0;
    %jmp T_8.1;
T_8.0 ;
    %load/vec4 v000002693b730eb0_0;
    %flag_set/vec4 8;
    %jmp/0xz  T_8.2, 8;
    %load/vec4 v000002693b730410_0;
    %assign/vec4 v000002693b730a50_0, 0;
T_8.2 ;
T_8.1 ;
    %jmp T_8;
    .thread T_8;
    .scope S_000002693b672ee0;
T_9 ;
    %wait E_000002693b6d6a70;
    %load/vec4 v000002693b72ffb0_0;
    %nor/r;
    %flag_set/vec4 8;
    %jmp/0xz  T_9.0, 8;
    %pushi/vec4 0, 0, 32;
    %assign/vec4 v000002693b731810_0, 0;
    %jmp T_9.1;
T_9.0 ;
    %load/vec4 v000002693b730eb0_0;
    %flag_set/vec4 9;
    %flag_get/vec4 9;
    %jmp/0 T_9.4, 9;
    %load/vec4 v000002693b72ff10_0;
    %nor/r;
    %and;
T_9.4;
    %flag_set/vec4 8;
    %jmp/0xz  T_9.2, 8;
    %load/vec4 v000002693b730f50_0;
    %load/vec4 v000002693b730cd0_0;
    %add;
    %assign/vec4 v000002693b731810_0, 0;
T_9.2 ;
T_9.1 ;
    %jmp T_9;
    .thread T_9;
    .scope S_000002693b6a3420;
T_10 ;
    %pushi/vec4 0, 0, 1;
    %store/vec4 v000002693b730690_0, 0, 1;
    %end;
    .thread T_10;
    .scope S_000002693b6a3420;
T_11 ;
    %delay 5000, 0;
    %load/vec4 v000002693b730690_0;
    %inv;
    %store/vec4 v000002693b730690_0, 0, 1;
    %jmp T_11;
    .thread T_11;
    .scope S_000002693b6a3420;
T_12 ;
    %vpi_call 2 122 "$display", "================================================" {0 0 0};
    %vpi_call 2 123 "$display", "  PE Spatial & psum Testbench  (Phase 2a)" {0 0 0};
    %vpi_call 2 124 "$display", "================================================" {0 0 0};
    %pushi/vec4 0, 0, 32;
    %store/vec4 v000002693b731270_0, 0, 32;
    %pushi/vec4 0, 0, 32;
    %store/vec4 v000002693b730370_0, 0, 32;
    %pushi/vec4 1, 0, 1;
    %store/vec4 v000002693b731090_0, 0, 1;
    %pushi/vec4 0, 0, 1;
    %store/vec4 v000002693b731bd0_0, 0, 1;
    %pushi/vec4 0, 0, 8;
    %store/vec4 v000002693b7319f0_0, 0, 8;
    %pushi/vec4 0, 0, 1;
    %store/vec4 v000002693b7304b0_0, 0, 1;
    %pushi/vec4 0, 0, 8;
    %store/vec4 v000002693b731310_0, 0, 8;
    %pushi/vec4 0, 0, 32;
    %store/vec4 v000002693b7313b0_0, 0, 32;
    %pushi/vec4 0, 0, 1;
    %store/vec4 v000002693b732530_0, 0, 1;
    %pushi/vec4 0, 0, 8;
    %store/vec4 v000002693b732030_0, 0, 8;
    %pushi/vec4 0, 0, 1;
    %store/vec4 v000002693b731c70_0, 0, 1;
    %pushi/vec4 0, 0, 1;
    %store/vec4 v000002693b733b10_0, 0, 1;
    %wait E_000002693b6d6a70;
    %delay 1000, 0;
    %pushi/vec4 1, 0, 1;
    %store/vec4 v000002693b733b10_0, 0, 1;
    %wait E_000002693b6d6a70;
    %delay 1000, 0;
    %vpi_call 2 150 "$display", "\012--- Test 1: psum passthrough (weight=0) ---" {0 0 0};
    %pushi/vec4 1, 0, 1;
    %store/vec4 v000002693b731bd0_0, 0, 1;
    %pushi/vec4 0, 0, 8;
    %store/vec4 v000002693b7319f0_0, 0, 8;
    %wait E_000002693b6d6a70;
    %delay 1000, 0;
    %pushi/vec4 0, 0, 1;
    %store/vec4 v000002693b731bd0_0, 0, 1;
    %pushi/vec4 305419896, 0, 32;
    %store/vec4 v000002693b7313b0_0, 0, 32;
    %pushi/vec4 42, 0, 8;
    %store/vec4 v000002693b731310_0, 0, 8;
    %wait E_000002693b6d6a70;
    %delay 1000, 0;
    %pushi/vec4 0, 0, 32; draw_string_vec4
    %pushi/vec4 0, 0, 32; draw_string_vec4
    %concat/vec4; draw_string_vec4
    %pushi/vec4 0, 0, 32; draw_string_vec4
    %concat/vec4; draw_string_vec4
    %pushi/vec4 0, 0, 32; draw_string_vec4
    %concat/vec4; draw_string_vec4
    %pushi/vec4 0, 0, 32; draw_string_vec4
    %concat/vec4; draw_string_vec4
    %pushi/vec4 0, 0, 32; draw_string_vec4
    %concat/vec4; draw_string_vec4
    %pushi/vec4 0, 0, 32; draw_string_vec4
    %concat/vec4; draw_string_vec4
    %pushi/vec4 0, 0, 32; draw_string_vec4
    %concat/vec4; draw_string_vec4
    %pushi/vec4 0, 0, 32; draw_string_vec4
    %concat/vec4; draw_string_vec4
    %pushi/vec4 20549, 0, 32; draw_string_vec4
    %concat/vec4; draw_string_vec4
    %pushi/vec4 807432307, 0, 32; draw_string_vec4
    %concat/vec4; draw_string_vec4
    %pushi/vec4 1970102127, 0, 32; draw_string_vec4
    %concat/vec4; draw_string_vec4
    %pushi/vec4 1970544759, 0, 32; draw_string_vec4
    %concat/vec4; draw_string_vec4
    %pushi/vec4 1769236512, 0, 32; draw_string_vec4
    %concat/vec4; draw_string_vec4
    %pushi/vec4 2003134823, 0, 32; draw_string_vec4
    %concat/vec4; draw_string_vec4
    %pushi/vec4 1752448304, 0, 32; draw_string_vec4
    %concat/vec4; draw_string_vec4
    %pushi/vec4 544039284, 0, 32; draw_string_vec4
    %concat/vec4; draw_string_vec4
    %pushi/vec4 1667786099, 0, 32; draw_string_vec4
    %concat/vec4; draw_string_vec4
    %pushi/vec4 544240501, 0, 32; draw_string_vec4
    %concat/vec4; draw_string_vec4
    %pushi/vec4 1834969454, 0, 32; draw_string_vec4
    %concat/vec4; draw_string_vec4
    %store/vec4 v000002693b6c79d0_0, 0, 640;
    %pushi/vec4 305419896, 0, 32;
    %store/vec4 v000002693b6c7250_0, 0, 32;
    %load/vec4 v000002693b7314f0_0;
    %store/vec4 v000002693b6c7f70_0, 0, 32;
    %fork TD_pe_psum_tb.check, S_000002693b6cb960;
    %join;
    %vpi_call 2 165 "$display", "\012--- Test 2: single PE partial sum (non-zero) ---" {0 0 0};
    %pushi/vec4 1, 0, 1;
    %store/vec4 v000002693b731bd0_0, 0, 1;
    %pushi/vec4 5, 0, 8;
    %store/vec4 v000002693b7319f0_0, 0, 8;
    %wait E_000002693b6d6a70;
    %delay 1000, 0;
    %pushi/vec4 0, 0, 1;
    %store/vec4 v000002693b731bd0_0, 0, 1;
    %pushi/vec4 100, 0, 32;
    %store/vec4 v000002693b7313b0_0, 0, 32;
    %pushi/vec4 10, 0, 8;
    %store/vec4 v000002693b731310_0, 0, 8;
    %wait E_000002693b6d6a70;
    %delay 1000, 0;
    %pushi/vec4 0, 0, 32; draw_string_vec4
    %pushi/vec4 0, 0, 32; draw_string_vec4
    %concat/vec4; draw_string_vec4
    %pushi/vec4 0, 0, 32; draw_string_vec4
    %concat/vec4; draw_string_vec4
    %pushi/vec4 0, 0, 32; draw_string_vec4
    %concat/vec4; draw_string_vec4
    %pushi/vec4 0, 0, 32; draw_string_vec4
    %concat/vec4; draw_string_vec4
    %pushi/vec4 0, 0, 32; draw_string_vec4
    %concat/vec4; draw_string_vec4
    %pushi/vec4 0, 0, 32; draw_string_vec4
    %concat/vec4; draw_string_vec4
    %pushi/vec4 0, 0, 32; draw_string_vec4
    %concat/vec4; draw_string_vec4
    %pushi/vec4 0, 0, 32; draw_string_vec4
    %concat/vec4; draw_string_vec4
    %pushi/vec4 80, 0, 32; draw_string_vec4
    %concat/vec4; draw_string_vec4
    %pushi/vec4 1160781936, 0, 32; draw_string_vec4
    %concat/vec4; draw_string_vec4
    %pushi/vec4 1937075551, 0, 32; draw_string_vec4
    %concat/vec4; draw_string_vec4
    %pushi/vec4 1869968416, 0, 32; draw_string_vec4
    %concat/vec4; draw_string_vec4
    %pushi/vec4 1027416176, 0, 32; draw_string_vec4
    %concat/vec4; draw_string_vec4
    %pushi/vec4 1937075551, 0, 32; draw_string_vec4
    %concat/vec4; draw_string_vec4
    %pushi/vec4 1768824875, 0, 32; draw_string_vec4
    %concat/vec4; draw_string_vec4
    %pushi/vec4 544695657, 0, 32; draw_string_vec4
    %concat/vec4; draw_string_vec4
    %pushi/vec4 1734898720, 0, 32; draw_string_vec4
    %concat/vec4; draw_string_vec4
    %pushi/vec4 706765155, 0, 32; draw_string_vec4
    %concat/vec4; draw_string_vec4
    %pushi/vec4 1952409966, 0, 32; draw_string_vec4
    %concat/vec4; draw_string_vec4
    %store/vec4 v000002693b6c79d0_0, 0, 640;
    %pushi/vec4 150, 0, 32;
    %store/vec4 v000002693b6c7250_0, 0, 32;
    %load/vec4 v000002693b7314f0_0;
    %store/vec4 v000002693b6c7f70_0, 0, 32;
    %fork TD_pe_psum_tb.check, S_000002693b6cb960;
    %join;
    %vpi_call 2 180 "$display", "\012--- Test 3: act_out delay ---" {0 0 0};
    %pushi/vec4 77, 0, 8;
    %store/vec4 v000002693b731310_0, 0, 8;
    %wait E_000002693b6d6a70;
    %delay 1000, 0;
    %pushi/vec4 0, 0, 32; draw_string_vec4
    %pushi/vec4 0, 0, 32; draw_string_vec4
    %concat/vec4; draw_string_vec4
    %pushi/vec4 0, 0, 32; draw_string_vec4
    %concat/vec4; draw_string_vec4
    %pushi/vec4 0, 0, 32; draw_string_vec4
    %concat/vec4; draw_string_vec4
    %pushi/vec4 0, 0, 32; draw_string_vec4
    %concat/vec4; draw_string_vec4
    %pushi/vec4 0, 0, 32; draw_string_vec4
    %concat/vec4; draw_string_vec4
    %pushi/vec4 0, 0, 32; draw_string_vec4
    %concat/vec4; draw_string_vec4
    %pushi/vec4 0, 0, 32; draw_string_vec4
    %concat/vec4; draw_string_vec4
    %pushi/vec4 0, 0, 32; draw_string_vec4
    %concat/vec4; draw_string_vec4
    %pushi/vec4 28773, 0, 32; draw_string_vec4
    %concat/vec4; draw_string_vec4
    %pushi/vec4 811557219, 0, 32; draw_string_vec4
    %concat/vec4; draw_string_vec4
    %pushi/vec4 1952411509, 0, 32; draw_string_vec4
    %concat/vec4; draw_string_vec4
    %pushi/vec4 1948282209, 0, 32; draw_string_vec4
    %concat/vec4; draw_string_vec4
    %pushi/vec4 1952671845, 0, 32; draw_string_vec4
    %concat/vec4; draw_string_vec4
    %pushi/vec4 1931501923, 0, 32; draw_string_vec4
    %concat/vec4; draw_string_vec4
    %pushi/vec4 1952409966, 0, 32; draw_string_vec4
    %concat/vec4; draw_string_vec4
    %pushi/vec4 543450476, 0, 32; draw_string_vec4
    %concat/vec4; draw_string_vec4
    %pushi/vec4 1635345764, 0, 32; draw_string_vec4
    %concat/vec4; draw_string_vec4
    %pushi/vec4 540090467, 0, 32; draw_string_vec4
    %concat/vec4; draw_string_vec4
    %pushi/vec4 2036558949, 0, 32; draw_string_vec4
    %concat/vec4; draw_string_vec4
    %store/vec4 v000002693b6c7390_0, 0, 640;
    %pushi/vec4 77, 0, 8;
    %store/vec4 v000002693b6c72f0_0, 0, 8;
    %load/vec4 v000002693b730550_0;
    %store/vec4 v000002693b6c71b0_0, 0, 8;
    %fork TD_pe_psum_tb.check8, S_000002693b6d9b00;
    %join;
    %pushi/vec4 168, 0, 8;
    %store/vec4 v000002693b731310_0, 0, 8;
    %wait E_000002693b6d6a70;
    %delay 1000, 0;
    %pushi/vec4 0, 0, 32; draw_string_vec4
    %pushi/vec4 0, 0, 32; draw_string_vec4
    %concat/vec4; draw_string_vec4
    %pushi/vec4 0, 0, 32; draw_string_vec4
    %concat/vec4; draw_string_vec4
    %pushi/vec4 0, 0, 32; draw_string_vec4
    %concat/vec4; draw_string_vec4
    %pushi/vec4 0, 0, 32; draw_string_vec4
    %concat/vec4; draw_string_vec4
    %pushi/vec4 0, 0, 32; draw_string_vec4
    %concat/vec4; draw_string_vec4
    %pushi/vec4 0, 0, 32; draw_string_vec4
    %concat/vec4; draw_string_vec4
    %pushi/vec4 7365936, 0, 32; draw_string_vec4
    %concat/vec4; draw_string_vec4
    %pushi/vec4 1600217972, 0, 32; draw_string_vec4
    %concat/vec4; draw_string_vec4
    %pushi/vec4 1601140084, 0, 32; draw_string_vec4
    %concat/vec4; draw_string_vec4
    %pushi/vec4 544039284, 0, 32; draw_string_vec4
    %concat/vec4; draw_string_vec4
    %pushi/vec4 1667786099, 0, 32; draw_string_vec4
    %concat/vec4; draw_string_vec4
    %pushi/vec4 543253364, 0, 32; draw_string_vec4
    %concat/vec4; draw_string_vec4
    %pushi/vec4 1600744992, 0, 32; draw_string_vec4
    %concat/vec4; draw_string_vec4
    %pushi/vec4 1684368481, 0, 32; draw_string_vec4
    %concat/vec4; draw_string_vec4
    %pushi/vec4 2036687904, 0, 32; draw_string_vec4
    %concat/vec4; draw_string_vec4
    %pushi/vec4 824206201, 0, 32; draw_string_vec4
    %concat/vec4; draw_string_vec4
    %pushi/vec4 1668048160, 0, 32; draw_string_vec4
    %concat/vec4; draw_string_vec4
    %pushi/vec4 677601651, 0, 32; draw_string_vec4
    %concat/vec4; draw_string_vec4
    %pushi/vec4 1696608809, 0, 32; draw_string_vec4
    %concat/vec4; draw_string_vec4
    %store/vec4 v000002693b6c7390_0, 0, 640;
    %pushi/vec4 168, 0, 8;
    %store/vec4 v000002693b6c72f0_0, 0, 8;
    %load/vec4 v000002693b730550_0;
    %store/vec4 v000002693b6c71b0_0, 0, 8;
    %fork TD_pe_psum_tb.check8, S_000002693b6d9b00;
    %join;
    %vpi_call 2 192 "$display", "\012--- Test 4: Chained PEs (PE0 -> PE1) ---" {0 0 0};
    %pushi/vec4 1, 0, 1;
    %store/vec4 v000002693b731bd0_0, 0, 1;
    %pushi/vec4 3, 0, 8;
    %store/vec4 v000002693b7319f0_0, 0, 8;
    %pushi/vec4 1, 0, 1;
    %store/vec4 v000002693b732530_0, 0, 1;
    %pushi/vec4 252, 0, 8;
    %store/vec4 v000002693b732030_0, 0, 8;
    %wait E_000002693b6d6a70;
    %delay 1000, 0;
    %pushi/vec4 0, 0, 1;
    %store/vec4 v000002693b731bd0_0, 0, 1;
    %pushi/vec4 0, 0, 1;
    %store/vec4 v000002693b732530_0, 0, 1;
    %pushi/vec4 10, 0, 32;
    %store/vec4 v000002693b7313b0_0, 0, 32;
    %pushi/vec4 6, 0, 8;
    %store/vec4 v000002693b731310_0, 0, 8;
    %wait E_000002693b6d6a70;
    %delay 1000, 0;
    %pushi/vec4 0, 0, 32; draw_string_vec4
    %pushi/vec4 0, 0, 32; draw_string_vec4
    %concat/vec4; draw_string_vec4
    %pushi/vec4 0, 0, 32; draw_string_vec4
    %concat/vec4; draw_string_vec4
    %pushi/vec4 0, 0, 32; draw_string_vec4
    %concat/vec4; draw_string_vec4
    %pushi/vec4 0, 0, 32; draw_string_vec4
    %concat/vec4; draw_string_vec4
    %pushi/vec4 0, 0, 32; draw_string_vec4
    %concat/vec4; draw_string_vec4
    %pushi/vec4 0, 0, 32; draw_string_vec4
    %concat/vec4; draw_string_vec4
    %pushi/vec4 0, 0, 32; draw_string_vec4
    %concat/vec4; draw_string_vec4
    %pushi/vec4 0, 0, 32; draw_string_vec4
    %concat/vec4; draw_string_vec4
    %pushi/vec4 0, 0, 32; draw_string_vec4
    %concat/vec4; draw_string_vec4
    %pushi/vec4 0, 0, 32; draw_string_vec4
    %concat/vec4; draw_string_vec4
    %pushi/vec4 0, 0, 32; draw_string_vec4
    %concat/vec4; draw_string_vec4
    %pushi/vec4 80, 0, 32; draw_string_vec4
    %concat/vec4; draw_string_vec4
    %pushi/vec4 1160781936, 0, 32; draw_string_vec4
    %concat/vec4; draw_string_vec4
    %pushi/vec4 1937075551, 0, 32; draw_string_vec4
    %concat/vec4; draw_string_vec4
    %pushi/vec4 1869968416, 0, 32; draw_string_vec4
    %concat/vec4; draw_string_vec4
    %pushi/vec4 1635000419, 0, 32; draw_string_vec4
    %concat/vec4; draw_string_vec4
    %pushi/vec4 2036558949, 0, 32; draw_string_vec4
    %concat/vec4; draw_string_vec4
    %pushi/vec4 540090473, 0, 32; draw_string_vec4
    %concat/vec4; draw_string_vec4
    %pushi/vec4 1931489848, 0, 32; draw_string_vec4
    %concat/vec4; draw_string_vec4
    %store/vec4 v000002693b6c79d0_0, 0, 640;
    %pushi/vec4 28, 0, 32;
    %store/vec4 v000002693b6c7250_0, 0, 32;
    %load/vec4 v000002693b7314f0_0;
    %store/vec4 v000002693b6c7f70_0, 0, 32;
    %fork TD_pe_psum_tb.check, S_000002693b6cb960;
    %join;
    %pushi/vec4 0, 0, 32; draw_string_vec4
    %pushi/vec4 0, 0, 32; draw_string_vec4
    %concat/vec4; draw_string_vec4
    %pushi/vec4 0, 0, 32; draw_string_vec4
    %concat/vec4; draw_string_vec4
    %pushi/vec4 0, 0, 32; draw_string_vec4
    %concat/vec4; draw_string_vec4
    %pushi/vec4 0, 0, 32; draw_string_vec4
    %concat/vec4; draw_string_vec4
    %pushi/vec4 0, 0, 32; draw_string_vec4
    %concat/vec4; draw_string_vec4
    %pushi/vec4 0, 0, 32; draw_string_vec4
    %concat/vec4; draw_string_vec4
    %pushi/vec4 0, 0, 32; draw_string_vec4
    %concat/vec4; draw_string_vec4
    %pushi/vec4 0, 0, 32; draw_string_vec4
    %concat/vec4; draw_string_vec4
    %pushi/vec4 0, 0, 32; draw_string_vec4
    %concat/vec4; draw_string_vec4
    %pushi/vec4 0, 0, 32; draw_string_vec4
    %concat/vec4; draw_string_vec4
    %pushi/vec4 0, 0, 32; draw_string_vec4
    %concat/vec4; draw_string_vec4
    %pushi/vec4 0, 0, 32; draw_string_vec4
    %concat/vec4; draw_string_vec4
    %pushi/vec4 5260592, 0, 32; draw_string_vec4
    %concat/vec4; draw_string_vec4
    %pushi/vec4 543253364, 0, 32; draw_string_vec4
    %concat/vec4; draw_string_vec4
    %pushi/vec4 1601140084, 0, 32; draw_string_vec4
    %concat/vec4; draw_string_vec4
    %pushi/vec4 543257632, 0, 32; draw_string_vec4
    %concat/vec4; draw_string_vec4
    %pushi/vec4 1668899692, 0, 32; draw_string_vec4
    %concat/vec4; draw_string_vec4
    %pushi/vec4 1696608544, 0, 32; draw_string_vec4
    %concat/vec4; draw_string_vec4
    %pushi/vec4 1769152566, 0, 32; draw_string_vec4
    %concat/vec4; draw_string_vec4
    %store/vec4 v000002693b6c7390_0, 0, 640;
    %pushi/vec4 6, 0, 8;
    %store/vec4 v000002693b6c72f0_0, 0, 8;
    %load/vec4 v000002693b730550_0;
    %store/vec4 v000002693b6c71b0_0, 0, 8;
    %fork TD_pe_psum_tb.check8, S_000002693b6d9b00;
    %join;
    %pushi/vec4 0, 0, 32;
    %store/vec4 v000002693b7313b0_0, 0, 32;
    %pushi/vec4 0, 0, 8;
    %store/vec4 v000002693b731310_0, 0, 8;
    %wait E_000002693b6d6a70;
    %delay 1000, 0;
    %pushi/vec4 0, 0, 32; draw_string_vec4
    %pushi/vec4 0, 0, 32; draw_string_vec4
    %concat/vec4; draw_string_vec4
    %pushi/vec4 0, 0, 32; draw_string_vec4
    %concat/vec4; draw_string_vec4
    %pushi/vec4 0, 0, 32; draw_string_vec4
    %concat/vec4; draw_string_vec4
    %pushi/vec4 0, 0, 32; draw_string_vec4
    %concat/vec4; draw_string_vec4
    %pushi/vec4 0, 0, 32; draw_string_vec4
    %concat/vec4; draw_string_vec4
    %pushi/vec4 0, 0, 32; draw_string_vec4
    %concat/vec4; draw_string_vec4
    %pushi/vec4 0, 0, 32; draw_string_vec4
    %concat/vec4; draw_string_vec4
    %pushi/vec4 0, 0, 32; draw_string_vec4
    %concat/vec4; draw_string_vec4
    %pushi/vec4 0, 0, 32; draw_string_vec4
    %concat/vec4; draw_string_vec4
    %pushi/vec4 0, 0, 32; draw_string_vec4
    %concat/vec4; draw_string_vec4
    %pushi/vec4 0, 0, 32; draw_string_vec4
    %concat/vec4; draw_string_vec4
    %pushi/vec4 0, 0, 32; draw_string_vec4
    %concat/vec4; draw_string_vec4
    %pushi/vec4 1346711840, 0, 32; draw_string_vec4
    %concat/vec4; draw_string_vec4
    %pushi/vec4 1886614893, 0, 32; draw_string_vec4
    %concat/vec4; draw_string_vec4
    %pushi/vec4 1601140084, 0, 32; draw_string_vec4
    %concat/vec4; draw_string_vec4
    %pushi/vec4 543257632, 0, 32; draw_string_vec4
    %concat/vec4; draw_string_vec4
    %pushi/vec4 1668899692, 0, 32; draw_string_vec4
    %concat/vec4; draw_string_vec4
    %pushi/vec4 1696608800, 0, 32; draw_string_vec4
    %concat/vec4; draw_string_vec4
    %pushi/vec4 1769152564, 0, 32; draw_string_vec4
    %concat/vec4; draw_string_vec4
    %store/vec4 v000002693b6c79d0_0, 0, 640;
    %pushi/vec4 4, 0, 32;
    %store/vec4 v000002693b6c7250_0, 0, 32;
    %load/vec4 v000002693b72fe70_0;
    %store/vec4 v000002693b6c7f70_0, 0, 32;
    %fork TD_pe_psum_tb.check, S_000002693b6cb960;
    %join;
    %vpi_call 2 230 "$display", "\012================================================" {0 0 0};
    %vpi_call 2 231 "$display", "  Results: %0d passed, %0d failed", v000002693b731270_0, v000002693b730370_0 {0 0 0};
    %vpi_call 2 232 "$display", "================================================" {0 0 0};
    %load/vec4 v000002693b730370_0;
    %cmpi/e 0, 0, 32;
    %jmp/0xz  T_12.0, 4;
    %vpi_call 2 234 "$display", "  >>> ALL TESTS PASSED <<<" {0 0 0};
    %jmp T_12.1;
T_12.0 ;
    %vpi_call 2 236 "$display", "  >>> SOME TESTS FAILED <<<" {0 0 0};
T_12.1 ;
    %vpi_call 2 237 "$display", "================================================\012" {0 0 0};
    %vpi_call 2 238 "$finish" {0 0 0};
    %end;
    .thread T_12;
# The file index is used to find the file name in the following table.
:file_names 4;
    "N/A";
    "<interactive>";
    "tb/pe_psum_tb.v";
    "rtl/pe.v";
