#! /c/Source/iverilog-install/bin/vvp
:ivl_version "12.0 (devel)" "(s20150603-1539-g2693dd32b)";
:ivl_delay_selection "TYPICAL";
:vpi_time_precision - 12;
:vpi_module "C:\iverilog\lib\ivl\system.vpi";
:vpi_module "C:\iverilog\lib\ivl\vhdl_sys.vpi";
:vpi_module "C:\iverilog\lib\ivl\vhdl_textio.vpi";
:vpi_module "C:\iverilog\lib\ivl\v2005_math.vpi";
:vpi_module "C:\iverilog\lib\ivl\va_math.vpi";
S_0000025970513430 .scope module, "axi_lite_slave_tb" "axi_lite_slave_tb" 2 8;
 .timescale -9 -12;
P_00000259704fdc10 .param/l "ADDR_WIDTH" 0 2 10, +C4<00000000000000000000000000001010>;
P_00000259704fdc48 .param/l "DATA_WIDTH" 0 2 11, +C4<00000000000000000000000000100000>;
v00000259705a8ca0_0 .net "act_wr_addr", 3 0, v00000259705a6a10_0;  1 drivers
v00000259705a96a0_0 .net "act_wr_data", 31 0, v00000259705a6330_0;  1 drivers
v00000259705a9880_0 .net "act_wr_en", 0 0, v00000259705a7d70_0;  1 drivers
v00000259705a8200_0 .net "axi_araddr", 9 0, v0000025970508e80_0;  1 drivers
v00000259705a97e0_0 .net "axi_arready", 0 0, v00000259705a7370_0;  1 drivers
v00000259705a9240_0 .net "axi_arvalid", 0 0, v0000025970508fc0_0;  1 drivers
v00000259705a8f20_0 .net "axi_awaddr", 9 0, v0000025970508de0_0;  1 drivers
v00000259705a9d80_0 .net "axi_awready", 0 0, v00000259705a7410_0;  1 drivers
v00000259705a8520_0 .net "axi_awvalid", 0 0, v00000259705085c0_0;  1 drivers
v00000259705a9ba0_0 .net "axi_bready", 0 0, v00000259705088e0_0;  1 drivers
v00000259705a9ec0_0 .net "axi_bresp", 1 0, v00000259705a6830_0;  1 drivers
v00000259705a8700_0 .net "axi_bvalid", 0 0, v00000259705a7550_0;  1 drivers
v00000259705a8e80_0 .net "axi_rdata", 31 0, v00000259705a6ab0_0;  1 drivers
v00000259705a83e0_0 .net "axi_rready", 0 0, v00000259705a65b0_0;  1 drivers
v00000259705a9740_0 .net "axi_rresp", 1 0, v00000259705a6470_0;  1 drivers
v00000259705a8a20_0 .net "axi_rvalid", 0 0, v00000259705a7730_0;  1 drivers
v00000259705a8d40_0 .net "axi_wdata", 31 0, v00000259705a6c90_0;  1 drivers
v00000259705a9f60_0 .net "axi_wready", 0 0, v00000259705a6650_0;  1 drivers
v00000259705a8c00_0 .net "axi_wstrb", 3 0, v00000259705a6d30_0;  1 drivers
v00000259705aa000_0 .net "axi_wvalid", 0 0, v00000259705a6dd0_0;  1 drivers
v00000259705a87a0_0 .var "clk", 0 0;
v00000259705a9920_0 .net "clk_gate_col_en", 7 0, v00000259705a75f0_0;  1 drivers
v00000259705a8de0_0 .net "clk_gate_row_en", 7 0, v00000259705a68d0_0;  1 drivers
v00000259705a9ce0_0 .net "ctrl_soft_reset", 0 0, v00000259705a7230_0;  1 drivers
v00000259705a85c0_0 .net "ctrl_start", 0 0, v00000259705a7870_0;  1 drivers
v00000259705a8ac0_0 .var/i "fail_count", 31 0;
v00000259705a9420_0 .var/i "pass_count", 31 0;
v00000259705a9b00_0 .net "result_raw_addr", 5 0, v00000259705a7c30_0;  1 drivers
v00000259705a8160_0 .var "result_raw_rdata", 31 0;
v00000259705a99c0_0 .net "result_sat_addr", 3 0, v00000259705a6970_0;  1 drivers
v00000259705a9100_0 .var "result_sat_rdata", 31 0;
v00000259705a82a0_0 .var "rst_n", 0 0;
v00000259705a9060_0 .var "start_pulsed", 0 0;
v00000259705a91a0_0 .var "status_busy", 0 0;
v00000259705a9c40_0 .var "status_done", 0 0;
v00000259705a92e0_0 .var "temp_data", 31 0;
v00000259705a8340_0 .var "temp_resp", 1 0;
v00000259705a9380_0 .net "weight_wr_addr", 3 0, v00000259705a8fc0_0;  1 drivers
v00000259705a94c0_0 .net "weight_wr_data", 31 0, v00000259705a9a60_0;  1 drivers
v00000259705a9560_0 .net "weight_wr_en", 0 0, v00000259705a8980_0;  1 drivers
S_000002597051dac0 .scope module, "bfm" "axi_lite_master_bfm" 2 114, 3 9 0, S_0000025970513430;
 .timescale -9 -12;
    .port_info 0 /INPUT 1 "aclk";
    .port_info 1 /INPUT 1 "aresetn";
    .port_info 2 /OUTPUT 10 "m_axi_awaddr";
    .port_info 3 /OUTPUT 1 "m_axi_awvalid";
    .port_info 4 /INPUT 1 "m_axi_awready";
    .port_info 5 /OUTPUT 32 "m_axi_wdata";
    .port_info 6 /OUTPUT 4 "m_axi_wstrb";
    .port_info 7 /OUTPUT 1 "m_axi_wvalid";
    .port_info 8 /INPUT 1 "m_axi_wready";
    .port_info 9 /INPUT 2 "m_axi_bresp";
    .port_info 10 /INPUT 1 "m_axi_bvalid";
    .port_info 11 /OUTPUT 1 "m_axi_bready";
    .port_info 12 /OUTPUT 10 "m_axi_araddr";
    .port_info 13 /OUTPUT 1 "m_axi_arvalid";
    .port_info 14 /INPUT 1 "m_axi_arready";
    .port_info 15 /INPUT 32 "m_axi_rdata";
    .port_info 16 /INPUT 2 "m_axi_rresp";
    .port_info 17 /INPUT 1 "m_axi_rvalid";
    .port_info 18 /OUTPUT 1 "m_axi_rready";
P_00000259704fe090 .param/l "ADDR_WIDTH" 0 3 10, +C4<00000000000000000000000000001010>;
P_00000259704fe0c8 .param/l "DATA_WIDTH" 0 3 11, +C4<00000000000000000000000000100000>;
v0000025970509100_0 .net "aclk", 0 0, v00000259705a87a0_0;  1 drivers
v0000025970508d40_0 .net "aresetn", 0 0, v00000259705a82a0_0;  1 drivers
v0000025970508e80_0 .var "m_axi_araddr", 9 0;
v0000025970509060_0 .net "m_axi_arready", 0 0, v00000259705a7370_0;  alias, 1 drivers
v0000025970508fc0_0 .var "m_axi_arvalid", 0 0;
v0000025970508de0_0 .var "m_axi_awaddr", 9 0;
v00000259705092e0_0 .net "m_axi_awready", 0 0, v00000259705a7410_0;  alias, 1 drivers
v00000259705085c0_0 .var "m_axi_awvalid", 0 0;
v00000259705088e0_0 .var "m_axi_bready", 0 0;
v0000025970508a20_0 .net "m_axi_bresp", 1 0, v00000259705a6830_0;  alias, 1 drivers
v0000025970508660_0 .net "m_axi_bvalid", 0 0, v00000259705a7550_0;  alias, 1 drivers
v00000259705087a0_0 .net "m_axi_rdata", 31 0, v00000259705a6ab0_0;  alias, 1 drivers
v00000259705a65b0_0 .var "m_axi_rready", 0 0;
v00000259705a6fb0_0 .net "m_axi_rresp", 1 0, v00000259705a6470_0;  alias, 1 drivers
v00000259705a7ff0_0 .net "m_axi_rvalid", 0 0, v00000259705a7730_0;  alias, 1 drivers
v00000259705a6c90_0 .var "m_axi_wdata", 31 0;
v00000259705a7190_0 .net "m_axi_wready", 0 0, v00000259705a6650_0;  alias, 1 drivers
v00000259705a6d30_0 .var "m_axi_wstrb", 3 0;
v00000259705a6dd0_0 .var "m_axi_wvalid", 0 0;
S_000002597053c940 .scope task, "axi_read" "axi_read" 3 177, 3 177 0, S_000002597051dac0;
 .timescale -9 -12;
v0000025970508c00_0 .var "addr", 9 0;
v0000025970508ca0_0 .var "resp", 1 0;
v00000259705094c0_0 .var "returned_data", 31 0;
E_00000259705047c0 .event posedge, v0000025970509100_0;
TD_axi_lite_slave_tb.bfm.axi_read ;
    %load/vec4 v0000025970508c00_0;
    %store/vec4 v0000025970508e80_0, 0, 10;
    %pushi/vec4 1, 0, 1;
    %store/vec4 v0000025970508fc0_0, 0, 1;
    %wait E_00000259705047c0;
T_0.0 ;
    %load/vec4 v0000025970509060_0;
    %nor/r;
    %flag_set/vec4 8;
    %jmp/0xz T_0.1, 8;
    %wait E_00000259705047c0;
    %jmp T_0.0;
T_0.1 ;
    %pushi/vec4 0, 0, 1;
    %store/vec4 v0000025970508fc0_0, 0, 1;
    %pushi/vec4 0, 0, 10;
    %store/vec4 v0000025970508e80_0, 0, 10;
    %pushi/vec4 1, 0, 1;
    %store/vec4 v00000259705a65b0_0, 0, 1;
    %wait E_00000259705047c0;
T_0.2 ;
    %load/vec4 v00000259705a7ff0_0;
    %nor/r;
    %flag_set/vec4 8;
    %jmp/0xz T_0.3, 8;
    %wait E_00000259705047c0;
    %jmp T_0.2;
T_0.3 ;
    %load/vec4 v00000259705087a0_0;
    %store/vec4 v00000259705094c0_0, 0, 32;
    %load/vec4 v00000259705a6fb0_0;
    %store/vec4 v0000025970508ca0_0, 0, 2;
    %wait E_00000259705047c0;
    %pushi/vec4 0, 0, 1;
    %store/vec4 v00000259705a65b0_0, 0, 1;
    %wait E_00000259705047c0;
    %end;
S_000002597053cad0 .scope task, "axi_write" "axi_write" 3 59, 3 59 0, S_000002597051dac0;
 .timescale -9 -12;
v0000025970508700_0 .var "addr", 9 0;
v0000025970509380_0 .var "aw_done", 0 0;
v0000025970508ac0_0 .var "data", 31 0;
v0000025970508980_0 .var "resp", 1 0;
v0000025970508840_0 .var "w_done", 0 0;
TD_axi_lite_slave_tb.bfm.axi_write ;
    %pushi/vec4 0, 0, 1;
    %store/vec4 v0000025970509380_0, 0, 1;
    %pushi/vec4 0, 0, 1;
    %store/vec4 v0000025970508840_0, 0, 1;
    %load/vec4 v0000025970508700_0;
    %store/vec4 v0000025970508de0_0, 0, 10;
    %pushi/vec4 1, 0, 1;
    %store/vec4 v00000259705085c0_0, 0, 1;
    %load/vec4 v0000025970508ac0_0;
    %store/vec4 v00000259705a6c90_0, 0, 32;
    %pushi/vec4 15, 0, 4;
    %store/vec4 v00000259705a6d30_0, 0, 4;
    %pushi/vec4 1, 0, 1;
    %store/vec4 v00000259705a6dd0_0, 0, 1;
T_1.4 ;
    %load/vec4 v0000025970509380_0;
    %nor/r;
    %flag_set/vec4 8;
    %jmp/1 T_1.6, 8;
    %load/vec4 v0000025970508840_0;
    %nor/r;
    %flag_set/vec4 9;
    %flag_or 8, 9;
T_1.6;
    %jmp/0xz T_1.5, 8;
    %wait E_00000259705047c0;
    %load/vec4 v00000259705085c0_0;
    %flag_set/vec4 9;
    %flag_get/vec4 9;
    %jmp/0 T_1.9, 9;
    %load/vec4 v00000259705092e0_0;
    %and;
T_1.9;
    %flag_set/vec4 8;
    %jmp/0xz  T_1.7, 8;
    %pushi/vec4 0, 0, 1;
    %store/vec4 v00000259705085c0_0, 0, 1;
    %pushi/vec4 1, 0, 1;
    %store/vec4 v0000025970509380_0, 0, 1;
T_1.7 ;
    %load/vec4 v00000259705a6dd0_0;
    %flag_set/vec4 9;
    %flag_get/vec4 9;
    %jmp/0 T_1.12, 9;
    %load/vec4 v00000259705a7190_0;
    %and;
T_1.12;
    %flag_set/vec4 8;
    %jmp/0xz  T_1.10, 8;
    %pushi/vec4 0, 0, 1;
    %store/vec4 v00000259705a6dd0_0, 0, 1;
    %pushi/vec4 1, 0, 1;
    %store/vec4 v0000025970508840_0, 0, 1;
T_1.10 ;
    %jmp T_1.4;
T_1.5 ;
    %pushi/vec4 0, 0, 10;
    %store/vec4 v0000025970508de0_0, 0, 10;
    %pushi/vec4 0, 0, 32;
    %store/vec4 v00000259705a6c90_0, 0, 32;
    %pushi/vec4 0, 0, 4;
    %store/vec4 v00000259705a6d30_0, 0, 4;
    %pushi/vec4 1, 0, 1;
    %store/vec4 v00000259705088e0_0, 0, 1;
    %wait E_00000259705047c0;
T_1.13 ;
    %load/vec4 v0000025970508660_0;
    %nor/r;
    %flag_set/vec4 8;
    %jmp/0xz T_1.14, 8;
    %wait E_00000259705047c0;
    %jmp T_1.13;
T_1.14 ;
    %load/vec4 v0000025970508a20_0;
    %store/vec4 v0000025970508980_0, 0, 2;
    %wait E_00000259705047c0;
    %pushi/vec4 0, 0, 1;
    %store/vec4 v00000259705088e0_0, 0, 1;
    %wait E_00000259705047c0;
    %end;
S_00000259701ec250 .scope task, "axi_write_skewed" "axi_write_skewed" 3 105, 3 105 0, S_000002597051dac0;
 .timescale -9 -12;
v0000025970509420_0 .var "addr", 9 0;
v0000025970508f20_0 .var "addr_first", 0 0;
v00000259705091a0_0 .var "data", 31 0;
v0000025970508b60_0 .var "resp", 1 0;
TD_axi_lite_slave_tb.bfm.axi_write_skewed ;
    %load/vec4 v0000025970508f20_0;
    %flag_set/vec4 8;
    %jmp/0xz  T_2.15, 8;
    %load/vec4 v0000025970509420_0;
    %store/vec4 v0000025970508de0_0, 0, 10;
    %pushi/vec4 1, 0, 1;
    %store/vec4 v00000259705085c0_0, 0, 1;
    %wait E_00000259705047c0;
T_2.17 ;
    %load/vec4 v00000259705092e0_0;
    %nor/r;
    %flag_set/vec4 8;
    %jmp/0xz T_2.18, 8;
    %wait E_00000259705047c0;
    %jmp T_2.17;
T_2.18 ;
    %pushi/vec4 0, 0, 1;
    %store/vec4 v00000259705085c0_0, 0, 1;
    %pushi/vec4 0, 0, 10;
    %store/vec4 v0000025970508de0_0, 0, 10;
    %wait E_00000259705047c0;
    %load/vec4 v00000259705091a0_0;
    %store/vec4 v00000259705a6c90_0, 0, 32;
    %pushi/vec4 15, 0, 4;
    %store/vec4 v00000259705a6d30_0, 0, 4;
    %pushi/vec4 1, 0, 1;
    %store/vec4 v00000259705a6dd0_0, 0, 1;
    %wait E_00000259705047c0;
T_2.19 ;
    %load/vec4 v00000259705a7190_0;
    %nor/r;
    %flag_set/vec4 8;
    %jmp/0xz T_2.20, 8;
    %wait E_00000259705047c0;
    %jmp T_2.19;
T_2.20 ;
    %pushi/vec4 0, 0, 1;
    %store/vec4 v00000259705a6dd0_0, 0, 1;
    %pushi/vec4 0, 0, 32;
    %store/vec4 v00000259705a6c90_0, 0, 32;
    %pushi/vec4 0, 0, 4;
    %store/vec4 v00000259705a6d30_0, 0, 4;
    %jmp T_2.16;
T_2.15 ;
    %load/vec4 v00000259705091a0_0;
    %store/vec4 v00000259705a6c90_0, 0, 32;
    %pushi/vec4 15, 0, 4;
    %store/vec4 v00000259705a6d30_0, 0, 4;
    %pushi/vec4 1, 0, 1;
    %store/vec4 v00000259705a6dd0_0, 0, 1;
    %wait E_00000259705047c0;
T_2.21 ;
    %load/vec4 v00000259705a7190_0;
    %nor/r;
    %flag_set/vec4 8;
    %jmp/0xz T_2.22, 8;
    %wait E_00000259705047c0;
    %jmp T_2.21;
T_2.22 ;
    %pushi/vec4 0, 0, 1;
    %store/vec4 v00000259705a6dd0_0, 0, 1;
    %pushi/vec4 0, 0, 32;
    %store/vec4 v00000259705a6c90_0, 0, 32;
    %pushi/vec4 0, 0, 4;
    %store/vec4 v00000259705a6d30_0, 0, 4;
    %wait E_00000259705047c0;
    %load/vec4 v0000025970509420_0;
    %store/vec4 v0000025970508de0_0, 0, 10;
    %pushi/vec4 1, 0, 1;
    %store/vec4 v00000259705085c0_0, 0, 1;
    %wait E_00000259705047c0;
T_2.23 ;
    %load/vec4 v00000259705092e0_0;
    %nor/r;
    %flag_set/vec4 8;
    %jmp/0xz T_2.24, 8;
    %wait E_00000259705047c0;
    %jmp T_2.23;
T_2.24 ;
    %pushi/vec4 0, 0, 1;
    %store/vec4 v00000259705085c0_0, 0, 1;
    %pushi/vec4 0, 0, 10;
    %store/vec4 v0000025970508de0_0, 0, 10;
T_2.16 ;
    %pushi/vec4 1, 0, 1;
    %store/vec4 v00000259705088e0_0, 0, 1;
    %wait E_00000259705047c0;
T_2.25 ;
    %load/vec4 v0000025970508660_0;
    %nor/r;
    %flag_set/vec4 8;
    %jmp/0xz T_2.26, 8;
    %wait E_00000259705047c0;
    %jmp T_2.25;
T_2.26 ;
    %load/vec4 v0000025970508a20_0;
    %store/vec4 v0000025970508b60_0, 0, 2;
    %wait E_00000259705047c0;
    %pushi/vec4 0, 0, 1;
    %store/vec4 v00000259705088e0_0, 0, 1;
    %wait E_00000259705047c0;
    %end;
S_00000259701ec3e0 .scope task, "check" "check" 2 141, 2 141 0, S_0000025970513430;
 .timescale -9 -12;
v00000259705a7b90_0 .var "actual", 31 0;
v00000259705a6150_0 .var "expected", 31 0;
v00000259705a7e10_0 .var "name", 639 0;
TD_axi_lite_slave_tb.check ;
    %load/vec4 v00000259705a6150_0;
    %load/vec4 v00000259705a7b90_0;
    %cmp/e;
    %jmp/0xz  T_3.27, 6;
    %vpi_call 2 147 "$display", "[PASS] %0s : expected 0x%h, got 0x%h", v00000259705a7e10_0, v00000259705a6150_0, v00000259705a7b90_0 {0 0 0};
    %load/vec4 v00000259705a9420_0;
    %addi 1, 0, 32;
    %store/vec4 v00000259705a9420_0, 0, 32;
    %jmp T_3.28;
T_3.27 ;
    %vpi_call 2 150 "$display", "[FAIL] %0s : expected 0x%h, got 0x%h", v00000259705a7e10_0, v00000259705a6150_0, v00000259705a7b90_0 {0 0 0};
    %load/vec4 v00000259705a8ac0_0;
    %addi 1, 0, 32;
    %store/vec4 v00000259705a8ac0_0, 0, 32;
T_3.28 ;
    %end;
S_00000259704bf6b0 .scope module, "dut" "axi_lite_slave" 2 72, 4 14 0, S_0000025970513430;
 .timescale 0 0;
    .port_info 0 /INPUT 1 "aclk";
    .port_info 1 /INPUT 1 "aresetn";
    .port_info 2 /INPUT 10 "s_axi_awaddr";
    .port_info 3 /INPUT 1 "s_axi_awvalid";
    .port_info 4 /OUTPUT 1 "s_axi_awready";
    .port_info 5 /INPUT 32 "s_axi_wdata";
    .port_info 6 /INPUT 4 "s_axi_wstrb";
    .port_info 7 /INPUT 1 "s_axi_wvalid";
    .port_info 8 /OUTPUT 1 "s_axi_wready";
    .port_info 9 /OUTPUT 2 "s_axi_bresp";
    .port_info 10 /OUTPUT 1 "s_axi_bvalid";
    .port_info 11 /INPUT 1 "s_axi_bready";
    .port_info 12 /INPUT 10 "s_axi_araddr";
    .port_info 13 /INPUT 1 "s_axi_arvalid";
    .port_info 14 /OUTPUT 1 "s_axi_arready";
    .port_info 15 /OUTPUT 32 "s_axi_rdata";
    .port_info 16 /OUTPUT 2 "s_axi_rresp";
    .port_info 17 /OUTPUT 1 "s_axi_rvalid";
    .port_info 18 /INPUT 1 "s_axi_rready";
    .port_info 19 /OUTPUT 1 "ctrl_start";
    .port_info 20 /OUTPUT 1 "ctrl_soft_reset";
    .port_info 21 /INPUT 1 "status_busy";
    .port_info 22 /INPUT 1 "status_done";
    .port_info 23 /OUTPUT 8 "clk_gate_row_en";
    .port_info 24 /OUTPUT 8 "clk_gate_col_en";
    .port_info 25 /OUTPUT 1 "weight_wr_en";
    .port_info 26 /OUTPUT 4 "weight_wr_addr";
    .port_info 27 /OUTPUT 32 "weight_wr_data";
    .port_info 28 /OUTPUT 1 "act_wr_en";
    .port_info 29 /OUTPUT 4 "act_wr_addr";
    .port_info 30 /OUTPUT 32 "act_wr_data";
    .port_info 31 /OUTPUT 6 "result_raw_addr";
    .port_info 32 /INPUT 32 "result_raw_rdata";
    .port_info 33 /OUTPUT 4 "result_sat_addr";
    .port_info 34 /INPUT 32 "result_sat_rdata";
P_0000025970502ac0 .param/l "ADDR_WIDTH" 0 4 15, +C4<00000000000000000000000000001010>;
P_0000025970502af8 .param/l "DATA_WIDTH" 0 4 16, +C4<00000000000000000000000000100000>;
P_0000025970502b30 .param/l "RESP_OKAY" 1 4 81, C4<00>;
P_0000025970502b68 .param/l "RESP_SLVERR" 1 4 82, C4<10>;
v00000259705a6e70_0 .net "aclk", 0 0, v00000259705a87a0_0;  alias, 1 drivers
v00000259705a7af0 .array "act_mem", 15 0, 31 0;
v00000259705a6a10_0 .var "act_wr_addr", 3 0;
v00000259705a6330_0 .var "act_wr_data", 31 0;
v00000259705a7d70_0 .var "act_wr_en", 0 0;
v00000259705a6f10_0 .var "ar_done", 0 0;
v00000259705a61f0_0 .var "araddr_reg", 9 0;
v00000259705a77d0_0 .net "aresetn", 0 0, v00000259705a82a0_0;  alias, 1 drivers
v00000259705a6290_0 .var "aw_done", 0 0;
v00000259705a7050_0 .var "awaddr_reg", 9 0;
v00000259705a75f0_0 .var "clk_gate_col_en", 7 0;
v00000259705a68d0_0 .var "clk_gate_row_en", 7 0;
v00000259705a7230_0 .var "ctrl_soft_reset", 0 0;
v00000259705a7870_0 .var "ctrl_start", 0 0;
v00000259705a6bf0 .array "raw_mem", 63 0, 31 0;
v00000259705a7c30_0 .var "result_raw_addr", 5 0;
v00000259705a6b50_0 .net "result_raw_rdata", 31 0, v00000259705a8160_0;  1 drivers
v00000259705a6970_0 .var "result_sat_addr", 3 0;
v00000259705a72d0_0 .net "result_sat_rdata", 31 0, v00000259705a9100_0;  1 drivers
v00000259705a70f0_0 .net "s_axi_araddr", 9 0, v0000025970508e80_0;  alias, 1 drivers
v00000259705a7370_0 .var "s_axi_arready", 0 0;
v00000259705a63d0_0 .net "s_axi_arvalid", 0 0, v0000025970508fc0_0;  alias, 1 drivers
v00000259705a6790_0 .net "s_axi_awaddr", 9 0, v0000025970508de0_0;  alias, 1 drivers
v00000259705a7410_0 .var "s_axi_awready", 0 0;
v00000259705a7910_0 .net "s_axi_awvalid", 0 0, v00000259705085c0_0;  alias, 1 drivers
v00000259705a74b0_0 .net "s_axi_bready", 0 0, v00000259705088e0_0;  alias, 1 drivers
v00000259705a6830_0 .var "s_axi_bresp", 1 0;
v00000259705a7550_0 .var "s_axi_bvalid", 0 0;
v00000259705a6ab0_0 .var "s_axi_rdata", 31 0;
v00000259705a7690_0 .net "s_axi_rready", 0 0, v00000259705a65b0_0;  alias, 1 drivers
v00000259705a6470_0 .var "s_axi_rresp", 1 0;
v00000259705a7730_0 .var "s_axi_rvalid", 0 0;
v00000259705a7cd0_0 .net "s_axi_wdata", 31 0, v00000259705a6c90_0;  alias, 1 drivers
v00000259705a6650_0 .var "s_axi_wready", 0 0;
v00000259705a6510_0 .net "s_axi_wstrb", 3 0, v00000259705a6d30_0;  alias, 1 drivers
v00000259705a7eb0_0 .net "s_axi_wvalid", 0 0, v00000259705a6dd0_0;  alias, 1 drivers
v00000259705a7f50 .array "sat_mem", 15 0, 31 0;
v00000259705a79b0_0 .net "status_busy", 0 0, v00000259705a91a0_0;  1 drivers
v00000259705a7a50_0 .net "status_done", 0 0, v00000259705a9c40_0;  1 drivers
v0000025970509240_0 .var "w_done", 0 0;
v00000259705a9600_0 .var "wdata_reg", 31 0;
v00000259705a8b60 .array "weight_mem", 15 0, 31 0;
v00000259705a8fc0_0 .var "weight_wr_addr", 3 0;
v00000259705a9a60_0 .var "weight_wr_data", 31 0;
v00000259705a8980_0 .var "weight_wr_en", 0 0;
    .scope S_00000259704bf6b0;
T_4 ;
    %wait E_00000259705047c0;
    %load/vec4 v00000259705a77d0_0;
    %nor/r;
    %flag_set/vec4 8;
    %jmp/0xz  T_4.0, 8;
    %pushi/vec4 0, 0, 1;
    %assign/vec4 v00000259705a7410_0, 0;
    %pushi/vec4 0, 0, 10;
    %assign/vec4 v00000259705a7050_0, 0;
    %jmp T_4.1;
T_4.0 ;
    %load/vec4 v00000259705a7910_0;
    %flag_set/vec4 10;
    %flag_get/vec4 10;
    %jmp/0 T_4.5, 10;
    %load/vec4 v00000259705a7410_0;
    %nor/r;
    %and;
T_4.5;
    %flag_set/vec4 9;
    %flag_get/vec4 9;
    %jmp/0 T_4.4, 9;
    %load/vec4 v00000259705a6290_0;
    %nor/r;
    %and;
T_4.4;
    %flag_set/vec4 8;
    %jmp/0xz  T_4.2, 8;
    %pushi/vec4 1, 0, 1;
    %assign/vec4 v00000259705a7410_0, 0;
    %load/vec4 v00000259705a6790_0;
    %assign/vec4 v00000259705a7050_0, 0;
    %jmp T_4.3;
T_4.2 ;
    %pushi/vec4 0, 0, 1;
    %assign/vec4 v00000259705a7410_0, 0;
T_4.3 ;
T_4.1 ;
    %jmp T_4;
    .thread T_4;
    .scope S_00000259704bf6b0;
T_5 ;
    %wait E_00000259705047c0;
    %load/vec4 v00000259705a77d0_0;
    %nor/r;
    %flag_set/vec4 8;
    %jmp/0xz  T_5.0, 8;
    %pushi/vec4 0, 0, 1;
    %assign/vec4 v00000259705a6650_0, 0;
    %pushi/vec4 0, 0, 32;
    %assign/vec4 v00000259705a9600_0, 0;
    %jmp T_5.1;
T_5.0 ;
    %load/vec4 v00000259705a7eb0_0;
    %flag_set/vec4 10;
    %flag_get/vec4 10;
    %jmp/0 T_5.5, 10;
    %load/vec4 v00000259705a6650_0;
    %nor/r;
    %and;
T_5.5;
    %flag_set/vec4 9;
    %flag_get/vec4 9;
    %jmp/0 T_5.4, 9;
    %load/vec4 v0000025970509240_0;
    %nor/r;
    %and;
T_5.4;
    %flag_set/vec4 8;
    %jmp/0xz  T_5.2, 8;
    %pushi/vec4 1, 0, 1;
    %assign/vec4 v00000259705a6650_0, 0;
    %load/vec4 v00000259705a7cd0_0;
    %assign/vec4 v00000259705a9600_0, 0;
    %jmp T_5.3;
T_5.2 ;
    %pushi/vec4 0, 0, 1;
    %assign/vec4 v00000259705a6650_0, 0;
T_5.3 ;
T_5.1 ;
    %jmp T_5;
    .thread T_5;
    .scope S_00000259704bf6b0;
T_6 ;
    %wait E_00000259705047c0;
    %load/vec4 v00000259705a77d0_0;
    %nor/r;
    %flag_set/vec4 8;
    %jmp/0xz  T_6.0, 8;
    %pushi/vec4 0, 0, 1;
    %assign/vec4 v00000259705a6290_0, 0;
    %pushi/vec4 0, 0, 1;
    %assign/vec4 v0000025970509240_0, 0;
    %jmp T_6.1;
T_6.0 ;
    %load/vec4 v00000259705a7910_0;
    %flag_set/vec4 9;
    %flag_get/vec4 9;
    %jmp/0 T_6.4, 9;
    %load/vec4 v00000259705a7410_0;
    %and;
T_6.4;
    %flag_set/vec4 8;
    %jmp/0xz  T_6.2, 8;
    %pushi/vec4 1, 0, 1;
    %assign/vec4 v00000259705a6290_0, 0;
    %jmp T_6.3;
T_6.2 ;
    %load/vec4 v00000259705a7550_0;
    %flag_set/vec4 9;
    %flag_get/vec4 9;
    %jmp/0 T_6.7, 9;
    %load/vec4 v00000259705a74b0_0;
    %and;
T_6.7;
    %flag_set/vec4 8;
    %jmp/0xz  T_6.5, 8;
    %pushi/vec4 0, 0, 1;
    %assign/vec4 v00000259705a6290_0, 0;
T_6.5 ;
T_6.3 ;
    %load/vec4 v00000259705a7eb0_0;
    %flag_set/vec4 9;
    %flag_get/vec4 9;
    %jmp/0 T_6.10, 9;
    %load/vec4 v00000259705a6650_0;
    %and;
T_6.10;
    %flag_set/vec4 8;
    %jmp/0xz  T_6.8, 8;
    %pushi/vec4 1, 0, 1;
    %assign/vec4 v0000025970509240_0, 0;
    %jmp T_6.9;
T_6.8 ;
    %load/vec4 v00000259705a7550_0;
    %flag_set/vec4 9;
    %flag_get/vec4 9;
    %jmp/0 T_6.13, 9;
    %load/vec4 v00000259705a74b0_0;
    %and;
T_6.13;
    %flag_set/vec4 8;
    %jmp/0xz  T_6.11, 8;
    %pushi/vec4 0, 0, 1;
    %assign/vec4 v0000025970509240_0, 0;
T_6.11 ;
T_6.9 ;
T_6.1 ;
    %jmp T_6;
    .thread T_6;
    .scope S_00000259704bf6b0;
T_7 ;
    %wait E_00000259705047c0;
    %load/vec4 v00000259705a77d0_0;
    %nor/r;
    %flag_set/vec4 8;
    %jmp/0xz  T_7.0, 8;
    %pushi/vec4 0, 0, 1;
    %assign/vec4 v00000259705a7550_0, 0;
    %pushi/vec4 0, 0, 2;
    %assign/vec4 v00000259705a6830_0, 0;
    %pushi/vec4 0, 0, 1;
    %assign/vec4 v00000259705a7870_0, 0;
    %pushi/vec4 0, 0, 1;
    %assign/vec4 v00000259705a7230_0, 0;
    %pushi/vec4 0, 0, 8;
    %assign/vec4 v00000259705a68d0_0, 0;
    %pushi/vec4 0, 0, 8;
    %assign/vec4 v00000259705a75f0_0, 0;
    %pushi/vec4 0, 0, 1;
    %assign/vec4 v00000259705a8980_0, 0;
    %pushi/vec4 0, 0, 4;
    %assign/vec4 v00000259705a8fc0_0, 0;
    %pushi/vec4 0, 0, 32;
    %assign/vec4 v00000259705a9a60_0, 0;
    %pushi/vec4 0, 0, 1;
    %assign/vec4 v00000259705a7d70_0, 0;
    %pushi/vec4 0, 0, 4;
    %assign/vec4 v00000259705a6a10_0, 0;
    %pushi/vec4 0, 0, 32;
    %assign/vec4 v00000259705a6330_0, 0;
    %jmp T_7.1;
T_7.0 ;
    %pushi/vec4 0, 0, 1;
    %assign/vec4 v00000259705a7870_0, 0;
    %pushi/vec4 0, 0, 1;
    %assign/vec4 v00000259705a7230_0, 0;
    %pushi/vec4 0, 0, 1;
    %assign/vec4 v00000259705a8980_0, 0;
    %pushi/vec4 0, 0, 1;
    %assign/vec4 v00000259705a7d70_0, 0;
    %load/vec4 v00000259705a6290_0;
    %flag_set/vec4 10;
    %flag_get/vec4 10;
    %jmp/0 T_7.5, 10;
    %load/vec4 v0000025970509240_0;
    %and;
T_7.5;
    %flag_set/vec4 9;
    %flag_get/vec4 9;
    %jmp/0 T_7.4, 9;
    %load/vec4 v00000259705a7550_0;
    %nor/r;
    %and;
T_7.4;
    %flag_set/vec4 8;
    %jmp/0xz  T_7.2, 8;
    %pushi/vec4 1, 0, 1;
    %assign/vec4 v00000259705a7550_0, 0;
    %load/vec4 v00000259705a7050_0;
    %cmpi/u 1023, 0, 10;
    %flag_or 5, 4; GT is !LE
    %flag_inv 5;
    %jmp/0xz  T_7.6, 5;
    %pushi/vec4 2, 0, 2;
    %assign/vec4 v00000259705a6830_0, 0;
    %jmp T_7.7;
T_7.6 ;
    %pushi/vec4 0, 0, 2;
    %assign/vec4 v00000259705a6830_0, 0;
    %load/vec4 v00000259705a7050_0;
    %cmpi/u 0, 0, 10;
    %flag_inv 5; GE is !LT
    %flag_get/vec4 5;
    %jmp/0 T_7.10, 5;
    %load/vec4 v00000259705a7050_0;
    %cmpi/u 60, 0, 10;
    %flag_get/vec4 4;
    %flag_get/vec4 5;
    %or;
    %and;
T_7.10;
    %flag_set/vec4 8;
    %jmp/0xz  T_7.8, 8;
    %load/vec4 v00000259705a9600_0;
    %load/vec4 v00000259705a7050_0;
    %parti/s 4, 2, 3;
    %pad/u 6;
    %ix/vec4 3;
    %ix/load 4, 0, 0; Constant delay
    %assign/vec4/a/d v00000259705a8b60, 0, 4;
    %pushi/vec4 1, 0, 1;
    %assign/vec4 v00000259705a8980_0, 0;
    %load/vec4 v00000259705a7050_0;
    %parti/s 4, 2, 3;
    %assign/vec4 v00000259705a8fc0_0, 0;
    %load/vec4 v00000259705a9600_0;
    %assign/vec4 v00000259705a9a60_0, 0;
    %jmp T_7.9;
T_7.8 ;
    %load/vec4 v00000259705a7050_0;
    %cmpi/u 64, 0, 10;
    %flag_inv 5; GE is !LT
    %flag_get/vec4 5;
    %jmp/0 T_7.13, 5;
    %load/vec4 v00000259705a7050_0;
    %cmpi/u 124, 0, 10;
    %flag_get/vec4 4;
    %flag_get/vec4 5;
    %or;
    %and;
T_7.13;
    %flag_set/vec4 8;
    %jmp/0xz  T_7.11, 8;
    %load/vec4 v00000259705a9600_0;
    %load/vec4 v00000259705a7050_0;
    %parti/s 4, 2, 3;
    %pad/u 6;
    %ix/vec4 3;
    %ix/load 4, 0, 0; Constant delay
    %assign/vec4/a/d v00000259705a7af0, 0, 4;
    %pushi/vec4 1, 0, 1;
    %assign/vec4 v00000259705a7d70_0, 0;
    %load/vec4 v00000259705a7050_0;
    %parti/s 4, 2, 3;
    %assign/vec4 v00000259705a6a10_0, 0;
    %load/vec4 v00000259705a9600_0;
    %assign/vec4 v00000259705a6330_0, 0;
    %jmp T_7.12;
T_7.11 ;
    %load/vec4 v00000259705a7050_0;
    %cmpi/e 128, 0, 10;
    %jmp/0xz  T_7.14, 4;
    %load/vec4 v00000259705a9600_0;
    %parti/s 1, 0, 2;
    %assign/vec4 v00000259705a7870_0, 0;
    %load/vec4 v00000259705a9600_0;
    %parti/s 1, 1, 2;
    %assign/vec4 v00000259705a7230_0, 0;
    %jmp T_7.15;
T_7.14 ;
    %load/vec4 v00000259705a7050_0;
    %cmpi/e 136, 0, 10;
    %jmp/0xz  T_7.16, 4;
    %load/vec4 v00000259705a9600_0;
    %parti/s 8, 0, 2;
    %assign/vec4 v00000259705a68d0_0, 0;
    %load/vec4 v00000259705a9600_0;
    %parti/s 8, 8, 5;
    %assign/vec4 v00000259705a75f0_0, 0;
T_7.16 ;
T_7.15 ;
T_7.12 ;
T_7.9 ;
T_7.7 ;
    %jmp T_7.3;
T_7.2 ;
    %load/vec4 v00000259705a7550_0;
    %flag_set/vec4 9;
    %flag_get/vec4 9;
    %jmp/0 T_7.20, 9;
    %load/vec4 v00000259705a74b0_0;
    %and;
T_7.20;
    %flag_set/vec4 8;
    %jmp/0xz  T_7.18, 8;
    %pushi/vec4 0, 0, 1;
    %assign/vec4 v00000259705a7550_0, 0;
T_7.18 ;
T_7.3 ;
T_7.1 ;
    %jmp T_7;
    .thread T_7;
    .scope S_00000259704bf6b0;
T_8 ;
    %wait E_00000259705047c0;
    %load/vec4 v00000259705a77d0_0;
    %nor/r;
    %flag_set/vec4 8;
    %jmp/0xz  T_8.0, 8;
    %pushi/vec4 0, 0, 1;
    %assign/vec4 v00000259705a7370_0, 0;
    %pushi/vec4 0, 0, 10;
    %assign/vec4 v00000259705a61f0_0, 0;
    %jmp T_8.1;
T_8.0 ;
    %load/vec4 v00000259705a63d0_0;
    %flag_set/vec4 10;
    %flag_get/vec4 10;
    %jmp/0 T_8.5, 10;
    %load/vec4 v00000259705a7370_0;
    %nor/r;
    %and;
T_8.5;
    %flag_set/vec4 9;
    %flag_get/vec4 9;
    %jmp/0 T_8.4, 9;
    %load/vec4 v00000259705a6f10_0;
    %nor/r;
    %and;
T_8.4;
    %flag_set/vec4 8;
    %jmp/0xz  T_8.2, 8;
    %pushi/vec4 1, 0, 1;
    %assign/vec4 v00000259705a7370_0, 0;
    %load/vec4 v00000259705a70f0_0;
    %assign/vec4 v00000259705a61f0_0, 0;
    %jmp T_8.3;
T_8.2 ;
    %pushi/vec4 0, 0, 1;
    %assign/vec4 v00000259705a7370_0, 0;
T_8.3 ;
T_8.1 ;
    %jmp T_8;
    .thread T_8;
    .scope S_00000259704bf6b0;
T_9 ;
    %wait E_00000259705047c0;
    %load/vec4 v00000259705a77d0_0;
    %nor/r;
    %flag_set/vec4 8;
    %jmp/0xz  T_9.0, 8;
    %pushi/vec4 0, 0, 1;
    %assign/vec4 v00000259705a6f10_0, 0;
    %jmp T_9.1;
T_9.0 ;
    %load/vec4 v00000259705a63d0_0;
    %flag_set/vec4 9;
    %flag_get/vec4 9;
    %jmp/0 T_9.4, 9;
    %load/vec4 v00000259705a7370_0;
    %and;
T_9.4;
    %flag_set/vec4 8;
    %jmp/0xz  T_9.2, 8;
    %pushi/vec4 1, 0, 1;
    %assign/vec4 v00000259705a6f10_0, 0;
    %jmp T_9.3;
T_9.2 ;
    %load/vec4 v00000259705a7730_0;
    %flag_set/vec4 9;
    %flag_get/vec4 9;
    %jmp/0 T_9.7, 9;
    %load/vec4 v00000259705a7690_0;
    %and;
T_9.7;
    %flag_set/vec4 8;
    %jmp/0xz  T_9.5, 8;
    %pushi/vec4 0, 0, 1;
    %assign/vec4 v00000259705a6f10_0, 0;
T_9.5 ;
T_9.3 ;
T_9.1 ;
    %jmp T_9;
    .thread T_9;
    .scope S_00000259704bf6b0;
T_10 ;
    %wait E_00000259705047c0;
    %load/vec4 v00000259705a77d0_0;
    %nor/r;
    %flag_set/vec4 8;
    %jmp/0xz  T_10.0, 8;
    %pushi/vec4 0, 0, 1;
    %assign/vec4 v00000259705a7730_0, 0;
    %pushi/vec4 0, 0, 32;
    %assign/vec4 v00000259705a6ab0_0, 0;
    %pushi/vec4 0, 0, 2;
    %assign/vec4 v00000259705a6470_0, 0;
    %pushi/vec4 0, 0, 6;
    %assign/vec4 v00000259705a7c30_0, 0;
    %pushi/vec4 0, 0, 4;
    %assign/vec4 v00000259705a6970_0, 0;
    %jmp T_10.1;
T_10.0 ;
    %load/vec4 v00000259705a6f10_0;
    %flag_set/vec4 9;
    %flag_get/vec4 9;
    %jmp/0 T_10.4, 9;
    %load/vec4 v00000259705a7730_0;
    %nor/r;
    %and;
T_10.4;
    %flag_set/vec4 8;
    %jmp/0xz  T_10.2, 8;
    %pushi/vec4 1, 0, 1;
    %assign/vec4 v00000259705a7730_0, 0;
    %load/vec4 v00000259705a61f0_0;
    %cmpi/u 1023, 0, 10;
    %flag_or 5, 4; GT is !LE
    %flag_inv 5;
    %jmp/0xz  T_10.5, 5;
    %pushi/vec4 0, 0, 32;
    %assign/vec4 v00000259705a6ab0_0, 0;
    %pushi/vec4 2, 0, 2;
    %assign/vec4 v00000259705a6470_0, 0;
    %jmp T_10.6;
T_10.5 ;
    %pushi/vec4 0, 0, 2;
    %assign/vec4 v00000259705a6470_0, 0;
    %load/vec4 v00000259705a61f0_0;
    %cmpi/u 0, 0, 10;
    %flag_inv 5; GE is !LT
    %flag_get/vec4 5;
    %jmp/0 T_10.9, 5;
    %load/vec4 v00000259705a61f0_0;
    %cmpi/u 60, 0, 10;
    %flag_get/vec4 4;
    %flag_get/vec4 5;
    %or;
    %and;
T_10.9;
    %flag_set/vec4 8;
    %jmp/0xz  T_10.7, 8;
    %load/vec4 v00000259705a61f0_0;
    %parti/s 4, 2, 3;
    %pad/u 6;
    %ix/vec4 4;
    %load/vec4a v00000259705a8b60, 4;
    %assign/vec4 v00000259705a6ab0_0, 0;
    %jmp T_10.8;
T_10.7 ;
    %load/vec4 v00000259705a61f0_0;
    %cmpi/u 64, 0, 10;
    %flag_inv 5; GE is !LT
    %flag_get/vec4 5;
    %jmp/0 T_10.12, 5;
    %load/vec4 v00000259705a61f0_0;
    %cmpi/u 124, 0, 10;
    %flag_get/vec4 4;
    %flag_get/vec4 5;
    %or;
    %and;
T_10.12;
    %flag_set/vec4 8;
    %jmp/0xz  T_10.10, 8;
    %load/vec4 v00000259705a61f0_0;
    %parti/s 4, 2, 3;
    %pad/u 6;
    %ix/vec4 4;
    %load/vec4a v00000259705a7af0, 4;
    %assign/vec4 v00000259705a6ab0_0, 0;
    %jmp T_10.11;
T_10.10 ;
    %load/vec4 v00000259705a61f0_0;
    %cmpi/e 128, 0, 10;
    %jmp/0xz  T_10.13, 4;
    %pushi/vec4 0, 0, 32;
    %assign/vec4 v00000259705a6ab0_0, 0;
    %jmp T_10.14;
T_10.13 ;
    %load/vec4 v00000259705a61f0_0;
    %cmpi/e 132, 0, 10;
    %jmp/0xz  T_10.15, 4;
    %pushi/vec4 0, 0, 30;
    %load/vec4 v00000259705a7a50_0;
    %concat/vec4; draw_concat_vec4
    %load/vec4 v00000259705a79b0_0;
    %concat/vec4; draw_concat_vec4
    %assign/vec4 v00000259705a6ab0_0, 0;
    %jmp T_10.16;
T_10.15 ;
    %load/vec4 v00000259705a61f0_0;
    %cmpi/e 136, 0, 10;
    %jmp/0xz  T_10.17, 4;
    %pushi/vec4 0, 0, 16;
    %load/vec4 v00000259705a75f0_0;
    %concat/vec4; draw_concat_vec4
    %load/vec4 v00000259705a68d0_0;
    %concat/vec4; draw_concat_vec4
    %assign/vec4 v00000259705a6ab0_0, 0;
    %jmp T_10.18;
T_10.17 ;
    %load/vec4 v00000259705a61f0_0;
    %cmpi/u 256, 0, 10;
    %flag_inv 5; GE is !LT
    %flag_get/vec4 5;
    %jmp/0 T_10.21, 5;
    %load/vec4 v00000259705a61f0_0;
    %cmpi/u 508, 0, 10;
    %flag_get/vec4 4;
    %flag_get/vec4 5;
    %or;
    %and;
T_10.21;
    %flag_set/vec4 8;
    %jmp/0xz  T_10.19, 8;
    %load/vec4 v00000259705a61f0_0;
    %parti/s 6, 2, 3;
    %pad/u 8;
    %ix/vec4 4;
    %load/vec4a v00000259705a6bf0, 4;
    %assign/vec4 v00000259705a6ab0_0, 0;
    %load/vec4 v00000259705a61f0_0;
    %parti/s 6, 2, 3;
    %assign/vec4 v00000259705a7c30_0, 0;
    %jmp T_10.20;
T_10.19 ;
    %load/vec4 v00000259705a61f0_0;
    %cmpi/u 512, 0, 10;
    %flag_inv 5; GE is !LT
    %flag_get/vec4 5;
    %jmp/0 T_10.24, 5;
    %load/vec4 v00000259705a61f0_0;
    %cmpi/u 572, 0, 10;
    %flag_get/vec4 4;
    %flag_get/vec4 5;
    %or;
    %and;
T_10.24;
    %flag_set/vec4 8;
    %jmp/0xz  T_10.22, 8;
    %load/vec4 v00000259705a61f0_0;
    %parti/s 4, 2, 3;
    %pad/u 6;
    %ix/vec4 4;
    %load/vec4a v00000259705a7f50, 4;
    %assign/vec4 v00000259705a6ab0_0, 0;
    %load/vec4 v00000259705a61f0_0;
    %parti/s 4, 2, 3;
    %assign/vec4 v00000259705a6970_0, 0;
    %jmp T_10.23;
T_10.22 ;
    %pushi/vec4 0, 0, 32;
    %assign/vec4 v00000259705a6ab0_0, 0;
T_10.23 ;
T_10.20 ;
T_10.18 ;
T_10.16 ;
T_10.14 ;
T_10.11 ;
T_10.8 ;
T_10.6 ;
    %jmp T_10.3;
T_10.2 ;
    %load/vec4 v00000259705a7730_0;
    %flag_set/vec4 9;
    %flag_get/vec4 9;
    %jmp/0 T_10.27, 9;
    %load/vec4 v00000259705a7690_0;
    %and;
T_10.27;
    %flag_set/vec4 8;
    %jmp/0xz  T_10.25, 8;
    %pushi/vec4 0, 0, 1;
    %assign/vec4 v00000259705a7730_0, 0;
T_10.25 ;
T_10.3 ;
T_10.1 ;
    %jmp T_10;
    .thread T_10;
    .scope S_000002597051dac0;
T_11 ;
    %pushi/vec4 0, 0, 10;
    %store/vec4 v0000025970508de0_0, 0, 10;
    %pushi/vec4 0, 0, 1;
    %store/vec4 v00000259705085c0_0, 0, 1;
    %pushi/vec4 0, 0, 32;
    %store/vec4 v00000259705a6c90_0, 0, 32;
    %pushi/vec4 0, 0, 4;
    %store/vec4 v00000259705a6d30_0, 0, 4;
    %pushi/vec4 0, 0, 1;
    %store/vec4 v00000259705a6dd0_0, 0, 1;
    %pushi/vec4 0, 0, 1;
    %store/vec4 v00000259705088e0_0, 0, 1;
    %pushi/vec4 0, 0, 10;
    %store/vec4 v0000025970508e80_0, 0, 10;
    %pushi/vec4 0, 0, 1;
    %store/vec4 v0000025970508fc0_0, 0, 1;
    %pushi/vec4 0, 0, 1;
    %store/vec4 v00000259705a65b0_0, 0, 1;
    %end;
    .thread T_11;
    .scope S_0000025970513430;
T_12 ;
    %pushi/vec4 0, 0, 1;
    %store/vec4 v00000259705a87a0_0, 0, 1;
    %end;
    .thread T_12;
    .scope S_0000025970513430;
T_13 ;
    %delay 5000, 0;
    %load/vec4 v00000259705a87a0_0;
    %inv;
    %store/vec4 v00000259705a87a0_0, 0, 1;
    %jmp T_13;
    .thread T_13;
    .scope S_0000025970513430;
T_14 ;
    %wait E_00000259705047c0;
    %load/vec4 v00000259705a82a0_0;
    %nor/r;
    %flag_set/vec4 8;
    %jmp/0xz  T_14.0, 8;
    %pushi/vec4 0, 0, 1;
    %assign/vec4 v00000259705a9060_0, 0;
    %jmp T_14.1;
T_14.0 ;
    %load/vec4 v00000259705a85c0_0;
    %flag_set/vec4 8;
    %jmp/0xz  T_14.2, 8;
    %pushi/vec4 1, 0, 1;
    %assign/vec4 v00000259705a9060_0, 0;
T_14.2 ;
T_14.1 ;
    %jmp T_14;
    .thread T_14;
    .scope S_0000025970513430;
T_15 ;
    %delay 50000000, 0;
    %vpi_call 2 173 "$display", "[TIMEOUT] Simulation watchdog expired at %0t", $time {0 0 0};
    %vpi_call 2 174 "$finish" {0 0 0};
    %end;
    .thread T_15;
    .scope S_0000025970513430;
T_16 ;
    %vpi_call 2 178 "$display", "================================================" {0 0 0};
    %vpi_call 2 179 "$display", "  AXI4-Lite Slave & BFM Testbench  (Phase 4)" {0 0 0};
    %vpi_call 2 180 "$display", "================================================" {0 0 0};
    %pushi/vec4 0, 0, 32;
    %store/vec4 v00000259705a9420_0, 0, 32;
    %pushi/vec4 0, 0, 32;
    %store/vec4 v00000259705a8ac0_0, 0, 32;
    %pushi/vec4 0, 0, 1;
    %store/vec4 v00000259705a91a0_0, 0, 1;
    %pushi/vec4 0, 0, 1;
    %store/vec4 v00000259705a9c40_0, 0, 1;
    %pushi/vec4 0, 0, 32;
    %store/vec4 v00000259705a8160_0, 0, 32;
    %pushi/vec4 0, 0, 32;
    %store/vec4 v00000259705a9100_0, 0, 32;
    %pushi/vec4 0, 0, 1;
    %store/vec4 v00000259705a82a0_0, 0, 1;
    %wait E_00000259705047c0;
    %delay 1000, 0;
    %pushi/vec4 1, 0, 1;
    %store/vec4 v00000259705a82a0_0, 0, 1;
    %wait E_00000259705047c0;
    %delay 1000, 0;
    %vpi_call 2 200 "$display", "\012--- Test 1: Write and Read back ---" {0 0 0};
    %vpi_call 2 201 "$display", "DBG: calling axi_write WEIGHT_DATA[1]" {0 0 0};
    %pushi/vec4 4, 0, 10;
    %store/vec4 v0000025970508700_0, 0, 10;
    %pushi/vec4 287454020, 0, 32;
    %store/vec4 v0000025970508ac0_0, 0, 32;
    %fork TD_axi_lite_slave_tb.bfm.axi_write, S_000002597053cad0;
    %join;
    %load/vec4 v0000025970508980_0;
    %store/vec4 v00000259705a8340_0, 0, 2;
    %pushi/vec4 0, 0, 32; draw_string_vec4
    %pushi/vec4 0, 0, 32; draw_string_vec4
    %concat/vec4; draw_string_vec4
    %pushi/vec4 0, 0, 32; draw_string_vec4
    %concat/vec4; draw_string_vec4
    %pushi/vec4 0, 0, 32; draw_string_vec4
    %concat/vec4; draw_string_vec4
    %pushi/vec4 0, 0, 32; draw_string_vec4
    %concat/vec4; draw_string_vec4
    %pushi/vec4 0, 0, 32; draw_string_vec4
    %concat/vec4; draw_string_vec4
    %pushi/vec4 0, 0, 32; draw_string_vec4
    %concat/vec4; draw_string_vec4
    %pushi/vec4 0, 0, 32; draw_string_vec4
    %concat/vec4; draw_string_vec4
    %pushi/vec4 0, 0, 32; draw_string_vec4
    %concat/vec4; draw_string_vec4
    %pushi/vec4 0, 0, 32; draw_string_vec4
    %concat/vec4; draw_string_vec4
    %pushi/vec4 0, 0, 32; draw_string_vec4
    %concat/vec4; draw_string_vec4
    %pushi/vec4 0, 0, 32; draw_string_vec4
    %concat/vec4; draw_string_vec4
    %pushi/vec4 87, 0, 32; draw_string_vec4
    %concat/vec4; draw_string_vec4
    %pushi/vec4 1919513701, 0, 32; draw_string_vec4
    %concat/vec4; draw_string_vec4
    %pushi/vec4 542590281, 0, 32; draw_string_vec4
    %concat/vec4; draw_string_vec4
    %pushi/vec4 1195922527, 0, 32; draw_string_vec4
    %concat/vec4; draw_string_vec4
    %pushi/vec4 1145132097, 0, 32; draw_string_vec4
    %concat/vec4; draw_string_vec4
    %pushi/vec4 1529961760, 0, 32; draw_string_vec4
    %concat/vec4; draw_string_vec4
    %pushi/vec4 1919251312, 0, 32; draw_string_vec4
    %concat/vec4; draw_string_vec4
    %pushi/vec4 1869509477, 0, 32; draw_string_vec4
    %concat/vec4; draw_string_vec4
    %store/vec4 v00000259705a7e10_0, 0, 640;
    %pushi/vec4 0, 0, 32;
    %store/vec4 v00000259705a6150_0, 0, 32;
    %load/vec4 v00000259705a8340_0;
    %pad/u 32;
    %store/vec4 v00000259705a7b90_0, 0, 32;
    %fork TD_axi_lite_slave_tb.check, S_00000259701ec3e0;
    %join;
    %pushi/vec4 4, 0, 10;
    %store/vec4 v0000025970508c00_0, 0, 10;
    %fork TD_axi_lite_slave_tb.bfm.axi_read, S_000002597053c940;
    %join;
    %load/vec4 v00000259705094c0_0;
    %store/vec4 v00000259705a92e0_0, 0, 32;
    %load/vec4 v0000025970508ca0_0;
    %store/vec4 v00000259705a8340_0, 0, 2;
    %pushi/vec4 0, 0, 32; draw_string_vec4
    %pushi/vec4 0, 0, 32; draw_string_vec4
    %concat/vec4; draw_string_vec4
    %pushi/vec4 0, 0, 32; draw_string_vec4
    %concat/vec4; draw_string_vec4
    %pushi/vec4 0, 0, 32; draw_string_vec4
    %concat/vec4; draw_string_vec4
    %pushi/vec4 0, 0, 32; draw_string_vec4
    %concat/vec4; draw_string_vec4
    %pushi/vec4 0, 0, 32; draw_string_vec4
    %concat/vec4; draw_string_vec4
    %pushi/vec4 0, 0, 32; draw_string_vec4
    %concat/vec4; draw_string_vec4
    %pushi/vec4 0, 0, 32; draw_string_vec4
    %concat/vec4; draw_string_vec4
    %pushi/vec4 0, 0, 32; draw_string_vec4
    %concat/vec4; draw_string_vec4
    %pushi/vec4 0, 0, 32; draw_string_vec4
    %concat/vec4; draw_string_vec4
    %pushi/vec4 0, 0, 32; draw_string_vec4
    %concat/vec4; draw_string_vec4
    %pushi/vec4 0, 0, 32; draw_string_vec4
    %concat/vec4; draw_string_vec4
    %pushi/vec4 21093, 0, 32; draw_string_vec4
    %concat/vec4; draw_string_vec4
    %pushi/vec4 1633951842, 0, 32; draw_string_vec4
    %concat/vec4; draw_string_vec4
    %pushi/vec4 1633905440, 0, 32; draw_string_vec4
    %concat/vec4; draw_string_vec4
    %pushi/vec4 1464158535, 0, 32; draw_string_vec4
    %concat/vec4; draw_string_vec4
    %pushi/vec4 1213488964, 0, 32; draw_string_vec4
    %concat/vec4; draw_string_vec4
    %pushi/vec4 1096040795, 0, 32; draw_string_vec4
    %concat/vec4; draw_string_vec4
    %pushi/vec4 828186742, 0, 32; draw_string_vec4
    %concat/vec4; draw_string_vec4
    %pushi/vec4 1634497893, 0, 32; draw_string_vec4
    %concat/vec4; draw_string_vec4
    %store/vec4 v00000259705a7e10_0, 0, 640;
    %pushi/vec4 287454020, 0, 32;
    %store/vec4 v00000259705a6150_0, 0, 32;
    %load/vec4 v00000259705a92e0_0;
    %store/vec4 v00000259705a7b90_0, 0, 32;
    %fork TD_axi_lite_slave_tb.check, S_00000259701ec3e0;
    %join;
    %pushi/vec4 0, 0, 32; draw_string_vec4
    %pushi/vec4 0, 0, 32; draw_string_vec4
    %concat/vec4; draw_string_vec4
    %pushi/vec4 0, 0, 32; draw_string_vec4
    %concat/vec4; draw_string_vec4
    %pushi/vec4 0, 0, 32; draw_string_vec4
    %concat/vec4; draw_string_vec4
    %pushi/vec4 0, 0, 32; draw_string_vec4
    %concat/vec4; draw_string_vec4
    %pushi/vec4 0, 0, 32; draw_string_vec4
    %concat/vec4; draw_string_vec4
    %pushi/vec4 0, 0, 32; draw_string_vec4
    %concat/vec4; draw_string_vec4
    %pushi/vec4 0, 0, 32; draw_string_vec4
    %concat/vec4; draw_string_vec4
    %pushi/vec4 0, 0, 32; draw_string_vec4
    %concat/vec4; draw_string_vec4
    %pushi/vec4 0, 0, 32; draw_string_vec4
    %concat/vec4; draw_string_vec4
    %pushi/vec4 0, 0, 32; draw_string_vec4
    %concat/vec4; draw_string_vec4
    %pushi/vec4 82, 0, 32; draw_string_vec4
    %concat/vec4; draw_string_vec4
    %pushi/vec4 1700881440, 0, 32; draw_string_vec4
    %concat/vec4; draw_string_vec4
    %pushi/vec4 1650549611, 0, 32; draw_string_vec4
    %concat/vec4; draw_string_vec4
    %pushi/vec4 542590281, 0, 32; draw_string_vec4
    %concat/vec4; draw_string_vec4
    %pushi/vec4 1195922527, 0, 32; draw_string_vec4
    %concat/vec4; draw_string_vec4
    %pushi/vec4 1145132097, 0, 32; draw_string_vec4
    %concat/vec4; draw_string_vec4
    %pushi/vec4 1529961760, 0, 32; draw_string_vec4
    %concat/vec4; draw_string_vec4
    %pushi/vec4 1919251312, 0, 32; draw_string_vec4
    %concat/vec4; draw_string_vec4
    %pushi/vec4 1869509477, 0, 32; draw_string_vec4
    %concat/vec4; draw_string_vec4
    %store/vec4 v00000259705a7e10_0, 0, 640;
    %pushi/vec4 0, 0, 32;
    %store/vec4 v00000259705a6150_0, 0, 32;
    %load/vec4 v00000259705a8340_0;
    %pad/u 32;
    %store/vec4 v00000259705a7b90_0, 0, 32;
    %fork TD_axi_lite_slave_tb.check, S_00000259701ec3e0;
    %join;
    %pushi/vec4 76, 0, 10;
    %store/vec4 v0000025970508700_0, 0, 10;
    %pushi/vec4 1432778632, 0, 32;
    %store/vec4 v0000025970508ac0_0, 0, 32;
    %fork TD_axi_lite_slave_tb.bfm.axi_write, S_000002597053cad0;
    %join;
    %load/vec4 v0000025970508980_0;
    %store/vec4 v00000259705a8340_0, 0, 2;
    %pushi/vec4 0, 0, 32; draw_string_vec4
    %pushi/vec4 0, 0, 32; draw_string_vec4
    %concat/vec4; draw_string_vec4
    %pushi/vec4 0, 0, 32; draw_string_vec4
    %concat/vec4; draw_string_vec4
    %pushi/vec4 0, 0, 32; draw_string_vec4
    %concat/vec4; draw_string_vec4
    %pushi/vec4 0, 0, 32; draw_string_vec4
    %concat/vec4; draw_string_vec4
    %pushi/vec4 0, 0, 32; draw_string_vec4
    %concat/vec4; draw_string_vec4
    %pushi/vec4 0, 0, 32; draw_string_vec4
    %concat/vec4; draw_string_vec4
    %pushi/vec4 0, 0, 32; draw_string_vec4
    %concat/vec4; draw_string_vec4
    %pushi/vec4 0, 0, 32; draw_string_vec4
    %concat/vec4; draw_string_vec4
    %pushi/vec4 0, 0, 32; draw_string_vec4
    %concat/vec4; draw_string_vec4
    %pushi/vec4 0, 0, 32; draw_string_vec4
    %concat/vec4; draw_string_vec4
    %pushi/vec4 0, 0, 32; draw_string_vec4
    %concat/vec4; draw_string_vec4
    %pushi/vec4 0, 0, 32; draw_string_vec4
    %concat/vec4; draw_string_vec4
    %pushi/vec4 22386, 0, 32; draw_string_vec4
    %concat/vec4; draw_string_vec4
    %pushi/vec4 1769235744, 0, 32; draw_string_vec4
    %concat/vec4; draw_string_vec4
    %pushi/vec4 1094931551, 0, 32; draw_string_vec4
    %concat/vec4; draw_string_vec4
    %pushi/vec4 1145132097, 0, 32; draw_string_vec4
    %concat/vec4; draw_string_vec4
    %pushi/vec4 1530092832, 0, 32; draw_string_vec4
    %concat/vec4; draw_string_vec4
    %pushi/vec4 1919251312, 0, 32; draw_string_vec4
    %concat/vec4; draw_string_vec4
    %pushi/vec4 1869509477, 0, 32; draw_string_vec4
    %concat/vec4; draw_string_vec4
    %store/vec4 v00000259705a7e10_0, 0, 640;
    %pushi/vec4 0, 0, 32;
    %store/vec4 v00000259705a6150_0, 0, 32;
    %load/vec4 v00000259705a8340_0;
    %pad/u 32;
    %store/vec4 v00000259705a7b90_0, 0, 32;
    %fork TD_axi_lite_slave_tb.check, S_00000259701ec3e0;
    %join;
    %pushi/vec4 76, 0, 10;
    %store/vec4 v0000025970508c00_0, 0, 10;
    %fork TD_axi_lite_slave_tb.bfm.axi_read, S_000002597053c940;
    %join;
    %load/vec4 v00000259705094c0_0;
    %store/vec4 v00000259705a92e0_0, 0, 32;
    %load/vec4 v0000025970508ca0_0;
    %store/vec4 v00000259705a8340_0, 0, 2;
    %pushi/vec4 0, 0, 32; draw_string_vec4
    %pushi/vec4 0, 0, 32; draw_string_vec4
    %concat/vec4; draw_string_vec4
    %pushi/vec4 0, 0, 32; draw_string_vec4
    %concat/vec4; draw_string_vec4
    %pushi/vec4 0, 0, 32; draw_string_vec4
    %concat/vec4; draw_string_vec4
    %pushi/vec4 0, 0, 32; draw_string_vec4
    %concat/vec4; draw_string_vec4
    %pushi/vec4 0, 0, 32; draw_string_vec4
    %concat/vec4; draw_string_vec4
    %pushi/vec4 0, 0, 32; draw_string_vec4
    %concat/vec4; draw_string_vec4
    %pushi/vec4 0, 0, 32; draw_string_vec4
    %concat/vec4; draw_string_vec4
    %pushi/vec4 0, 0, 32; draw_string_vec4
    %concat/vec4; draw_string_vec4
    %pushi/vec4 0, 0, 32; draw_string_vec4
    %concat/vec4; draw_string_vec4
    %pushi/vec4 0, 0, 32; draw_string_vec4
    %concat/vec4; draw_string_vec4
    %pushi/vec4 0, 0, 32; draw_string_vec4
    %concat/vec4; draw_string_vec4
    %pushi/vec4 0, 0, 32; draw_string_vec4
    %concat/vec4; draw_string_vec4
    %pushi/vec4 5399905, 0, 32; draw_string_vec4
    %concat/vec4; draw_string_vec4
    %pushi/vec4 1679843937, 0, 32; draw_string_vec4
    %concat/vec4; draw_string_vec4
    %pushi/vec4 1667964993, 0, 32; draw_string_vec4
    %concat/vec4; draw_string_vec4
    %pushi/vec4 1129602884, 0, 32; draw_string_vec4
    %concat/vec4; draw_string_vec4
    %pushi/vec4 1096040795, 0, 32; draw_string_vec4
    %concat/vec4; draw_string_vec4
    %pushi/vec4 861741174, 0, 32; draw_string_vec4
    %concat/vec4; draw_string_vec4
    %pushi/vec4 1634497893, 0, 32; draw_string_vec4
    %concat/vec4; draw_string_vec4
    %store/vec4 v00000259705a7e10_0, 0, 640;
    %pushi/vec4 1432778632, 0, 32;
    %store/vec4 v00000259705a6150_0, 0, 32;
    %load/vec4 v00000259705a92e0_0;
    %store/vec4 v00000259705a7b90_0, 0, 32;
    %fork TD_axi_lite_slave_tb.check, S_00000259701ec3e0;
    %join;
    %pushi/vec4 136, 0, 10;
    %store/vec4 v0000025970508700_0, 0, 10;
    %pushi/vec4 4660, 0, 32;
    %store/vec4 v0000025970508ac0_0, 0, 32;
    %fork TD_axi_lite_slave_tb.bfm.axi_write, S_000002597053cad0;
    %join;
    %load/vec4 v0000025970508980_0;
    %store/vec4 v00000259705a8340_0, 0, 2;
    %pushi/vec4 0, 0, 32; draw_string_vec4
    %pushi/vec4 0, 0, 32; draw_string_vec4
    %concat/vec4; draw_string_vec4
    %pushi/vec4 0, 0, 32; draw_string_vec4
    %concat/vec4; draw_string_vec4
    %pushi/vec4 0, 0, 32; draw_string_vec4
    %concat/vec4; draw_string_vec4
    %pushi/vec4 0, 0, 32; draw_string_vec4
    %concat/vec4; draw_string_vec4
    %pushi/vec4 0, 0, 32; draw_string_vec4
    %concat/vec4; draw_string_vec4
    %pushi/vec4 0, 0, 32; draw_string_vec4
    %concat/vec4; draw_string_vec4
    %pushi/vec4 0, 0, 32; draw_string_vec4
    %concat/vec4; draw_string_vec4
    %pushi/vec4 0, 0, 32; draw_string_vec4
    %concat/vec4; draw_string_vec4
    %pushi/vec4 0, 0, 32; draw_string_vec4
    %concat/vec4; draw_string_vec4
    %pushi/vec4 0, 0, 32; draw_string_vec4
    %concat/vec4; draw_string_vec4
    %pushi/vec4 0, 0, 32; draw_string_vec4
    %concat/vec4; draw_string_vec4
    %pushi/vec4 0, 0, 32; draw_string_vec4
    %concat/vec4; draw_string_vec4
    %pushi/vec4 1467115892, 0, 32; draw_string_vec4
    %concat/vec4; draw_string_vec4
    %pushi/vec4 1696613196, 0, 32; draw_string_vec4
    %concat/vec4; draw_string_vec4
    %pushi/vec4 1264535361, 0, 32; draw_string_vec4
    %concat/vec4; draw_string_vec4
    %pushi/vec4 1413832515, 0, 32; draw_string_vec4
    %concat/vec4; draw_string_vec4
    %pushi/vec4 1414679584, 0, 32; draw_string_vec4
    %concat/vec4; draw_string_vec4
    %pushi/vec4 1919251312, 0, 32; draw_string_vec4
    %concat/vec4; draw_string_vec4
    %pushi/vec4 1869509477, 0, 32; draw_string_vec4
    %concat/vec4; draw_string_vec4
    %store/vec4 v00000259705a7e10_0, 0, 640;
    %pushi/vec4 0, 0, 32;
    %store/vec4 v00000259705a6150_0, 0, 32;
    %load/vec4 v00000259705a8340_0;
    %pad/u 32;
    %store/vec4 v00000259705a7b90_0, 0, 32;
    %fork TD_axi_lite_slave_tb.check, S_00000259701ec3e0;
    %join;
    %pushi/vec4 136, 0, 10;
    %store/vec4 v0000025970508c00_0, 0, 10;
    %fork TD_axi_lite_slave_tb.bfm.axi_read, S_000002597053c940;
    %join;
    %load/vec4 v00000259705094c0_0;
    %store/vec4 v00000259705a92e0_0, 0, 32;
    %load/vec4 v0000025970508ca0_0;
    %store/vec4 v00000259705a8340_0, 0, 2;
    %pushi/vec4 0, 0, 32; draw_string_vec4
    %pushi/vec4 0, 0, 32; draw_string_vec4
    %concat/vec4; draw_string_vec4
    %pushi/vec4 0, 0, 32; draw_string_vec4
    %concat/vec4; draw_string_vec4
    %pushi/vec4 0, 0, 32; draw_string_vec4
    %concat/vec4; draw_string_vec4
    %pushi/vec4 0, 0, 32; draw_string_vec4
    %concat/vec4; draw_string_vec4
    %pushi/vec4 0, 0, 32; draw_string_vec4
    %concat/vec4; draw_string_vec4
    %pushi/vec4 0, 0, 32; draw_string_vec4
    %concat/vec4; draw_string_vec4
    %pushi/vec4 0, 0, 32; draw_string_vec4
    %concat/vec4; draw_string_vec4
    %pushi/vec4 0, 0, 32; draw_string_vec4
    %concat/vec4; draw_string_vec4
    %pushi/vec4 0, 0, 32; draw_string_vec4
    %concat/vec4; draw_string_vec4
    %pushi/vec4 0, 0, 32; draw_string_vec4
    %concat/vec4; draw_string_vec4
    %pushi/vec4 0, 0, 32; draw_string_vec4
    %concat/vec4; draw_string_vec4
    %pushi/vec4 82, 0, 32; draw_string_vec4
    %concat/vec4; draw_string_vec4
    %pushi/vec4 1700881440, 0, 32; draw_string_vec4
    %concat/vec4; draw_string_vec4
    %pushi/vec4 1650549611, 0, 32; draw_string_vec4
    %concat/vec4; draw_string_vec4
    %pushi/vec4 541281355, 0, 32; draw_string_vec4
    %concat/vec4; draw_string_vec4
    %pushi/vec4 1598505300, 0, 32; draw_string_vec4
    %concat/vec4; draw_string_vec4
    %pushi/vec4 1163871060, 0, 32; draw_string_vec4
    %concat/vec4; draw_string_vec4
    %pushi/vec4 1380720758, 0, 32; draw_string_vec4
    %concat/vec4; draw_string_vec4
    %pushi/vec4 1634497893, 0, 32; draw_string_vec4
    %concat/vec4; draw_string_vec4
    %store/vec4 v00000259705a7e10_0, 0, 640;
    %pushi/vec4 4660, 0, 32;
    %store/vec4 v00000259705a6150_0, 0, 32;
    %load/vec4 v00000259705a92e0_0;
    %store/vec4 v00000259705a7b90_0, 0, 32;
    %fork TD_axi_lite_slave_tb.check, S_00000259701ec3e0;
    %join;
    %vpi_call 2 227 "$display", "\012--- Test 2: CTRL Self-Clearing Timing ---" {0 0 0};
    %pushi/vec4 128, 0, 10;
    %store/vec4 v0000025970508700_0, 0, 10;
    %pushi/vec4 1, 0, 32;
    %store/vec4 v0000025970508ac0_0, 0, 32;
    %fork TD_axi_lite_slave_tb.bfm.axi_write, S_000002597053cad0;
    %join;
    %load/vec4 v0000025970508980_0;
    %store/vec4 v00000259705a8340_0, 0, 2;
    %pushi/vec4 0, 0, 32; draw_string_vec4
    %pushi/vec4 0, 0, 32; draw_string_vec4
    %concat/vec4; draw_string_vec4
    %pushi/vec4 0, 0, 32; draw_string_vec4
    %concat/vec4; draw_string_vec4
    %pushi/vec4 0, 0, 32; draw_string_vec4
    %concat/vec4; draw_string_vec4
    %pushi/vec4 0, 0, 32; draw_string_vec4
    %concat/vec4; draw_string_vec4
    %pushi/vec4 0, 0, 32; draw_string_vec4
    %concat/vec4; draw_string_vec4
    %pushi/vec4 0, 0, 32; draw_string_vec4
    %concat/vec4; draw_string_vec4
    %pushi/vec4 0, 0, 32; draw_string_vec4
    %concat/vec4; draw_string_vec4
    %pushi/vec4 0, 0, 32; draw_string_vec4
    %concat/vec4; draw_string_vec4
    %pushi/vec4 0, 0, 32; draw_string_vec4
    %concat/vec4; draw_string_vec4
    %pushi/vec4 0, 0, 32; draw_string_vec4
    %concat/vec4; draw_string_vec4
    %pushi/vec4 0, 0, 32; draw_string_vec4
    %concat/vec4; draw_string_vec4
    %pushi/vec4 0, 0, 32; draw_string_vec4
    %concat/vec4; draw_string_vec4
    %pushi/vec4 87, 0, 32; draw_string_vec4
    %concat/vec4; draw_string_vec4
    %pushi/vec4 1919513701, 0, 32; draw_string_vec4
    %concat/vec4; draw_string_vec4
    %pushi/vec4 541283410, 0, 32; draw_string_vec4
    %concat/vec4; draw_string_vec4
    %pushi/vec4 1277186900, 0, 32; draw_string_vec4
    %concat/vec4; draw_string_vec4
    %pushi/vec4 1095914528, 0, 32; draw_string_vec4
    %concat/vec4; draw_string_vec4
    %pushi/vec4 1919251312, 0, 32; draw_string_vec4
    %concat/vec4; draw_string_vec4
    %pushi/vec4 1869509477, 0, 32; draw_string_vec4
    %concat/vec4; draw_string_vec4
    %store/vec4 v00000259705a7e10_0, 0, 640;
    %pushi/vec4 0, 0, 32;
    %store/vec4 v00000259705a6150_0, 0, 32;
    %load/vec4 v00000259705a8340_0;
    %pad/u 32;
    %store/vec4 v00000259705a7b90_0, 0, 32;
    %fork TD_axi_lite_slave_tb.check, S_00000259701ec3e0;
    %join;
    %pushi/vec4 128, 0, 10;
    %store/vec4 v0000025970508c00_0, 0, 10;
    %fork TD_axi_lite_slave_tb.bfm.axi_read, S_000002597053c940;
    %join;
    %load/vec4 v00000259705094c0_0;
    %store/vec4 v00000259705a92e0_0, 0, 32;
    %load/vec4 v0000025970508ca0_0;
    %store/vec4 v00000259705a8340_0, 0, 2;
    %pushi/vec4 0, 0, 32; draw_string_vec4
    %pushi/vec4 0, 0, 32; draw_string_vec4
    %concat/vec4; draw_string_vec4
    %pushi/vec4 0, 0, 32; draw_string_vec4
    %concat/vec4; draw_string_vec4
    %pushi/vec4 0, 0, 32; draw_string_vec4
    %concat/vec4; draw_string_vec4
    %pushi/vec4 0, 0, 32; draw_string_vec4
    %concat/vec4; draw_string_vec4
    %pushi/vec4 0, 0, 32; draw_string_vec4
    %concat/vec4; draw_string_vec4
    %pushi/vec4 0, 0, 32; draw_string_vec4
    %concat/vec4; draw_string_vec4
    %pushi/vec4 0, 0, 32; draw_string_vec4
    %concat/vec4; draw_string_vec4
    %pushi/vec4 0, 0, 32; draw_string_vec4
    %concat/vec4; draw_string_vec4
    %pushi/vec4 0, 0, 32; draw_string_vec4
    %concat/vec4; draw_string_vec4
    %pushi/vec4 0, 0, 32; draw_string_vec4
    %concat/vec4; draw_string_vec4
    %pushi/vec4 17236, 0, 32; draw_string_vec4
    %concat/vec4; draw_string_vec4
    %pushi/vec4 1380720754, 0, 32; draw_string_vec4
    %concat/vec4; draw_string_vec4
    %pushi/vec4 1700881453, 0, 32; draw_string_vec4
    %concat/vec4; draw_string_vec4
    %pushi/vec4 1650549611, 0, 32; draw_string_vec4
    %concat/vec4; draw_string_vec4
    %pushi/vec4 543781664, 0, 32; draw_string_vec4
    %concat/vec4; draw_string_vec4
    %pushi/vec4 807413875, 0, 32; draw_string_vec4
    %concat/vec4; draw_string_vec4
    %pushi/vec4 1701602861, 0, 32; draw_string_vec4
    %concat/vec4; draw_string_vec4
    %pushi/vec4 1668048225, 0, 32; draw_string_vec4
    %concat/vec4; draw_string_vec4
    %pushi/vec4 1919247401, 0, 32; draw_string_vec4
    %concat/vec4; draw_string_vec4
    %store/vec4 v00000259705a7e10_0, 0, 640;
    %pushi/vec4 0, 0, 32;
    %store/vec4 v00000259705a6150_0, 0, 32;
    %load/vec4 v00000259705a92e0_0;
    %store/vec4 v00000259705a7b90_0, 0, 32;
    %fork TD_axi_lite_slave_tb.check, S_00000259701ec3e0;
    %join;
    %delay 100, 0;
    %pushi/vec4 0, 0, 32; draw_string_vec4
    %pushi/vec4 0, 0, 32; draw_string_vec4
    %concat/vec4; draw_string_vec4
    %pushi/vec4 0, 0, 32; draw_string_vec4
    %concat/vec4; draw_string_vec4
    %pushi/vec4 0, 0, 32; draw_string_vec4
    %concat/vec4; draw_string_vec4
    %pushi/vec4 0, 0, 32; draw_string_vec4
    %concat/vec4; draw_string_vec4
    %pushi/vec4 0, 0, 32; draw_string_vec4
    %concat/vec4; draw_string_vec4
    %pushi/vec4 0, 0, 32; draw_string_vec4
    %concat/vec4; draw_string_vec4
    %pushi/vec4 0, 0, 32; draw_string_vec4
    %concat/vec4; draw_string_vec4
    %pushi/vec4 0, 0, 32; draw_string_vec4
    %concat/vec4; draw_string_vec4
    %pushi/vec4 0, 0, 32; draw_string_vec4
    %concat/vec4; draw_string_vec4
    %pushi/vec4 25460, 0, 32; draw_string_vec4
    %concat/vec4; draw_string_vec4
    %pushi/vec4 1919704947, 0, 32; draw_string_vec4
    %concat/vec4; draw_string_vec4
    %pushi/vec4 1952543348, 0, 32; draw_string_vec4
    %concat/vec4; draw_string_vec4
    %pushi/vec4 544694643, 0, 32; draw_string_vec4
    %concat/vec4; draw_string_vec4
    %pushi/vec4 544241004, 0, 32; draw_string_vec4
    %concat/vec4; draw_string_vec4
    %pushi/vec4 1936024608, 0, 32; draw_string_vec4
    %concat/vec4; draw_string_vec4
    %pushi/vec4 1751738216, 0, 32; draw_string_vec4
    %concat/vec4; draw_string_vec4
    %pushi/vec4 543584114, 0, 32; draw_string_vec4
    %concat/vec4; draw_string_vec4
    %pushi/vec4 540090467, 0, 32; draw_string_vec4
    %concat/vec4; draw_string_vec4
    %pushi/vec4 2036558949, 0, 32; draw_string_vec4
    %concat/vec4; draw_string_vec4
    %store/vec4 v00000259705a7e10_0, 0, 640;
    %pushi/vec4 1, 0, 32;
    %store/vec4 v00000259705a6150_0, 0, 32;
    %load/vec4 v00000259705a9060_0;
    %pad/u 32;
    %store/vec4 v00000259705a7b90_0, 0, 32;
    %fork TD_axi_lite_slave_tb.check, S_00000259701ec3e0;
    %join;
    %vpi_call 2 244 "$display", "\012--- Test 3: STATUS Read-Only ---" {0 0 0};
    %pushi/vec4 1, 0, 1;
    %store/vec4 v00000259705a91a0_0, 0, 1;
    %pushi/vec4 1, 0, 1;
    %store/vec4 v00000259705a9c40_0, 0, 1;
    %pushi/vec4 132, 0, 10;
    %store/vec4 v0000025970508700_0, 0, 10;
    %pushi/vec4 4294967295, 0, 32;
    %store/vec4 v0000025970508ac0_0, 0, 32;
    %fork TD_axi_lite_slave_tb.bfm.axi_write, S_000002597053cad0;
    %join;
    %load/vec4 v0000025970508980_0;
    %store/vec4 v00000259705a8340_0, 0, 2;
    %pushi/vec4 0, 0, 32; draw_string_vec4
    %pushi/vec4 0, 0, 32; draw_string_vec4
    %concat/vec4; draw_string_vec4
    %pushi/vec4 0, 0, 32; draw_string_vec4
    %concat/vec4; draw_string_vec4
    %pushi/vec4 0, 0, 32; draw_string_vec4
    %concat/vec4; draw_string_vec4
    %pushi/vec4 0, 0, 32; draw_string_vec4
    %concat/vec4; draw_string_vec4
    %pushi/vec4 0, 0, 32; draw_string_vec4
    %concat/vec4; draw_string_vec4
    %pushi/vec4 0, 0, 32; draw_string_vec4
    %concat/vec4; draw_string_vec4
    %pushi/vec4 0, 0, 32; draw_string_vec4
    %concat/vec4; draw_string_vec4
    %pushi/vec4 0, 0, 32; draw_string_vec4
    %concat/vec4; draw_string_vec4
    %pushi/vec4 5730921, 0, 32; draw_string_vec4
    %concat/vec4; draw_string_vec4
    %pushi/vec4 1952784500, 0, 32; draw_string_vec4
    %concat/vec4; draw_string_vec4
    %pushi/vec4 1864389460, 0, 32; draw_string_vec4
    %concat/vec4; draw_string_vec4
    %pushi/vec4 1096045907, 0, 32; draw_string_vec4
    %concat/vec4; draw_string_vec4
    %pushi/vec4 544367987, 0, 32; draw_string_vec4
    %concat/vec4; draw_string_vec4
    %pushi/vec4 1886350963, 0, 32; draw_string_vec4
    %concat/vec4; draw_string_vec4
    %pushi/vec4 1696606323, 0, 32; draw_string_vec4
    %concat/vec4; draw_string_vec4
    %pushi/vec4 1768711534, 0, 32; draw_string_vec4
    %concat/vec4; draw_string_vec4
    %pushi/vec4 1953265952, 0, 32; draw_string_vec4
    %concat/vec4; draw_string_vec4
    %pushi/vec4 1768386159, 0, 32; draw_string_vec4
    %concat/vec4; draw_string_vec4
    %pushi/vec4 1919247401, 0, 32; draw_string_vec4
    %concat/vec4; draw_string_vec4
    %store/vec4 v00000259705a7e10_0, 0, 640;
    %pushi/vec4 0, 0, 32;
    %store/vec4 v00000259705a6150_0, 0, 32;
    %load/vec4 v00000259705a8340_0;
    %pad/u 32;
    %store/vec4 v00000259705a7b90_0, 0, 32;
    %fork TD_axi_lite_slave_tb.check, S_00000259701ec3e0;
    %join;
    %pushi/vec4 132, 0, 10;
    %store/vec4 v0000025970508c00_0, 0, 10;
    %fork TD_axi_lite_slave_tb.bfm.axi_read, S_000002597053c940;
    %join;
    %load/vec4 v00000259705094c0_0;
    %store/vec4 v00000259705a92e0_0, 0, 32;
    %load/vec4 v0000025970508ca0_0;
    %store/vec4 v00000259705a8340_0, 0, 2;
    %pushi/vec4 0, 0, 32; draw_string_vec4
    %pushi/vec4 0, 0, 32; draw_string_vec4
    %concat/vec4; draw_string_vec4
    %pushi/vec4 0, 0, 32; draw_string_vec4
    %concat/vec4; draw_string_vec4
    %pushi/vec4 0, 0, 32; draw_string_vec4
    %concat/vec4; draw_string_vec4
    %pushi/vec4 1398030676, 0, 32; draw_string_vec4
    %concat/vec4; draw_string_vec4
    %pushi/vec4 1431511154, 0, 32; draw_string_vec4
    %concat/vec4; draw_string_vec4
    %pushi/vec4 1700881440, 0, 32; draw_string_vec4
    %concat/vec4; draw_string_vec4
    %pushi/vec4 1650549611, 0, 32; draw_string_vec4
    %concat/vec4; draw_string_vec4
    %pushi/vec4 544039284, 0, 32; draw_string_vec4
    %concat/vec4; draw_string_vec4
    %pushi/vec4 1667786099, 0, 32; draw_string_vec4
    %concat/vec4; draw_string_vec4
    %pushi/vec4 543584114, 0, 32; draw_string_vec4
    %concat/vec4; draw_string_vec4
    %pushi/vec4 1667589152, 0, 32; draw_string_vec4
    %concat/vec4; draw_string_vec4
    %pushi/vec4 1986096245, 0, 32; draw_string_vec4
    %concat/vec4; draw_string_vec4
    %pushi/vec4 1702043688, 0, 32; draw_string_vec4
    %concat/vec4; draw_string_vec4
    %pushi/vec4 1852797984, 0, 32; draw_string_vec4
    %concat/vec4; draw_string_vec4
    %pushi/vec4 1870030194, 0, 32; draw_string_vec4
    %concat/vec4; draw_string_vec4
    %pushi/vec4 1919509604, 0, 32; draw_string_vec4
    %concat/vec4; draw_string_vec4
    %pushi/vec4 1701716066, 0, 32; draw_string_vec4
    %concat/vec4; draw_string_vec4
    %pushi/vec4 2032170866, 0, 32; draw_string_vec4
    %concat/vec4; draw_string_vec4
    %pushi/vec4 1769235753, 0, 32; draw_string_vec4
    %concat/vec4; draw_string_vec4
    %store/vec4 v00000259705a7e10_0, 0, 640;
    %pushi/vec4 3, 0, 32;
    %store/vec4 v00000259705a6150_0, 0, 32;
    %load/vec4 v00000259705a92e0_0;
    %store/vec4 v00000259705a7b90_0, 0, 32;
    %fork TD_axi_lite_slave_tb.check, S_00000259701ec3e0;
    %join;
    %vpi_call 2 260 "$display", "\012--- Test 4: RESULT_RAW / RESULT_SAT Read-Only & Read Verification ---" {0 0 0};
    %pushi/vec4 305419896, 0, 32;
    %ix/load 4, 12, 0;
    %flag_set/imm 4, 0;
    %store/vec4a v00000259705a6bf0, 4, 0;
    %pushi/vec4 2271560481, 0, 32;
    %ix/load 4, 4, 0;
    %flag_set/imm 4, 0;
    %store/vec4a v00000259705a7f50, 4, 0;
    %pushi/vec4 304, 0, 10;
    %store/vec4 v0000025970508700_0, 0, 10;
    %pushi/vec4 2576980377, 0, 32;
    %store/vec4 v0000025970508ac0_0, 0, 32;
    %fork TD_axi_lite_slave_tb.bfm.axi_write, S_000002597053cad0;
    %join;
    %load/vec4 v0000025970508980_0;
    %store/vec4 v00000259705a8340_0, 0, 2;
    %pushi/vec4 0, 0, 32; draw_string_vec4
    %pushi/vec4 0, 0, 32; draw_string_vec4
    %concat/vec4; draw_string_vec4
    %pushi/vec4 0, 0, 32; draw_string_vec4
    %concat/vec4; draw_string_vec4
    %pushi/vec4 0, 0, 32; draw_string_vec4
    %concat/vec4; draw_string_vec4
    %pushi/vec4 0, 0, 32; draw_string_vec4
    %concat/vec4; draw_string_vec4
    %pushi/vec4 0, 0, 32; draw_string_vec4
    %concat/vec4; draw_string_vec4
    %pushi/vec4 0, 0, 32; draw_string_vec4
    %concat/vec4; draw_string_vec4
    %pushi/vec4 0, 0, 32; draw_string_vec4
    %concat/vec4; draw_string_vec4
    %pushi/vec4 0, 0, 32; draw_string_vec4
    %concat/vec4; draw_string_vec4
    %pushi/vec4 0, 0, 32; draw_string_vec4
    %concat/vec4; draw_string_vec4
    %pushi/vec4 22386, 0, 32; draw_string_vec4
    %concat/vec4; draw_string_vec4
    %pushi/vec4 1769235744, 0, 32; draw_string_vec4
    %concat/vec4; draw_string_vec4
    %pushi/vec4 1953439826, 0, 32; draw_string_vec4
    %concat/vec4; draw_string_vec4
    %pushi/vec4 1163089228, 0, 32; draw_string_vec4
    %concat/vec4; draw_string_vec4
    %pushi/vec4 1415533121, 0, 32; draw_string_vec4
    %concat/vec4; draw_string_vec4
    %pushi/vec4 1461744229, 0, 32; draw_string_vec4
    %concat/vec4; draw_string_vec4
    %pushi/vec4 1936748398, 0, 32; draw_string_vec4
    %concat/vec4; draw_string_vec4
    %pushi/vec4 1936007208, 0, 32; draw_string_vec4
    %concat/vec4; draw_string_vec4
    %pushi/vec4 1768386159, 0, 32; draw_string_vec4
    %concat/vec4; draw_string_vec4
    %pushi/vec4 1919247401, 0, 32; draw_string_vec4
    %concat/vec4; draw_string_vec4
    %store/vec4 v00000259705a7e10_0, 0, 640;
    %pushi/vec4 0, 0, 32;
    %store/vec4 v00000259705a6150_0, 0, 32;
    %load/vec4 v00000259705a8340_0;
    %pad/u 32;
    %store/vec4 v00000259705a7b90_0, 0, 32;
    %fork TD_axi_lite_slave_tb.check, S_00000259701ec3e0;
    %join;
    %pushi/vec4 304, 0, 10;
    %store/vec4 v0000025970508c00_0, 0, 10;
    %fork TD_axi_lite_slave_tb.bfm.axi_read, S_000002597053c940;
    %join;
    %load/vec4 v00000259705094c0_0;
    %store/vec4 v00000259705a92e0_0, 0, 32;
    %load/vec4 v0000025970508ca0_0;
    %store/vec4 v00000259705a8340_0, 0, 2;
    %pushi/vec4 0, 0, 32; draw_string_vec4
    %pushi/vec4 0, 0, 32; draw_string_vec4
    %concat/vec4; draw_string_vec4
    %pushi/vec4 0, 0, 32; draw_string_vec4
    %concat/vec4; draw_string_vec4
    %pushi/vec4 0, 0, 32; draw_string_vec4
    %concat/vec4; draw_string_vec4
    %pushi/vec4 0, 0, 32; draw_string_vec4
    %concat/vec4; draw_string_vec4
    %pushi/vec4 0, 0, 32; draw_string_vec4
    %concat/vec4; draw_string_vec4
    %pushi/vec4 0, 0, 32; draw_string_vec4
    %concat/vec4; draw_string_vec4
    %pushi/vec4 0, 0, 32; draw_string_vec4
    %concat/vec4; draw_string_vec4
    %pushi/vec4 0, 0, 32; draw_string_vec4
    %concat/vec4; draw_string_vec4
    %pushi/vec4 0, 0, 32; draw_string_vec4
    %concat/vec4; draw_string_vec4
    %pushi/vec4 0, 0, 32; draw_string_vec4
    %concat/vec4; draw_string_vec4
    %pushi/vec4 0, 0, 32; draw_string_vec4
    %concat/vec4; draw_string_vec4
    %pushi/vec4 0, 0, 32; draw_string_vec4
    %concat/vec4; draw_string_vec4
    %pushi/vec4 1380275029, 0, 32; draw_string_vec4
    %concat/vec4; draw_string_vec4
    %pushi/vec4 1280597842, 0, 32; draw_string_vec4
    %concat/vec4; draw_string_vec4
    %pushi/vec4 1096228978, 0, 32; draw_string_vec4
    %concat/vec4; draw_string_vec4
    %pushi/vec4 1700881440, 0, 32; draw_string_vec4
    %concat/vec4; draw_string_vec4
    %pushi/vec4 1650549611, 0, 32; draw_string_vec4
    %concat/vec4; draw_string_vec4
    %pushi/vec4 543387506, 0, 32; draw_string_vec4
    %concat/vec4; draw_string_vec4
    %pushi/vec4 1919247220, 0, 32; draw_string_vec4
    %concat/vec4; draw_string_vec4
    %store/vec4 v00000259705a7e10_0, 0, 640;
    %pushi/vec4 305419896, 0, 32;
    %store/vec4 v00000259705a6150_0, 0, 32;
    %load/vec4 v00000259705a92e0_0;
    %store/vec4 v00000259705a7b90_0, 0, 32;
    %fork TD_axi_lite_slave_tb.check, S_00000259701ec3e0;
    %join;
    %pushi/vec4 528, 0, 10;
    %store/vec4 v0000025970508700_0, 0, 10;
    %pushi/vec4 4294967295, 0, 32;
    %store/vec4 v0000025970508ac0_0, 0, 32;
    %fork TD_axi_lite_slave_tb.bfm.axi_write, S_000002597053cad0;
    %join;
    %load/vec4 v0000025970508980_0;
    %store/vec4 v00000259705a8340_0, 0, 2;
    %pushi/vec4 0, 0, 32; draw_string_vec4
    %pushi/vec4 0, 0, 32; draw_string_vec4
    %concat/vec4; draw_string_vec4
    %pushi/vec4 0, 0, 32; draw_string_vec4
    %concat/vec4; draw_string_vec4
    %pushi/vec4 0, 0, 32; draw_string_vec4
    %concat/vec4; draw_string_vec4
    %pushi/vec4 0, 0, 32; draw_string_vec4
    %concat/vec4; draw_string_vec4
    %pushi/vec4 0, 0, 32; draw_string_vec4
    %concat/vec4; draw_string_vec4
    %pushi/vec4 0, 0, 32; draw_string_vec4
    %concat/vec4; draw_string_vec4
    %pushi/vec4 0, 0, 32; draw_string_vec4
    %concat/vec4; draw_string_vec4
    %pushi/vec4 0, 0, 32; draw_string_vec4
    %concat/vec4; draw_string_vec4
    %pushi/vec4 0, 0, 32; draw_string_vec4
    %concat/vec4; draw_string_vec4
    %pushi/vec4 22386, 0, 32; draw_string_vec4
    %concat/vec4; draw_string_vec4
    %pushi/vec4 1769235744, 0, 32; draw_string_vec4
    %concat/vec4; draw_string_vec4
    %pushi/vec4 1953439826, 0, 32; draw_string_vec4
    %concat/vec4; draw_string_vec4
    %pushi/vec4 1163089228, 0, 32; draw_string_vec4
    %concat/vec4; draw_string_vec4
    %pushi/vec4 1415533377, 0, 32; draw_string_vec4
    %concat/vec4; draw_string_vec4
    %pushi/vec4 1411412581, 0, 32; draw_string_vec4
    %concat/vec4; draw_string_vec4
    %pushi/vec4 1936748398, 0, 32; draw_string_vec4
    %concat/vec4; draw_string_vec4
    %pushi/vec4 1936007208, 0, 32; draw_string_vec4
    %concat/vec4; draw_string_vec4
    %pushi/vec4 1768386159, 0, 32; draw_string_vec4
    %concat/vec4; draw_string_vec4
    %pushi/vec4 1919247401, 0, 32; draw_string_vec4
    %concat/vec4; draw_string_vec4
    %store/vec4 v00000259705a7e10_0, 0, 640;
    %pushi/vec4 0, 0, 32;
    %store/vec4 v00000259705a6150_0, 0, 32;
    %load/vec4 v00000259705a8340_0;
    %pad/u 32;
    %store/vec4 v00000259705a7b90_0, 0, 32;
    %fork TD_axi_lite_slave_tb.check, S_00000259701ec3e0;
    %join;
    %pushi/vec4 528, 0, 10;
    %store/vec4 v0000025970508c00_0, 0, 10;
    %fork TD_axi_lite_slave_tb.bfm.axi_read, S_000002597053c940;
    %join;
    %load/vec4 v00000259705094c0_0;
    %store/vec4 v00000259705a92e0_0, 0, 32;
    %load/vec4 v0000025970508ca0_0;
    %store/vec4 v00000259705a8340_0, 0, 2;
    %pushi/vec4 0, 0, 32; draw_string_vec4
    %pushi/vec4 0, 0, 32; draw_string_vec4
    %concat/vec4; draw_string_vec4
    %pushi/vec4 0, 0, 32; draw_string_vec4
    %concat/vec4; draw_string_vec4
    %pushi/vec4 0, 0, 32; draw_string_vec4
    %concat/vec4; draw_string_vec4
    %pushi/vec4 0, 0, 32; draw_string_vec4
    %concat/vec4; draw_string_vec4
    %pushi/vec4 0, 0, 32; draw_string_vec4
    %concat/vec4; draw_string_vec4
    %pushi/vec4 0, 0, 32; draw_string_vec4
    %concat/vec4; draw_string_vec4
    %pushi/vec4 0, 0, 32; draw_string_vec4
    %concat/vec4; draw_string_vec4
    %pushi/vec4 0, 0, 32; draw_string_vec4
    %concat/vec4; draw_string_vec4
    %pushi/vec4 0, 0, 32; draw_string_vec4
    %concat/vec4; draw_string_vec4
    %pushi/vec4 0, 0, 32; draw_string_vec4
    %concat/vec4; draw_string_vec4
    %pushi/vec4 0, 0, 32; draw_string_vec4
    %concat/vec4; draw_string_vec4
    %pushi/vec4 0, 0, 32; draw_string_vec4
    %concat/vec4; draw_string_vec4
    %pushi/vec4 1380275029, 0, 32; draw_string_vec4
    %concat/vec4; draw_string_vec4
    %pushi/vec4 1280597843, 0, 32; draw_string_vec4
    %concat/vec4; draw_string_vec4
    %pushi/vec4 1096032370, 0, 32; draw_string_vec4
    %concat/vec4; draw_string_vec4
    %pushi/vec4 1700881440, 0, 32; draw_string_vec4
    %concat/vec4; draw_string_vec4
    %pushi/vec4 1650549611, 0, 32; draw_string_vec4
    %concat/vec4; draw_string_vec4
    %pushi/vec4 543387506, 0, 32; draw_string_vec4
    %concat/vec4; draw_string_vec4
    %pushi/vec4 1919247220, 0, 32; draw_string_vec4
    %concat/vec4; draw_string_vec4
    %store/vec4 v00000259705a7e10_0, 0, 640;
    %pushi/vec4 2271560481, 0, 32;
    %store/vec4 v00000259705a6150_0, 0, 32;
    %load/vec4 v00000259705a92e0_0;
    %store/vec4 v00000259705a7b90_0, 0, 32;
    %fork TD_axi_lite_slave_tb.check, S_00000259701ec3e0;
    %join;
    %vpi_call 2 284 "$display", "\012--- Test 5: Reserved range ---" {0 0 0};
    %pushi/vec4 144, 0, 10;
    %store/vec4 v0000025970508700_0, 0, 10;
    %pushi/vec4 3405707998, 0, 32;
    %store/vec4 v0000025970508ac0_0, 0, 32;
    %fork TD_axi_lite_slave_tb.bfm.axi_write, S_000002597053cad0;
    %join;
    %load/vec4 v0000025970508980_0;
    %store/vec4 v00000259705a8340_0, 0, 2;
    %pushi/vec4 0, 0, 32; draw_string_vec4
    %pushi/vec4 0, 0, 32; draw_string_vec4
    %concat/vec4; draw_string_vec4
    %pushi/vec4 0, 0, 32; draw_string_vec4
    %concat/vec4; draw_string_vec4
    %pushi/vec4 0, 0, 32; draw_string_vec4
    %concat/vec4; draw_string_vec4
    %pushi/vec4 0, 0, 32; draw_string_vec4
    %concat/vec4; draw_string_vec4
    %pushi/vec4 0, 0, 32; draw_string_vec4
    %concat/vec4; draw_string_vec4
    %pushi/vec4 0, 0, 32; draw_string_vec4
    %concat/vec4; draw_string_vec4
    %pushi/vec4 0, 0, 32; draw_string_vec4
    %concat/vec4; draw_string_vec4
    %pushi/vec4 0, 0, 32; draw_string_vec4
    %concat/vec4; draw_string_vec4
    %pushi/vec4 22386, 0, 32; draw_string_vec4
    %concat/vec4; draw_string_vec4
    %pushi/vec4 1769235744, 0, 32; draw_string_vec4
    %concat/vec4; draw_string_vec4
    %pushi/vec4 1953439858, 0, 32; draw_string_vec4
    %concat/vec4; draw_string_vec4
    %pushi/vec4 1702061426, 0, 32; draw_string_vec4
    %concat/vec4; draw_string_vec4
    %pushi/vec4 1986356256, 0, 32; draw_string_vec4
    %concat/vec4; draw_string_vec4
    %pushi/vec4 1918987879, 0, 32; draw_string_vec4
    %concat/vec4; draw_string_vec4
    %pushi/vec4 1696625253, 0, 32; draw_string_vec4
    %concat/vec4; draw_string_vec4
    %pushi/vec4 1936748398, 0, 32; draw_string_vec4
    %concat/vec4; draw_string_vec4
    %pushi/vec4 1936007208, 0, 32; draw_string_vec4
    %concat/vec4; draw_string_vec4
    %pushi/vec4 1768386159, 0, 32; draw_string_vec4
    %concat/vec4; draw_string_vec4
    %pushi/vec4 1919247401, 0, 32; draw_string_vec4
    %concat/vec4; draw_string_vec4
    %store/vec4 v00000259705a7e10_0, 0, 640;
    %pushi/vec4 0, 0, 32;
    %store/vec4 v00000259705a6150_0, 0, 32;
    %load/vec4 v00000259705a8340_0;
    %pad/u 32;
    %store/vec4 v00000259705a7b90_0, 0, 32;
    %fork TD_axi_lite_slave_tb.check, S_00000259701ec3e0;
    %join;
    %pushi/vec4 144, 0, 10;
    %store/vec4 v0000025970508c00_0, 0, 10;
    %fork TD_axi_lite_slave_tb.bfm.axi_read, S_000002597053c940;
    %join;
    %load/vec4 v00000259705094c0_0;
    %store/vec4 v00000259705a92e0_0, 0, 32;
    %load/vec4 v0000025970508ca0_0;
    %store/vec4 v00000259705a8340_0, 0, 2;
    %pushi/vec4 0, 0, 32; draw_string_vec4
    %pushi/vec4 0, 0, 32; draw_string_vec4
    %concat/vec4; draw_string_vec4
    %pushi/vec4 0, 0, 32; draw_string_vec4
    %concat/vec4; draw_string_vec4
    %pushi/vec4 0, 0, 32; draw_string_vec4
    %concat/vec4; draw_string_vec4
    %pushi/vec4 0, 0, 32; draw_string_vec4
    %concat/vec4; draw_string_vec4
    %pushi/vec4 0, 0, 32; draw_string_vec4
    %concat/vec4; draw_string_vec4
    %pushi/vec4 0, 0, 32; draw_string_vec4
    %concat/vec4; draw_string_vec4
    %pushi/vec4 0, 0, 32; draw_string_vec4
    %concat/vec4; draw_string_vec4
    %pushi/vec4 0, 0, 32; draw_string_vec4
    %concat/vec4; draw_string_vec4
    %pushi/vec4 0, 0, 32; draw_string_vec4
    %concat/vec4; draw_string_vec4
    %pushi/vec4 0, 0, 32; draw_string_vec4
    %concat/vec4; draw_string_vec4
    %pushi/vec4 21093, 0, 32; draw_string_vec4
    %concat/vec4; draw_string_vec4
    %pushi/vec4 1633951846, 0, 32; draw_string_vec4
    %concat/vec4; draw_string_vec4
    %pushi/vec4 1919905056, 0, 32; draw_string_vec4
    %concat/vec4; draw_string_vec4
    %pushi/vec4 1919251301, 0, 32; draw_string_vec4
    %concat/vec4; draw_string_vec4
    %pushi/vec4 1920361828, 0, 32; draw_string_vec4
    %concat/vec4; draw_string_vec4
    %pushi/vec4 544366958, 0, 32; draw_string_vec4
    %concat/vec4; draw_string_vec4
    %pushi/vec4 1734680690, 0, 32; draw_string_vec4
    %concat/vec4; draw_string_vec4
    %pushi/vec4 1702131058, 0, 32; draw_string_vec4
    %concat/vec4; draw_string_vec4
    %pushi/vec4 1853038640, 0, 32; draw_string_vec4
    %concat/vec4; draw_string_vec4
    %store/vec4 v00000259705a7e10_0, 0, 640;
    %pushi/vec4 0, 0, 32;
    %store/vec4 v00000259705a6150_0, 0, 32;
    %load/vec4 v00000259705a92e0_0;
    %store/vec4 v00000259705a7b90_0, 0, 32;
    %fork TD_axi_lite_slave_tb.check, S_00000259701ec3e0;
    %join;
    %vpi_call 2 296 "$display", "\012--- Test 6: Back-to-back Transactions ---" {0 0 0};
    %pushi/vec4 12, 0, 10;
    %store/vec4 v0000025970508700_0, 0, 10;
    %pushi/vec4 286331153, 0, 32;
    %store/vec4 v0000025970508ac0_0, 0, 32;
    %fork TD_axi_lite_slave_tb.bfm.axi_write, S_000002597053cad0;
    %join;
    %load/vec4 v0000025970508980_0;
    %store/vec4 v00000259705a8340_0, 0, 2;
    %pushi/vec4 16, 0, 10;
    %store/vec4 v0000025970508700_0, 0, 10;
    %pushi/vec4 572662306, 0, 32;
    %store/vec4 v0000025970508ac0_0, 0, 32;
    %fork TD_axi_lite_slave_tb.bfm.axi_write, S_000002597053cad0;
    %join;
    %load/vec4 v0000025970508980_0;
    %store/vec4 v00000259705a8340_0, 0, 2;
    %pushi/vec4 20, 0, 10;
    %store/vec4 v0000025970508700_0, 0, 10;
    %pushi/vec4 858993459, 0, 32;
    %store/vec4 v0000025970508ac0_0, 0, 32;
    %fork TD_axi_lite_slave_tb.bfm.axi_write, S_000002597053cad0;
    %join;
    %load/vec4 v0000025970508980_0;
    %store/vec4 v00000259705a8340_0, 0, 2;
    %pushi/vec4 12, 0, 10;
    %store/vec4 v0000025970508c00_0, 0, 10;
    %fork TD_axi_lite_slave_tb.bfm.axi_read, S_000002597053c940;
    %join;
    %load/vec4 v00000259705094c0_0;
    %store/vec4 v00000259705a92e0_0, 0, 32;
    %load/vec4 v0000025970508ca0_0;
    %store/vec4 v00000259705a8340_0, 0, 2;
    %pushi/vec4 0, 0, 32; draw_string_vec4
    %pushi/vec4 0, 0, 32; draw_string_vec4
    %concat/vec4; draw_string_vec4
    %pushi/vec4 0, 0, 32; draw_string_vec4
    %concat/vec4; draw_string_vec4
    %pushi/vec4 0, 0, 32; draw_string_vec4
    %concat/vec4; draw_string_vec4
    %pushi/vec4 0, 0, 32; draw_string_vec4
    %concat/vec4; draw_string_vec4
    %pushi/vec4 0, 0, 32; draw_string_vec4
    %concat/vec4; draw_string_vec4
    %pushi/vec4 0, 0, 32; draw_string_vec4
    %concat/vec4; draw_string_vec4
    %pushi/vec4 0, 0, 32; draw_string_vec4
    %concat/vec4; draw_string_vec4
    %pushi/vec4 0, 0, 32; draw_string_vec4
    %concat/vec4; draw_string_vec4
    %pushi/vec4 0, 0, 32; draw_string_vec4
    %concat/vec4; draw_string_vec4
    %pushi/vec4 0, 0, 32; draw_string_vec4
    %concat/vec4; draw_string_vec4
    %pushi/vec4 0, 0, 32; draw_string_vec4
    %concat/vec4; draw_string_vec4
    %pushi/vec4 0, 0, 32; draw_string_vec4
    %concat/vec4; draw_string_vec4
    %pushi/vec4 0, 0, 32; draw_string_vec4
    %concat/vec4; draw_string_vec4
    %pushi/vec4 0, 0, 32; draw_string_vec4
    %concat/vec4; draw_string_vec4
    %pushi/vec4 4350307, 0, 32; draw_string_vec4
    %concat/vec4; draw_string_vec4
    %pushi/vec4 1798141039, 0, 32; draw_string_vec4
    %concat/vec4; draw_string_vec4
    %pushi/vec4 761422179, 0, 32; draw_string_vec4
    %concat/vec4; draw_string_vec4
    %pushi/vec4 1797288549, 0, 32; draw_string_vec4
    %concat/vec4; draw_string_vec4
    %pushi/vec4 1633951793, 0, 32; draw_string_vec4
    %concat/vec4; draw_string_vec4
    %store/vec4 v00000259705a7e10_0, 0, 640;
    %pushi/vec4 286331153, 0, 32;
    %store/vec4 v00000259705a6150_0, 0, 32;
    %load/vec4 v00000259705a92e0_0;
    %store/vec4 v00000259705a7b90_0, 0, 32;
    %fork TD_axi_lite_slave_tb.check, S_00000259701ec3e0;
    %join;
    %pushi/vec4 16, 0, 10;
    %store/vec4 v0000025970508c00_0, 0, 10;
    %fork TD_axi_lite_slave_tb.bfm.axi_read, S_000002597053c940;
    %join;
    %load/vec4 v00000259705094c0_0;
    %store/vec4 v00000259705a92e0_0, 0, 32;
    %load/vec4 v0000025970508ca0_0;
    %store/vec4 v00000259705a8340_0, 0, 2;
    %pushi/vec4 0, 0, 32; draw_string_vec4
    %pushi/vec4 0, 0, 32; draw_string_vec4
    %concat/vec4; draw_string_vec4
    %pushi/vec4 0, 0, 32; draw_string_vec4
    %concat/vec4; draw_string_vec4
    %pushi/vec4 0, 0, 32; draw_string_vec4
    %concat/vec4; draw_string_vec4
    %pushi/vec4 0, 0, 32; draw_string_vec4
    %concat/vec4; draw_string_vec4
    %pushi/vec4 0, 0, 32; draw_string_vec4
    %concat/vec4; draw_string_vec4
    %pushi/vec4 0, 0, 32; draw_string_vec4
    %concat/vec4; draw_string_vec4
    %pushi/vec4 0, 0, 32; draw_string_vec4
    %concat/vec4; draw_string_vec4
    %pushi/vec4 0, 0, 32; draw_string_vec4
    %concat/vec4; draw_string_vec4
    %pushi/vec4 0, 0, 32; draw_string_vec4
    %concat/vec4; draw_string_vec4
    %pushi/vec4 0, 0, 32; draw_string_vec4
    %concat/vec4; draw_string_vec4
    %pushi/vec4 0, 0, 32; draw_string_vec4
    %concat/vec4; draw_string_vec4
    %pushi/vec4 0, 0, 32; draw_string_vec4
    %concat/vec4; draw_string_vec4
    %pushi/vec4 0, 0, 32; draw_string_vec4
    %concat/vec4; draw_string_vec4
    %pushi/vec4 0, 0, 32; draw_string_vec4
    %concat/vec4; draw_string_vec4
    %pushi/vec4 4350307, 0, 32; draw_string_vec4
    %concat/vec4; draw_string_vec4
    %pushi/vec4 1798141039, 0, 32; draw_string_vec4
    %concat/vec4; draw_string_vec4
    %pushi/vec4 761422179, 0, 32; draw_string_vec4
    %concat/vec4; draw_string_vec4
    %pushi/vec4 1797288549, 0, 32; draw_string_vec4
    %concat/vec4; draw_string_vec4
    %pushi/vec4 1633951794, 0, 32; draw_string_vec4
    %concat/vec4; draw_string_vec4
    %store/vec4 v00000259705a7e10_0, 0, 640;
    %pushi/vec4 572662306, 0, 32;
    %store/vec4 v00000259705a6150_0, 0, 32;
    %load/vec4 v00000259705a92e0_0;
    %store/vec4 v00000259705a7b90_0, 0, 32;
    %fork TD_axi_lite_slave_tb.check, S_00000259701ec3e0;
    %join;
    %pushi/vec4 20, 0, 10;
    %store/vec4 v0000025970508c00_0, 0, 10;
    %fork TD_axi_lite_slave_tb.bfm.axi_read, S_000002597053c940;
    %join;
    %load/vec4 v00000259705094c0_0;
    %store/vec4 v00000259705a92e0_0, 0, 32;
    %load/vec4 v0000025970508ca0_0;
    %store/vec4 v00000259705a8340_0, 0, 2;
    %pushi/vec4 0, 0, 32; draw_string_vec4
    %pushi/vec4 0, 0, 32; draw_string_vec4
    %concat/vec4; draw_string_vec4
    %pushi/vec4 0, 0, 32; draw_string_vec4
    %concat/vec4; draw_string_vec4
    %pushi/vec4 0, 0, 32; draw_string_vec4
    %concat/vec4; draw_string_vec4
    %pushi/vec4 0, 0, 32; draw_string_vec4
    %concat/vec4; draw_string_vec4
    %pushi/vec4 0, 0, 32; draw_string_vec4
    %concat/vec4; draw_string_vec4
    %pushi/vec4 0, 0, 32; draw_string_vec4
    %concat/vec4; draw_string_vec4
    %pushi/vec4 0, 0, 32; draw_string_vec4
    %concat/vec4; draw_string_vec4
    %pushi/vec4 0, 0, 32; draw_string_vec4
    %concat/vec4; draw_string_vec4
    %pushi/vec4 0, 0, 32; draw_string_vec4
    %concat/vec4; draw_string_vec4
    %pushi/vec4 0, 0, 32; draw_string_vec4
    %concat/vec4; draw_string_vec4
    %pushi/vec4 0, 0, 32; draw_string_vec4
    %concat/vec4; draw_string_vec4
    %pushi/vec4 0, 0, 32; draw_string_vec4
    %concat/vec4; draw_string_vec4
    %pushi/vec4 0, 0, 32; draw_string_vec4
    %concat/vec4; draw_string_vec4
    %pushi/vec4 0, 0, 32; draw_string_vec4
    %concat/vec4; draw_string_vec4
    %pushi/vec4 4350307, 0, 32; draw_string_vec4
    %concat/vec4; draw_string_vec4
    %pushi/vec4 1798141039, 0, 32; draw_string_vec4
    %concat/vec4; draw_string_vec4
    %pushi/vec4 761422179, 0, 32; draw_string_vec4
    %concat/vec4; draw_string_vec4
    %pushi/vec4 1797288549, 0, 32; draw_string_vec4
    %concat/vec4; draw_string_vec4
    %pushi/vec4 1633951795, 0, 32; draw_string_vec4
    %concat/vec4; draw_string_vec4
    %store/vec4 v00000259705a7e10_0, 0, 640;
    %pushi/vec4 858993459, 0, 32;
    %store/vec4 v00000259705a6150_0, 0, 32;
    %load/vec4 v00000259705a92e0_0;
    %store/vec4 v00000259705a7b90_0, 0, 32;
    %fork TD_axi_lite_slave_tb.check, S_00000259701ec3e0;
    %join;
    %vpi_call 2 313 "$display", "\012--- Test 7: Address/Data on Separate Cycles ---" {0 0 0};
    %pushi/vec4 24, 0, 10;
    %store/vec4 v0000025970509420_0, 0, 10;
    %pushi/vec4 2863311530, 0, 32;
    %store/vec4 v00000259705091a0_0, 0, 32;
    %pushi/vec4 1, 0, 1;
    %store/vec4 v0000025970508f20_0, 0, 1;
    %fork TD_axi_lite_slave_tb.bfm.axi_write_skewed, S_00000259701ec250;
    %join;
    %load/vec4 v0000025970508b60_0;
    %store/vec4 v00000259705a8340_0, 0, 2;
    %pushi/vec4 0, 0, 32; draw_string_vec4
    %pushi/vec4 0, 0, 32; draw_string_vec4
    %concat/vec4; draw_string_vec4
    %pushi/vec4 0, 0, 32; draw_string_vec4
    %concat/vec4; draw_string_vec4
    %pushi/vec4 0, 0, 32; draw_string_vec4
    %concat/vec4; draw_string_vec4
    %pushi/vec4 0, 0, 32; draw_string_vec4
    %concat/vec4; draw_string_vec4
    %pushi/vec4 0, 0, 32; draw_string_vec4
    %concat/vec4; draw_string_vec4
    %pushi/vec4 0, 0, 32; draw_string_vec4
    %concat/vec4; draw_string_vec4
    %pushi/vec4 0, 0, 32; draw_string_vec4
    %concat/vec4; draw_string_vec4
    %pushi/vec4 0, 0, 32; draw_string_vec4
    %concat/vec4; draw_string_vec4
    %pushi/vec4 0, 0, 32; draw_string_vec4
    %concat/vec4; draw_string_vec4
    %pushi/vec4 0, 0, 32; draw_string_vec4
    %concat/vec4; draw_string_vec4
    %pushi/vec4 5466981, 0, 32; draw_string_vec4
    %concat/vec4; draw_string_vec4
    %pushi/vec4 2003133472, 0, 32; draw_string_vec4
    %concat/vec4; draw_string_vec4
    %pushi/vec4 1467115892, 0, 32; draw_string_vec4
    %concat/vec4; draw_string_vec4
    %pushi/vec4 1696612708, 0, 32; draw_string_vec4
    %concat/vec4; draw_string_vec4
    %pushi/vec4 1685218675, 0, 32; draw_string_vec4
    %concat/vec4; draw_string_vec4
    %pushi/vec4 1932355177, 0, 32; draw_string_vec4
    %concat/vec4; draw_string_vec4
    %pushi/vec4 1920168992, 0, 32; draw_string_vec4
    %concat/vec4; draw_string_vec4
    %pushi/vec4 1919251312, 0, 32; draw_string_vec4
    %concat/vec4; draw_string_vec4
    %pushi/vec4 1869509477, 0, 32; draw_string_vec4
    %concat/vec4; draw_string_vec4
    %store/vec4 v00000259705a7e10_0, 0, 640;
    %pushi/vec4 0, 0, 32;
    %store/vec4 v00000259705a6150_0, 0, 32;
    %load/vec4 v00000259705a8340_0;
    %pad/u 32;
    %store/vec4 v00000259705a7b90_0, 0, 32;
    %fork TD_axi_lite_slave_tb.check, S_00000259701ec3e0;
    %join;
    %pushi/vec4 24, 0, 10;
    %store/vec4 v0000025970508c00_0, 0, 10;
    %fork TD_axi_lite_slave_tb.bfm.axi_read, S_000002597053c940;
    %join;
    %load/vec4 v00000259705094c0_0;
    %store/vec4 v00000259705a92e0_0, 0, 32;
    %load/vec4 v0000025970508ca0_0;
    %store/vec4 v00000259705a8340_0, 0, 2;
    %pushi/vec4 0, 0, 32; draw_string_vec4
    %pushi/vec4 0, 0, 32; draw_string_vec4
    %concat/vec4; draw_string_vec4
    %pushi/vec4 0, 0, 32; draw_string_vec4
    %concat/vec4; draw_string_vec4
    %pushi/vec4 0, 0, 32; draw_string_vec4
    %concat/vec4; draw_string_vec4
    %pushi/vec4 0, 0, 32; draw_string_vec4
    %concat/vec4; draw_string_vec4
    %pushi/vec4 0, 0, 32; draw_string_vec4
    %concat/vec4; draw_string_vec4
    %pushi/vec4 0, 0, 32; draw_string_vec4
    %concat/vec4; draw_string_vec4
    %pushi/vec4 0, 0, 32; draw_string_vec4
    %concat/vec4; draw_string_vec4
    %pushi/vec4 0, 0, 32; draw_string_vec4
    %concat/vec4; draw_string_vec4
    %pushi/vec4 0, 0, 32; draw_string_vec4
    %concat/vec4; draw_string_vec4
    %pushi/vec4 0, 0, 32; draw_string_vec4
    %concat/vec4; draw_string_vec4
    %pushi/vec4 0, 0, 32; draw_string_vec4
    %concat/vec4; draw_string_vec4
    %pushi/vec4 0, 0, 32; draw_string_vec4
    %concat/vec4; draw_string_vec4
    %pushi/vec4 0, 0, 32; draw_string_vec4
    %concat/vec4; draw_string_vec4
    %pushi/vec4 21093, 0, 32; draw_string_vec4
    %concat/vec4; draw_string_vec4
    %pushi/vec4 1633951842, 0, 32; draw_string_vec4
    %concat/vec4; draw_string_vec4
    %pushi/vec4 1633905440, 0, 32; draw_string_vec4
    %concat/vec4; draw_string_vec4
    %pushi/vec4 1936418167, 0, 32; draw_string_vec4
    %concat/vec4; draw_string_vec4
    %pushi/vec4 544698985, 0, 32; draw_string_vec4
    %concat/vec4; draw_string_vec4
    %pushi/vec4 1952784433, 0, 32; draw_string_vec4
    %concat/vec4; draw_string_vec4
    %store/vec4 v00000259705a7e10_0, 0, 640;
    %pushi/vec4 2863311530, 0, 32;
    %store/vec4 v00000259705a6150_0, 0, 32;
    %load/vec4 v00000259705a92e0_0;
    %store/vec4 v00000259705a7b90_0, 0, 32;
    %fork TD_axi_lite_slave_tb.check, S_00000259701ec3e0;
    %join;
    %pushi/vec4 28, 0, 10;
    %store/vec4 v0000025970509420_0, 0, 10;
    %pushi/vec4 3149642683, 0, 32;
    %store/vec4 v00000259705091a0_0, 0, 32;
    %pushi/vec4 0, 0, 1;
    %store/vec4 v0000025970508f20_0, 0, 1;
    %fork TD_axi_lite_slave_tb.bfm.axi_write_skewed, S_00000259701ec250;
    %join;
    %load/vec4 v0000025970508b60_0;
    %store/vec4 v00000259705a8340_0, 0, 2;
    %pushi/vec4 0, 0, 32; draw_string_vec4
    %pushi/vec4 0, 0, 32; draw_string_vec4
    %concat/vec4; draw_string_vec4
    %pushi/vec4 0, 0, 32; draw_string_vec4
    %concat/vec4; draw_string_vec4
    %pushi/vec4 0, 0, 32; draw_string_vec4
    %concat/vec4; draw_string_vec4
    %pushi/vec4 0, 0, 32; draw_string_vec4
    %concat/vec4; draw_string_vec4
    %pushi/vec4 0, 0, 32; draw_string_vec4
    %concat/vec4; draw_string_vec4
    %pushi/vec4 0, 0, 32; draw_string_vec4
    %concat/vec4; draw_string_vec4
    %pushi/vec4 0, 0, 32; draw_string_vec4
    %concat/vec4; draw_string_vec4
    %pushi/vec4 0, 0, 32; draw_string_vec4
    %concat/vec4; draw_string_vec4
    %pushi/vec4 0, 0, 32; draw_string_vec4
    %concat/vec4; draw_string_vec4
    %pushi/vec4 0, 0, 32; draw_string_vec4
    %concat/vec4; draw_string_vec4
    %pushi/vec4 0, 0, 32; draw_string_vec4
    %concat/vec4; draw_string_vec4
    %pushi/vec4 1399547255, 0, 32; draw_string_vec4
    %concat/vec4; draw_string_vec4
    %pushi/vec4 1701060695, 0, 32; draw_string_vec4
    %concat/vec4; draw_string_vec4
    %pushi/vec4 1919513701, 0, 32; draw_string_vec4
    %concat/vec4; draw_string_vec4
    %pushi/vec4 541352308, 0, 32; draw_string_vec4
    %concat/vec4; draw_string_vec4
    %pushi/vec4 1630365289, 0, 32; draw_string_vec4
    %concat/vec4; draw_string_vec4
    %pushi/vec4 1920168992, 0, 32; draw_string_vec4
    %concat/vec4; draw_string_vec4
    %pushi/vec4 1919251312, 0, 32; draw_string_vec4
    %concat/vec4; draw_string_vec4
    %pushi/vec4 1869509477, 0, 32; draw_string_vec4
    %concat/vec4; draw_string_vec4
    %store/vec4 v00000259705a7e10_0, 0, 640;
    %pushi/vec4 0, 0, 32;
    %store/vec4 v00000259705a6150_0, 0, 32;
    %load/vec4 v00000259705a8340_0;
    %pad/u 32;
    %store/vec4 v00000259705a7b90_0, 0, 32;
    %fork TD_axi_lite_slave_tb.check, S_00000259701ec3e0;
    %join;
    %pushi/vec4 28, 0, 10;
    %store/vec4 v0000025970508c00_0, 0, 10;
    %fork TD_axi_lite_slave_tb.bfm.axi_read, S_000002597053c940;
    %join;
    %load/vec4 v00000259705094c0_0;
    %store/vec4 v00000259705a92e0_0, 0, 32;
    %load/vec4 v0000025970508ca0_0;
    %store/vec4 v00000259705a8340_0, 0, 2;
    %pushi/vec4 0, 0, 32; draw_string_vec4
    %pushi/vec4 0, 0, 32; draw_string_vec4
    %concat/vec4; draw_string_vec4
    %pushi/vec4 0, 0, 32; draw_string_vec4
    %concat/vec4; draw_string_vec4
    %pushi/vec4 0, 0, 32; draw_string_vec4
    %concat/vec4; draw_string_vec4
    %pushi/vec4 0, 0, 32; draw_string_vec4
    %concat/vec4; draw_string_vec4
    %pushi/vec4 0, 0, 32; draw_string_vec4
    %concat/vec4; draw_string_vec4
    %pushi/vec4 0, 0, 32; draw_string_vec4
    %concat/vec4; draw_string_vec4
    %pushi/vec4 0, 0, 32; draw_string_vec4
    %concat/vec4; draw_string_vec4
    %pushi/vec4 0, 0, 32; draw_string_vec4
    %concat/vec4; draw_string_vec4
    %pushi/vec4 0, 0, 32; draw_string_vec4
    %concat/vec4; draw_string_vec4
    %pushi/vec4 0, 0, 32; draw_string_vec4
    %concat/vec4; draw_string_vec4
    %pushi/vec4 0, 0, 32; draw_string_vec4
    %concat/vec4; draw_string_vec4
    %pushi/vec4 0, 0, 32; draw_string_vec4
    %concat/vec4; draw_string_vec4
    %pushi/vec4 0, 0, 32; draw_string_vec4
    %concat/vec4; draw_string_vec4
    %pushi/vec4 21093, 0, 32; draw_string_vec4
    %concat/vec4; draw_string_vec4
    %pushi/vec4 1633951842, 0, 32; draw_string_vec4
    %concat/vec4; draw_string_vec4
    %pushi/vec4 1633905440, 0, 32; draw_string_vec4
    %concat/vec4; draw_string_vec4
    %pushi/vec4 1936418167, 0, 32; draw_string_vec4
    %concat/vec4; draw_string_vec4
    %pushi/vec4 544698985, 0, 32; draw_string_vec4
    %concat/vec4; draw_string_vec4
    %pushi/vec4 1952784434, 0, 32; draw_string_vec4
    %concat/vec4; draw_string_vec4
    %store/vec4 v00000259705a7e10_0, 0, 640;
    %pushi/vec4 3149642683, 0, 32;
    %store/vec4 v00000259705a6150_0, 0, 32;
    %load/vec4 v00000259705a92e0_0;
    %store/vec4 v00000259705a7b90_0, 0, 32;
    %fork TD_axi_lite_slave_tb.check, S_00000259701ec3e0;
    %join;
    %vpi_call 2 329 "$display", "\012--- Test 8: Read Data Registration Verification ---" {0 0 0};
    %pushi/vec4 1431655765, 0, 32;
    %ix/load 4, 0, 0;
    %flag_set/imm 4, 0;
    %store/vec4a v00000259705a8b60, 4, 0;
    %pushi/vec4 0, 0, 10;
    %store/vec4 v0000025970508c00_0, 0, 10;
    %fork TD_axi_lite_slave_tb.bfm.axi_read, S_000002597053c940;
    %join;
    %load/vec4 v00000259705094c0_0;
    %store/vec4 v00000259705a92e0_0, 0, 32;
    %load/vec4 v0000025970508ca0_0;
    %store/vec4 v00000259705a8340_0, 0, 2;
    %pushi/vec4 0, 0, 32; draw_string_vec4
    %pushi/vec4 0, 0, 32; draw_string_vec4
    %concat/vec4; draw_string_vec4
    %pushi/vec4 0, 0, 32; draw_string_vec4
    %concat/vec4; draw_string_vec4
    %pushi/vec4 0, 0, 32; draw_string_vec4
    %concat/vec4; draw_string_vec4
    %pushi/vec4 0, 0, 32; draw_string_vec4
    %concat/vec4; draw_string_vec4
    %pushi/vec4 0, 0, 32; draw_string_vec4
    %concat/vec4; draw_string_vec4
    %pushi/vec4 0, 0, 32; draw_string_vec4
    %concat/vec4; draw_string_vec4
    %pushi/vec4 0, 0, 32; draw_string_vec4
    %concat/vec4; draw_string_vec4
    %pushi/vec4 0, 0, 32; draw_string_vec4
    %concat/vec4; draw_string_vec4
    %pushi/vec4 0, 0, 32; draw_string_vec4
    %concat/vec4; draw_string_vec4
    %pushi/vec4 0, 0, 32; draw_string_vec4
    %concat/vec4; draw_string_vec4
    %pushi/vec4 1382377321, 0, 32; draw_string_vec4
    %concat/vec4; draw_string_vec4
    %pushi/vec4 1937007986, 0, 32; draw_string_vec4
    %concat/vec4; draw_string_vec4
    %pushi/vec4 1701060690, 0, 32; draw_string_vec4
    %concat/vec4; draw_string_vec4
    %pushi/vec4 1145132097, 0, 32; draw_string_vec4
    %concat/vec4; draw_string_vec4
    %pushi/vec4 544367969, 0, 32; draw_string_vec4
    %concat/vec4; draw_string_vec4
    %pushi/vec4 1685266531, 0, 32; draw_string_vec4
    %concat/vec4; draw_string_vec4
    %pushi/vec4 1869771365, 0, 32; draw_string_vec4
    %concat/vec4; draw_string_vec4
    %pushi/vec4 1668554870, 0, 32; draw_string_vec4
    %concat/vec4; draw_string_vec4
    %pushi/vec4 1634497893, 0, 32; draw_string_vec4
    %concat/vec4; draw_string_vec4
    %store/vec4 v00000259705a7e10_0, 0, 640;
    %pushi/vec4 1431655765, 0, 32;
    %store/vec4 v00000259705a6150_0, 0, 32;
    %load/vec4 v00000259705a92e0_0;
    %store/vec4 v00000259705a7b90_0, 0, 32;
    %fork TD_axi_lite_slave_tb.check, S_00000259701ec3e0;
    %join;
    %pushi/vec4 0, 0, 32; draw_string_vec4
    %pushi/vec4 0, 0, 32; draw_string_vec4
    %concat/vec4; draw_string_vec4
    %pushi/vec4 0, 0, 32; draw_string_vec4
    %concat/vec4; draw_string_vec4
    %pushi/vec4 0, 0, 32; draw_string_vec4
    %concat/vec4; draw_string_vec4
    %pushi/vec4 0, 0, 32; draw_string_vec4
    %concat/vec4; draw_string_vec4
    %pushi/vec4 0, 0, 32; draw_string_vec4
    %concat/vec4; draw_string_vec4
    %pushi/vec4 0, 0, 32; draw_string_vec4
    %concat/vec4; draw_string_vec4
    %pushi/vec4 0, 0, 32; draw_string_vec4
    %concat/vec4; draw_string_vec4
    %pushi/vec4 0, 0, 32; draw_string_vec4
    %concat/vec4; draw_string_vec4
    %pushi/vec4 0, 0, 32; draw_string_vec4
    %concat/vec4; draw_string_vec4
    %pushi/vec4 0, 0, 32; draw_string_vec4
    %concat/vec4; draw_string_vec4
    %pushi/vec4 5399911, 0, 32; draw_string_vec4
    %concat/vec4; draw_string_vec4
    %pushi/vec4 1769174117, 0, 32; draw_string_vec4
    %concat/vec4; draw_string_vec4
    %pushi/vec4 1919247392, 0, 32; draw_string_vec4
    %concat/vec4; draw_string_vec4
    %pushi/vec4 1380204884, 0, 32; draw_string_vec4
    %concat/vec4; draw_string_vec4
    %pushi/vec4 1092645477, 0, 32; draw_string_vec4
    %concat/vec4; draw_string_vec4
    %pushi/vec4 1633951858, 0, 32; draw_string_vec4
    %concat/vec4; draw_string_vec4
    %pushi/vec4 1702064239, 0, 32; draw_string_vec4
    %concat/vec4; draw_string_vec4
    %pushi/vec4 1853056288, 0, 32; draw_string_vec4
    %concat/vec4; draw_string_vec4
    %pushi/vec4 1330331993, 0, 32; draw_string_vec4
    %concat/vec4; draw_string_vec4
    %store/vec4 v00000259705a7e10_0, 0, 640;
    %pushi/vec4 0, 0, 32;
    %store/vec4 v00000259705a6150_0, 0, 32;
    %load/vec4 v00000259705a8340_0;
    %pad/u 32;
    %store/vec4 v00000259705a7b90_0, 0, 32;
    %fork TD_axi_lite_slave_tb.check, S_00000259701ec3e0;
    %join;
    %vpi_call 2 341 "$display", "\012================================================" {0 0 0};
    %vpi_call 2 342 "$display", "  Results: %0d passed, %0d failed", v00000259705a9420_0, v00000259705a8ac0_0 {0 0 0};
    %vpi_call 2 343 "$display", "================================================" {0 0 0};
    %load/vec4 v00000259705a8ac0_0;
    %cmpi/e 0, 0, 32;
    %jmp/0xz  T_16.0, 4;
    %vpi_call 2 345 "$display", "  >>> ALL TESTS PASSED <<<" {0 0 0};
    %jmp T_16.1;
T_16.0 ;
    %vpi_call 2 347 "$display", "  >>> SOME TESTS FAILED <<<" {0 0 0};
T_16.1 ;
    %vpi_call 2 349 "$display", "================================================\012" {0 0 0};
    %vpi_call 2 350 "$finish" {0 0 0};
    %end;
    .thread T_16;
# The file index is used to find the file name in the following table.
:file_names 5;
    "N/A";
    "<interactive>";
    "tb/axi_lite_slave_tb.v";
    "tb/axi_lite_master_bfm.v";
    "rtl/axi_lite_slave.v";
