================================================
  Full Integration Testbench  (Phase 5)
================================================

--- TEST 1: Identity Weight Matrix ---
[PASS]                                                                 Identity RAW[ 0] : expected 0x0000000b, got 0x0000000b
[PASS]                                                                 Identity RAW[ 1] : expected 0x0000000c, got 0x0000000c
[PASS]                                                                 Identity RAW[ 2] : expected 0x0000000d, got 0x0000000d
[PASS]                                                                 Identity RAW[ 3] : expected 0x0000000e, got 0x0000000e
[PASS]                                                                 Identity RAW[ 4] : expected 0x0000000f, got 0x0000000f
[PASS]                                                                 Identity RAW[ 5] : expected 0x00000010, got 0x00000010
[PASS]                                                                 Identity RAW[ 6] : expected 0x00000011, got 0x00000011
[PASS]                                                                 Identity RAW[ 7] : expected 0x00000012, got 0x00000012
[PASS]                                                                 Identity RAW[ 8] : expected 0x00000015, got 0x00000015
[PASS]                                                                 Identity RAW[ 9] : expected 0x00000016, got 0x00000016
[PASS]                                                                 Identity RAW[10] : expected 0x00000017, got 0x00000017
[PASS]                                                                 Identity RAW[11] : expected 0x00000018, got 0x00000018
[PASS]                                                                 Identity RAW[12] : expected 0x00000019, got 0x00000019
[PASS]                                                                 Identity RAW[13] : expected 0x0000001a, got 0x0000001a
[PASS]                                                                 Identity RAW[14] : expected 0x0000001b, got 0x0000001b
[PASS]                                                                 Identity RAW[15] : expected 0x0000001c, got 0x0000001c
[PASS]                                                                 Identity RAW[16] : expected 0x0000001f, got 0x0000001f
[PASS]                                                                 Identity RAW[17] : expected 0x00000020, got 0x00000020
[PASS]                                                                 Identity RAW[18] : expected 0x00000021, got 0x00000021
[PASS]                                                                 Identity RAW[19] : expected 0x00000022, got 0x00000022
[PASS]                                                                 Identity RAW[20] : expected 0x00000023, got 0x00000023
[PASS]                                                                 Identity RAW[21] : expected 0x00000024, got 0x00000024
[PASS]                                                                 Identity RAW[22] : expected 0x00000025, got 0x00000025
[PASS]                                                                 Identity RAW[23] : expected 0x00000026, got 0x00000026
[PASS]                                                                 Identity RAW[24] : expected 0x00000029, got 0x00000029
[PASS]                                                                 Identity RAW[25] : expected 0x0000002a, got 0x0000002a
[PASS]                                                                 Identity RAW[26] : expected 0x0000002b, got 0x0000002b
[PASS]                                                                 Identity RAW[27] : expected 0x0000002c, got 0x0000002c
[PASS]                                                                 Identity RAW[28] : expected 0x0000002d, got 0x0000002d
[PASS]                                                                 Identity RAW[29] : expected 0x0000002e, got 0x0000002e
[PASS]                                                                 Identity RAW[30] : expected 0x0000002f, got 0x0000002f
[PASS]                                                                 Identity RAW[31] : expected 0x00000030, got 0x00000030
[PASS]                                                                 Identity RAW[32] : expected 0x00000033, got 0x00000033
[PASS]                                                                 Identity RAW[33] : expected 0x00000034, got 0x00000034
[PASS]                                                                 Identity RAW[34] : expected 0x00000035, got 0x00000035
[PASS]                                                                 Identity RAW[35] : expected 0x00000036, got 0x00000036
[PASS]                                                                 Identity RAW[36] : expected 0x00000037, got 0x00000037
[PASS]                                                                 Identity RAW[37] : expected 0x00000038, got 0x00000038
[PASS]                                                                 Identity RAW[38] : expected 0x00000039, got 0x00000039
[PASS]                                                                 Identity RAW[39] : expected 0x0000003a, got 0x0000003a
[PASS]                                                                 Identity RAW[40] : expected 0x0000003d, got 0x0000003d
[PASS]                                                                 Identity RAW[41] : expected 0x0000003e, got 0x0000003e
[PASS]                                                                 Identity RAW[42] : expected 0x0000003f, got 0x0000003f
[PASS]                                                                 Identity RAW[43] : expected 0x00000040, got 0x00000040
[PASS]                                                                 Identity RAW[44] : expected 0x00000041, got 0x00000041
[PASS]                                                                 Identity RAW[45] : expected 0x00000042, got 0x00000042
[PASS]                                                                 Identity RAW[46] : expected 0x00000043, got 0x00000043
[PASS]                                                                 Identity RAW[47] : expected 0x00000044, got 0x00000044
[PASS]                                                                 Identity RAW[48] : expected 0x00000047, got 0x00000047
[PASS]                                                                 Identity RAW[49] : expected 0x00000048, got 0x00000048
[PASS]                                                                 Identity RAW[50] : expected 0x00000049, got 0x00000049
[PASS]                                                                 Identity RAW[51] : expected 0x0000004a, got 0x0000004a
[PASS]                                                                 Identity RAW[52] : expected 0x0000004b, got 0x0000004b
[PASS]                                                                 Identity RAW[53] : expected 0x0000004c, got 0x0000004c
[PASS]                                                                 Identity RAW[54] : expected 0x0000004d, got 0x0000004d
[PASS]                                                                 Identity RAW[55] : expected 0x0000004e, got 0x0000004e
[PASS]                                                                 Identity RAW[56] : expected 0x00000051, got 0x00000051
[PASS]                                                                 Identity RAW[57] : expected 0x00000052, got 0x00000052
[PASS]                                                                 Identity RAW[58] : expected 0x00000053, got 0x00000053
[PASS]                                                                 Identity RAW[59] : expected 0x00000054, got 0x00000054
[PASS]                                                                 Identity RAW[60] : expected 0x00000055, got 0x00000055
[PASS]                                                                 Identity RAW[61] : expected 0x00000056, got 0x00000056
[PASS]                                                                 Identity RAW[62] : expected 0x00000057, got 0x00000057
[PASS]                                                                 Identity RAW[63] : expected 0x00000058, got 0x00000058

--- TEST 2: All Ones Weight Matrix ---
[PASS]                                                                 All-ones RAW[ 0] : expected 0x00000074, got 0x00000074
[PASS]                                                                 All-ones RAW[ 1] : expected 0x00000074, got 0x00000074
[PASS]                                                                 All-ones RAW[ 2] : expected 0x00000074, got 0x00000074
[PASS]                                                                 All-ones RAW[ 3] : expected 0x00000074, got 0x00000074
[PASS]                                                                 All-ones RAW[ 4] : expected 0x00000074, got 0x00000074
[PASS]                                                                 All-ones RAW[ 5] : expected 0x00000074, got 0x00000074
[PASS]                                                                 All-ones RAW[ 6] : expected 0x00000074, got 0x00000074
[PASS]                                                                 All-ones RAW[ 7] : expected 0x00000074, got 0x00000074
[PASS]                                                                 All-ones RAW[ 8] : expected 0x000000c4, got 0x000000c4
[PASS]                                                                 All-ones RAW[ 9] : expected 0x000000c4, got 0x000000c4
[PASS]                                                                 All-ones RAW[10] : expected 0x000000c4, got 0x000000c4
[PASS]                                                                 All-ones RAW[11] : expected 0x000000c4, got 0x000000c4
[PASS]                                                                 All-ones RAW[12] : expected 0x000000c4, got 0x000000c4
[PASS]                                                                 All-ones RAW[13] : expected 0x000000c4, got 0x000000c4
[PASS]                                                                 All-ones RAW[14] : expected 0x000000c4, got 0x000000c4
[PASS]                                                                 All-ones RAW[15] : expected 0x000000c4, got 0x000000c4
[PASS]                                                                 All-ones RAW[16] : expected 0x00000114, got 0x00000114
[PASS]                                                                 All-ones RAW[17] : expected 0x00000114, got 0x00000114
[PASS]                                                                 All-ones RAW[18] : expected 0x00000114, got 0x00000114
[PASS]                                                                 All-ones RAW[19] : expected 0x00000114, got 0x00000114
[PASS]                                                                 All-ones RAW[20] : expected 0x00000114, got 0x00000114
[PASS]                                                                 All-ones RAW[21] : expected 0x00000114, got 0x00000114
[PASS]                                                                 All-ones RAW[22] : expected 0x00000114, got 0x00000114
[PASS]                                                                 All-ones RAW[23] : expected 0x00000114, got 0x00000114
[PASS]                                                                 All-ones RAW[24] : expected 0x00000164, got 0x00000164
[PASS]                                                                 All-ones RAW[25] : expected 0x00000164, got 0x00000164
[PASS]                                                                 All-ones RAW[26] : expected 0x00000164, got 0x00000164
[PASS]                                                                 All-ones RAW[27] : expected 0x00000164, got 0x00000164
[PASS]                                                                 All-ones RAW[28] : expected 0x00000164, got 0x00000164
[PASS]                                                                 All-ones RAW[29] : expected 0x00000164, got 0x00000164
[PASS]                                                                 All-ones RAW[30] : expected 0x00000164, got 0x00000164
[PASS]                                                                 All-ones RAW[31] : expected 0x00000164, got 0x00000164
[PASS]                                                                 All-ones RAW[32] : expected 0x000001b4, got 0x000001b4
[PASS]                                                                 All-ones RAW[33] : expected 0x000001b4, got 0x000001b4
[PASS]                                                                 All-ones RAW[34] : expected 0x000001b4, got 0x000001b4
[PASS]                                                                 All-ones RAW[35] : expected 0x000001b4, got 0x000001b4
[PASS]                                                                 All-ones RAW[36] : expected 0x000001b4, got 0x000001b4
[PASS]                                                                 All-ones RAW[37] : expected 0x000001b4, got 0x000001b4
[PASS]                                                                 All-ones RAW[38] : expected 0x000001b4, got 0x000001b4
[PASS]                                                                 All-ones RAW[39] : expected 0x000001b4, got 0x000001b4
[PASS]                                                                 All-ones RAW[40] : expected 0x00000204, got 0x00000204
[PASS]                                                                 All-ones RAW[41] : expected 0x00000204, got 0x00000204
[PASS]                                                                 All-ones RAW[42] : expected 0x00000204, got 0x00000204
[PASS]                                                                 All-ones RAW[43] : expected 0x00000204, got 0x00000204
[PASS]                                                                 All-ones RAW[44] : expected 0x00000204, got 0x00000204
[PASS]                                                                 All-ones RAW[45] : expected 0x00000204, got 0x00000204
[PASS]                                                                 All-ones RAW[46] : expected 0x00000204, got 0x00000204
[PASS]                                                                 All-ones RAW[47] : expected 0x00000204, got 0x00000204
[PASS]                                                                 All-ones RAW[48] : expected 0x00000254, got 0x00000254
[PASS]                                                                 All-ones RAW[49] : expected 0x00000254, got 0x00000254
[PASS]                                                                 All-ones RAW[50] : expected 0x00000254, got 0x00000254
[PASS]                                                                 All-ones RAW[51] : expected 0x00000254, got 0x00000254
[PASS]                                                                 All-ones RAW[52] : expected 0x00000254, got 0x00000254
[PASS]                                                                 All-ones RAW[53] : expected 0x00000254, got 0x00000254
[PASS]                                                                 All-ones RAW[54] : expected 0x00000254, got 0x00000254
[PASS]                                                                 All-ones RAW[55] : expected 0x00000254, got 0x00000254
[PASS]                                                                 All-ones RAW[56] : expected 0x000002a4, got 0x000002a4
[PASS]                                                                 All-ones RAW[57] : expected 0x000002a4, got 0x000002a4
[PASS]                                                                 All-ones RAW[58] : expected 0x000002a4, got 0x000002a4
[PASS]                                                                 All-ones RAW[59] : expected 0x000002a4, got 0x000002a4
[PASS]                                                                 All-ones RAW[60] : expected 0x000002a4, got 0x000002a4
[PASS]                                                                 All-ones RAW[61] : expected 0x000002a4, got 0x000002a4
[PASS]                                                                 All-ones RAW[62] : expected 0x000002a4, got 0x000002a4
[PASS]                                                                 All-ones RAW[63] : expected 0x000002a4, got 0x000002a4

--- TEST 3: Ramp Weight Matrix ---
[PASS]                                                                     Ramp RAW[ 0] : expected 0x000001c0, got 0x000001c0
[PASS]                                                                     Ramp RAW[ 1] : expected 0x00000234, got 0x00000234
[PASS]                                                                     Ramp RAW[ 2] : expected 0x000002a8, got 0x000002a8
[PASS]                                                                     Ramp RAW[ 3] : expected 0x0000031c, got 0x0000031c
[PASS]                                                                     Ramp RAW[ 4] : expected 0x00000390, got 0x00000390
[PASS]                                                                     Ramp RAW[ 5] : expected 0x00000404, got 0x00000404
[PASS]                                                                     Ramp RAW[ 6] : expected 0x00000478, got 0x00000478
[PASS]                                                                     Ramp RAW[ 7] : expected 0x000004ec, got 0x000004ec
[PASS]                                                                     Ramp RAW[ 8] : expected 0x000002d8, got 0x000002d8
[PASS]                                                                     Ramp RAW[ 9] : expected 0x0000039c, got 0x0000039c
[PASS]                                                                     Ramp RAW[10] : expected 0x00000460, got 0x00000460
[PASS]                                                                     Ramp RAW[11] : expected 0x00000524, got 0x00000524
[PASS]                                                                     Ramp RAW[12] : expected 0x000005e8, got 0x000005e8
[PASS]                                                                     Ramp RAW[13] : expected 0x000006ac, got 0x000006ac
[PASS]                                                                     Ramp RAW[14] : expected 0x00000770, got 0x00000770
[PASS]                                                                     Ramp RAW[15] : expected 0x00000834, got 0x00000834
[PASS]                                                                     Ramp RAW[16] : expected 0x000003f0, got 0x000003f0
[PASS]                                                                     Ramp RAW[17] : expected 0x00000504, got 0x00000504
[PASS]                                                                     Ramp RAW[18] : expected 0x00000618, got 0x00000618
[PASS]                                                                     Ramp RAW[19] : expected 0x0000072c, got 0x0000072c
[PASS]                                                                     Ramp RAW[20] : expected 0x00000840, got 0x00000840
[PASS]                                                                     Ramp RAW[21] : expected 0x00000954, got 0x00000954
[PASS]                                                                     Ramp RAW[22] : expected 0x00000a68, got 0x00000a68
[PASS]                                                                     Ramp RAW[23] : expected 0x00000b7c, got 0x00000b7c
[PASS]                                                                     Ramp RAW[24] : expected 0x00000508, got 0x00000508
[PASS]                                                                     Ramp RAW[25] : expected 0x0000066c, got 0x0000066c
[PASS]                                                                     Ramp RAW[26] : expected 0x000007d0, got 0x000007d0
[PASS]                                                                     Ramp RAW[27] : expected 0x00000934, got 0x00000934
[PASS]                                                                     Ramp RAW[28] : expected 0x00000a98, got 0x00000a98
[PASS]                                                                     Ramp RAW[29] : expected 0x00000bfc, got 0x00000bfc
[PASS]                                                                     Ramp RAW[30] : expected 0x00000d60, got 0x00000d60
[PASS]                                                                     Ramp RAW[31] : expected 0x00000ec4, got 0x00000ec4
[PASS]                                                                     Ramp RAW[32] : expected 0x00000620, got 0x00000620
[PASS]                                                                     Ramp RAW[33] : expected 0x000007d4, got 0x000007d4
[PASS]                                                                     Ramp RAW[34] : expected 0x00000988, got 0x00000988
[PASS]                                                                     Ramp RAW[35] : expected 0x00000b3c, got 0x00000b3c
[PASS]                                                                     Ramp RAW[36] : expected 0x00000cf0, got 0x00000cf0
[PASS]                                                                     Ramp RAW[37] : expected 0x00000ea4, got 0x00000ea4
[PASS]                                                                     Ramp RAW[38] : expected 0x00001058, got 0x00001058
[PASS]                                                                     Ramp RAW[39] : expected 0x0000120c, got 0x0000120c
[PASS]                                                                     Ramp RAW[40] : expected 0x00000738, got 0x00000738
[PASS]                                                                     Ramp RAW[41] : expected 0x0000093c, got 0x0000093c
[PASS]                                                                     Ramp RAW[42] : expected 0x00000b40, got 0x00000b40
[PASS]                                                                     Ramp RAW[43] : expected 0x00000d44, got 0x00000d44
[PASS]                                                                     Ramp RAW[44] : expected 0x00000f48, got 0x00000f48
[PASS]                                                                     Ramp RAW[45] : expected 0x0000114c, got 0x0000114c
[PASS]                                                                     Ramp RAW[46] : expected 0x00001350, got 0x00001350
[PASS]                                                                     Ramp RAW[47] : expected 0x00001554, got 0x00001554
[PASS]                                                                     Ramp RAW[48] : expected 0x00000850, got 0x00000850
[PASS]                                                                     Ramp RAW[49] : expected 0x00000aa4, got 0x00000aa4
[PASS]                                                                     Ramp RAW[50] : expected 0x00000cf8, got 0x00000cf8
[PASS]                                                                     Ramp RAW[51] : expected 0x00000f4c, got 0x00000f4c
[PASS]                                                                     Ramp RAW[52] : expected 0x000011a0, got 0x000011a0
[PASS]                                                                     Ramp RAW[53] : expected 0x000013f4, got 0x000013f4
[PASS]                                                                     Ramp RAW[54] : expected 0x00001648, got 0x00001648
[PASS]                                                                     Ramp RAW[55] : expected 0x0000189c, got 0x0000189c
[PASS]                                                                     Ramp RAW[56] : expected 0x00000968, got 0x00000968
[PASS]                                                                     Ramp RAW[57] : expected 0x00000c0c, got 0x00000c0c
[PASS]                                                                     Ramp RAW[58] : expected 0x00000eb0, got 0x00000eb0
[PASS]                                                                     Ramp RAW[59] : expected 0x00001154, got 0x00001154
[PASS]                                                                     Ramp RAW[60] : expected 0x000013f8, got 0x000013f8
[PASS]                                                                     Ramp RAW[61] : expected 0x0000169c, got 0x0000169c
[PASS]                                                                     Ramp RAW[62] : expected 0x00001940, got 0x00001940
[PASS]                                                                     Ramp RAW[63] : expected 0x00001be4, got 0x00001be4

================================================
  Results: 192 passed, 0 failed
================================================
  >>> ALL TESTS PASSED <<<
================================================

tb/accelerator_top_tb.v:285: $finish called at 18875000 (1ps)
